!Sorted Bootstrap Resuls for 2000_8000
!No     rate_boot
   1    -5.125e-07
   2    -3.846e-07
   3    -2.290e-07
   4    -8.821e-08
   5     5.173e-08
   6     1.328e-07
   7     1.563e-07
   8     3.633e-07
   9     3.711e-07
  10     4.028e-07
  11     4.069e-07
  12     4.099e-07
  13     4.584e-07
  14     5.196e-07
  15     5.255e-07
  16     5.331e-07
  17     5.441e-07
  18     6.223e-07
  19     6.223e-07
  20     6.798e-07
  21     6.834e-07
  22     7.706e-07
  23     7.706e-07
  24     7.807e-07
  25     8.085e-07
  26     8.338e-07
  27     8.356e-07
  28     8.513e-07
  29     8.685e-07
  30     8.747e-07
  31     8.853e-07
  32     8.899e-07
  33     8.970e-07
  34     9.094e-07
  35     9.103e-07
  36     9.175e-07
  37     9.215e-07
  38     9.587e-07
  39     9.816e-07
  40     1.038e-06
  41     1.040e-06
  42     1.042e-06
  43     1.096e-06
  44     1.103e-06
  45     1.119e-06
  46     1.119e-06
  47     1.139e-06
  48     1.188e-06
  49     1.188e-06
  50     1.210e-06
  51     1.238e-06
  52     1.247e-06
  53     1.256e-06
  54     1.285e-06
  55     1.286e-06
  56     1.286e-06
  57     1.301e-06
  58     1.302e-06
  59     1.317e-06
  60     1.320e-06
  61     1.339e-06
  62     1.346e-06
  63     1.389e-06
  64     1.403e-06
  65     1.425e-06
  66     1.437e-06
  67     1.437e-06
  68     1.451e-06
  69     1.478e-06
  70     1.492e-06
  71     1.497e-06
  72     1.497e-06
  73     1.498e-06
  74     1.506e-06
  75     1.510e-06
  76     1.512e-06
  77     1.514e-06
  78     1.517e-06
  79     1.534e-06
  80     1.552e-06
  81     1.561e-06
  82     1.582e-06
  83     1.593e-06
  84     1.607e-06
  85     1.610e-06
  86     1.622e-06
  87     1.630e-06
  88     1.634e-06
  89     1.643e-06
  90     1.654e-06
  91     1.666e-06
  92     1.679e-06
  93     1.685e-06
  94     1.692e-06
  95     1.711e-06
  96     1.711e-06
  97     1.711e-06
  98     1.726e-06
  99     1.730e-06
 100     1.730e-06
 101     1.739e-06
 102     1.763e-06
 103     1.763e-06
 104     1.767e-06
 105     1.777e-06
 106     1.789e-06
 107     1.812e-06
 108     1.822e-06
 109     1.835e-06
 110     1.840e-06
 111     1.840e-06
 112     1.850e-06
 113     1.855e-06
 114     1.863e-06
 115     1.869e-06
 116     1.874e-06
 117     1.887e-06
 118     1.890e-06
 119     1.897e-06
 120     1.899e-06
 121     1.934e-06
 122     1.935e-06
 123     1.948e-06
 124     1.949e-06
 125     1.957e-06
 126     1.960e-06
 127     1.962e-06
 128     1.968e-06
 129     1.973e-06
 130     1.973e-06
 131     1.990e-06
 132     1.995e-06
 133     2.007e-06
 134     2.008e-06
 135     2.011e-06
 136     2.021e-06
 137     2.034e-06
 138     2.038e-06
 139     2.040e-06
 140     2.047e-06
 141     2.055e-06
 142     2.066e-06
 143     2.067e-06
 144     2.067e-06
 145     2.074e-06
 146     2.081e-06
 147     2.081e-06
 148     2.088e-06
 149     2.088e-06
 150     2.088e-06
 151     2.097e-06
 152     2.100e-06
 153     2.102e-06
 154     2.108e-06
 155     2.110e-06
 156     2.111e-06
 157     2.118e-06
 158     2.118e-06
 159     2.121e-06
 160     2.132e-06
 161     2.133e-06
 162     2.156e-06
 163     2.156e-06
 164     2.156e-06
 165     2.165e-06
 166     2.170e-06
 167     2.175e-06
 168     2.181e-06
 169     2.186e-06
 170     2.194e-06
 171     2.203e-06
 172     2.220e-06
 173     2.234e-06
 174     2.239e-06
 175     2.240e-06
 176     2.242e-06
 177     2.249e-06
 178     2.258e-06
 179     2.264e-06
 180     2.265e-06
 181     2.269e-06
 182     2.271e-06
 183     2.274e-06
 184     2.279e-06
 185     2.291e-06
 186     2.298e-06
 187     2.329e-06
 188     2.329e-06
 189     2.351e-06
 190     2.359e-06
 191     2.380e-06
 192     2.381e-06
 193     2.393e-06
 194     2.394e-06
 195     2.401e-06
 196     2.402e-06
 197     2.406e-06
 198     2.415e-06
 199     2.439e-06
 200     2.439e-06
 201     2.446e-06
 202     2.454e-06
 203     2.456e-06
 204     2.470e-06
 205     2.479e-06
 206     2.480e-06
 207     2.481e-06
 208     2.495e-06
 209     2.495e-06
 210     2.508e-06
 211     2.514e-06
 212     2.514e-06
 213     2.523e-06
 214     2.546e-06
 215     2.551e-06
 216     2.569e-06
 217     2.573e-06
 218     2.582e-06
 219     2.583e-06
 220     2.586e-06
 221     2.592e-06
 222     2.593e-06
 223     2.598e-06
 224     2.605e-06
 225     2.616e-06
 226     2.616e-06
 227     2.621e-06
 228     2.626e-06
 229     2.626e-06
 230     2.632e-06
 231     2.632e-06
 232     2.637e-06
 233     2.643e-06
 234     2.643e-06
 235     2.647e-06
 236     2.648e-06
 237     2.658e-06
 238     2.662e-06
 239     2.672e-06
 240     2.676e-06
 241     2.676e-06
 242     2.680e-06
 243     2.680e-06
 244     2.680e-06
 245     2.683e-06
 246     2.684e-06
 247     2.705e-06
 248     2.716e-06
 249     2.718e-06
 250     2.748e-06
 251     2.749e-06
 252     2.750e-06
 253     2.750e-06
 254     2.754e-06
 255     2.754e-06
 256     2.762e-06
 257     2.776e-06
 258     2.777e-06
 259     2.780e-06
 260     2.785e-06
 261     2.788e-06
 262     2.788e-06
 263     2.798e-06
 264     2.812e-06
 265     2.812e-06
 266     2.812e-06
 267     2.835e-06
 268     2.837e-06
 269     2.844e-06
 270     2.844e-06
 271     2.870e-06
 272     2.872e-06
 273     2.887e-06
 274     2.887e-06
 275     2.887e-06
 276     2.893e-06
 277     2.894e-06
 278     2.895e-06
 279     2.899e-06
 280     2.900e-06
 281     2.908e-06
 282     2.921e-06
 283     2.941e-06
 284     2.943e-06
 285     2.946e-06
 286     2.947e-06
 287     2.951e-06
 288     2.958e-06
 289     2.962e-06
 290     2.963e-06
 291     2.963e-06
 292     2.964e-06
 293     2.965e-06
 294     2.976e-06
 295     2.980e-06
 296     2.983e-06
 297     2.988e-06
 298     2.993e-06
 299     2.999e-06
 300     3.005e-06
 301     3.014e-06
 302     3.021e-06
 303     3.022e-06
 304     3.026e-06
 305     3.027e-06
 306     3.028e-06
 307     3.036e-06
 308     3.036e-06
 309     3.076e-06
 310     3.081e-06
 311     3.086e-06
 312     3.091e-06
 313     3.100e-06
 314     3.102e-06
 315     3.103e-06
 316     3.103e-06
 317     3.103e-06
 318     3.110e-06
 319     3.110e-06
 320     3.145e-06
 321     3.154e-06
 322     3.156e-06
 323     3.166e-06
 324     3.167e-06
 325     3.168e-06
 326     3.170e-06
 327     3.170e-06
 328     3.171e-06
 329     3.177e-06
 330     3.184e-06
 331     3.190e-06
 332     3.212e-06
 333     3.215e-06
 334     3.218e-06
 335     3.231e-06
 336     3.232e-06
 337     3.237e-06
 338     3.240e-06
 339     3.255e-06
 340     3.268e-06
 341     3.270e-06
 342     3.276e-06
 343     3.285e-06
 344     3.291e-06
 345     3.293e-06
 346     3.296e-06
 347     3.296e-06
 348     3.311e-06
 349     3.311e-06
 350     3.312e-06
 351     3.317e-06
 352     3.321e-06
 353     3.337e-06
 354     3.351e-06
 355     3.363e-06
 356     3.384e-06
 357     3.386e-06
 358     3.395e-06
 359     3.413e-06
 360     3.416e-06
 361     3.426e-06
 362     3.442e-06
 363     3.450e-06
 364     3.455e-06
 365     3.460e-06
 366     3.477e-06
 367     3.481e-06
 368     3.481e-06
 369     3.483e-06
 370     3.493e-06
 371     3.498e-06
 372     3.510e-06
 373     3.521e-06
 374     3.521e-06
 375     3.525e-06
 376     3.526e-06
 377     3.548e-06
 378     3.551e-06
 379     3.552e-06
 380     3.560e-06
 381     3.586e-06
 382     3.599e-06
 383     3.607e-06
 384     3.608e-06
 385     3.628e-06
 386     3.646e-06
 387     3.648e-06
 388     3.648e-06
 389     3.669e-06
 390     3.669e-06
 391     3.675e-06
 392     3.675e-06
 393     3.688e-06
 394     3.694e-06
 395     3.722e-06
 396     3.729e-06
 397     3.732e-06
 398     3.739e-06
 399     3.741e-06
 400     3.742e-06
 401     3.745e-06
 402     3.753e-06
 403     3.784e-06
 404     3.785e-06
 405     3.812e-06
 406     3.823e-06
 407     3.847e-06
 408     3.847e-06
 409     3.856e-06
 410     3.862e-06
 411     3.866e-06
 412     3.871e-06
 413     3.877e-06
 414     3.877e-06
 415     3.879e-06
 416     3.883e-06
 417     3.884e-06
 418     3.891e-06
 419     3.898e-06
 420     3.907e-06
 421     3.912e-06
 422     3.933e-06
 423     3.937e-06
 424     3.945e-06
 425     3.954e-06
 426     3.958e-06
 427     3.966e-06
 428     3.984e-06
 429     3.991e-06
 430     4.002e-06
 431     4.022e-06
 432     4.022e-06
 433     4.035e-06
 434     4.068e-06
 435     4.088e-06
 436     4.112e-06
 437     4.135e-06
 438     4.138e-06
 439     4.145e-06
 440     4.148e-06
 441     4.170e-06
 442     4.171e-06
 443     4.177e-06
 444     4.177e-06
 445     4.212e-06
 446     4.220e-06
 447     4.231e-06
 448     4.285e-06
 449     4.296e-06
 450     4.307e-06
 451     4.308e-06
 452     4.308e-06
 453     4.312e-06
 454     4.341e-06
 455     4.359e-06
 456     4.375e-06
 457     4.407e-06
 458     4.418e-06
 459     4.425e-06
 460     4.477e-06
 461     4.481e-06
 462     4.483e-06
 463     4.534e-06
 464     4.560e-06
 465     4.571e-06
 466     4.597e-06
 467     4.599e-06
 468     4.651e-06
 469     4.664e-06
 470     4.671e-06
 471     4.672e-06
 472     4.706e-06
 473     4.710e-06
 474     4.754e-06
 475     4.804e-06
 476     4.823e-06
 477     4.832e-06
 478     4.897e-06
 479     4.945e-06
 480     4.958e-06
 481     4.976e-06
 482     4.981e-06
 483     5.066e-06
 484     5.084e-06
 485     5.124e-06
 486     5.150e-06
 487     5.186e-06
 488     5.329e-06
 489     5.346e-06
 490     5.467e-06
 491     5.580e-06
 492     5.669e-06
 493     5.695e-06
 494     5.754e-06
 495     5.831e-06
 496     5.842e-06
 497     5.912e-06
 498     5.953e-06
 499     6.201e-06
 500     6.393e-06
!Created by ./stackanalysis_v4.pl in Users/CDFNmaster_nx769ij
