!Sorted Bootstrap Resuls for 500_2000
!No     rate_boot
   1    -1.732e-06
   2    -1.688e-06
   3    -1.674e-06
   4    -1.528e-06
   5    -1.518e-06
   6    -1.481e-06
   7    -1.442e-06
   8    -1.413e-06
   9    -1.279e-06
  10    -1.215e-06
  11    -1.198e-06
  12    -1.154e-06
  13    -1.149e-06
  14    -1.114e-06
  15    -1.043e-06
  16    -1.042e-06
  17    -1.033e-06
  18    -9.831e-07
  19    -9.745e-07
  20    -9.745e-07
  21    -9.628e-07
  22    -9.556e-07
  23    -9.385e-07
  24    -9.140e-07
  25    -8.979e-07
  26    -8.725e-07
  27    -8.558e-07
  28    -8.315e-07
  29    -8.271e-07
  30    -8.256e-07
  31    -8.253e-07
  32    -8.251e-07
  33    -8.251e-07
  34    -8.149e-07
  35    -8.032e-07
  36    -7.976e-07
  37    -7.976e-07
  38    -7.963e-07
  39    -7.878e-07
  40    -7.878e-07
  41    -7.878e-07
  42    -7.864e-07
  43    -7.864e-07
  44    -7.843e-07
  45    -7.748e-07
  46    -7.733e-07
  47    -7.720e-07
  48    -7.632e-07
  49    -7.602e-07
  50    -7.570e-07
  51    -7.519e-07
  52    -7.499e-07
  53    -7.364e-07
  54    -7.330e-07
  55    -7.127e-07
  56    -6.957e-07
  57    -6.579e-07
  58    -6.555e-07
  59    -6.529e-07
  60    -6.430e-07
  61    -6.257e-07
  62    -6.251e-07
  63    -6.140e-07
  64    -6.135e-07
  65    -6.122e-07
  66    -6.060e-07
  67    -6.031e-07
  68    -6.029e-07
  69    -6.017e-07
  70    -6.006e-07
  71    -5.967e-07
  72    -5.913e-07
  73    -5.894e-07
  74    -5.894e-07
  75    -5.827e-07
  76    -5.790e-07
  77    -5.752e-07
  78    -5.715e-07
  79    -5.715e-07
  80    -5.689e-07
  81    -5.611e-07
  82    -5.595e-07
  83    -5.559e-07
  84    -5.515e-07
  85    -5.495e-07
  86    -5.452e-07
  87    -5.380e-07
  88    -5.364e-07
  89    -4.825e-07
  90    -4.629e-07
  91    -4.540e-07
  92    -4.451e-07
  93    -4.252e-07
  94    -4.252e-07
  95    -4.200e-07
  96    -4.157e-07
  97    -4.153e-07
  98    -4.110e-07
  99    -4.096e-07
 100    -4.096e-07
 101    -4.084e-07
 102    -4.013e-07
 103    -4.001e-07
 104    -4.001e-07
 105    -3.953e-07
 106    -3.927e-07
 107    -3.921e-07
 108    -3.903e-07
 109    -3.903e-07
 110    -3.843e-07
 111    -3.797e-07
 112    -3.797e-07
 113    -3.771e-07
 114    -3.751e-07
 115    -3.697e-07
 116    -3.694e-07
 117    -3.681e-07
 118    -3.642e-07
 119    -3.642e-07
 120    -3.633e-07
 121    -3.582e-07
 122    -3.578e-07
 123    -3.578e-07
 124    -3.566e-07
 125    -3.533e-07
 126    -3.517e-07
 127    -3.404e-07
 128    -3.338e-07
 129    -3.311e-07
 130    -3.298e-07
 131    -3.254e-07
 132    -3.178e-07
 133    -3.137e-07
 134    -2.970e-07
 135    -2.447e-07
 136    -2.418e-07
 137    -2.346e-07
 138    -2.346e-07
 139    -2.338e-07
 140    -2.267e-07
 141    -2.245e-07
 142    -2.245e-07
 143    -2.197e-07
 144    -2.158e-07
 145    -2.130e-07
 146    -2.130e-07
 147    -2.097e-07
 148    -2.066e-07
 149    -2.066e-07
 150    -2.008e-07
 151    -1.999e-07
 152    -1.961e-07
 153    -1.959e-07
 154    -1.952e-07
 155    -1.897e-07
 156    -1.835e-07
 157    -1.830e-07
 158    -1.780e-07
 159    -1.728e-07
 160    -1.662e-07
 161    -1.648e-07
 162    -1.614e-07
 163    -1.591e-07
 164    -1.555e-07
 165    -1.549e-07
 166    -1.540e-07
 167    -1.531e-07
 168    -1.439e-07
 169    -1.435e-07
 170    -1.408e-07
 171    -1.402e-07
 172    -1.402e-07
 173    -1.402e-07
 174    -1.370e-07
 175    -1.361e-07
 176    -1.353e-07
 177    -1.333e-07
 178    -1.332e-07
 179    -1.324e-07
 180    -1.252e-07
 181    -1.239e-07
 182    -1.231e-07
 183    -1.216e-07
 184    -1.206e-07
 185    -1.135e-07
 186    -1.132e-07
 187    -1.130e-07
 188    -1.086e-07
 189    -8.303e-08
 190    -8.013e-08
 191    -7.955e-08
 192    -7.180e-08
 193    -4.389e-08
 194    -3.873e-08
 195    -3.618e-08
 196    -3.584e-08
 197    -3.246e-08
 198    -3.200e-08
 199    -2.077e-08
 200    -9.059e-09
 201    -9.897e-10
 202     1.502e-09
 203     4.373e-09
 204     6.049e-09
 205     1.100e-08
 206     1.285e-08
 207     1.578e-08
 208     1.814e-08
 209     1.952e-08
 210     1.974e-08
 211     2.047e-08
 212     2.188e-08
 213     2.625e-08
 214     3.152e-08
 215     3.246e-08
 216     3.502e-08
 217     3.707e-08
 218     3.776e-08
 219     4.508e-08
 220     4.710e-08
 221     5.154e-08
 222     6.044e-08
 223     6.056e-08
 224     6.577e-08
 225     6.640e-08
 226     7.057e-08
 227     7.121e-08
 228     7.220e-08
 229     7.220e-08
 230     7.678e-08
 231     8.375e-08
 232     8.455e-08
 233     8.503e-08
 234     8.974e-08
 235     9.080e-08
 236     9.170e-08
 237     1.015e-07
 238     1.037e-07
 239     1.060e-07
 240     1.067e-07
 241     1.118e-07
 242     1.126e-07
 243     1.180e-07
 244     1.184e-07
 245     1.191e-07
 246     1.191e-07
 247     1.247e-07
 248     1.288e-07
 249     1.333e-07
 250     1.575e-07
 251     1.784e-07
 252     1.816e-07
 253     1.925e-07
 254     1.976e-07
 255     2.052e-07
 256     2.138e-07
 257     2.146e-07
 258     2.257e-07
 259     2.339e-07
 260     2.339e-07
 261     2.345e-07
 262     2.359e-07
 263     2.359e-07
 264     2.388e-07
 265     2.423e-07
 266     2.438e-07
 267     2.468e-07
 268     2.476e-07
 269     2.483e-07
 270     2.493e-07
 271     2.493e-07
 272     2.498e-07
 273     2.510e-07
 274     2.519e-07
 275     2.529e-07
 276     2.589e-07
 277     2.611e-07
 278     2.643e-07
 279     2.719e-07
 280     2.741e-07
 281     2.746e-07
 282     2.862e-07
 283     2.869e-07
 284     2.869e-07
 285     2.872e-07
 286     2.874e-07
 287     2.887e-07
 288     2.893e-07
 289     2.991e-07
 290     2.993e-07
 291     3.007e-07
 292     3.008e-07
 293     3.131e-07
 294     3.136e-07
 295     3.225e-07
 296     3.267e-07
 297     3.488e-07
 298     3.501e-07
 299     3.548e-07
 300     3.746e-07
 301     3.836e-07
 302     3.882e-07
 303     3.904e-07
 304     3.967e-07
 305     4.004e-07
 306     4.033e-07
 307     4.089e-07
 308     4.089e-07
 309     4.146e-07
 310     4.149e-07
 311     4.184e-07
 312     4.385e-07
 313     4.424e-07
 314     4.424e-07
 315     4.473e-07
 316     4.555e-07
 317     4.555e-07
 318     4.565e-07
 319     4.569e-07
 320     4.585e-07
 321     4.594e-07
 322     4.598e-07
 323     4.613e-07
 324     4.660e-07
 325     4.738e-07
 326     4.762e-07
 327     4.848e-07
 328     4.903e-07
 329     4.997e-07
 330     5.027e-07
 331     5.108e-07
 332     5.158e-07
 333     5.266e-07
 334     5.266e-07
 335     5.266e-07
 336     5.297e-07
 337     5.307e-07
 338     5.408e-07
 339     5.435e-07
 340     5.439e-07
 341     5.459e-07
 342     5.509e-07
 343     5.646e-07
 344     5.785e-07
 345     5.829e-07
 346     5.829e-07
 347     5.838e-07
 348     5.839e-07
 349     5.846e-07
 350     5.921e-07
 351     5.967e-07
 352     6.040e-07
 353     6.110e-07
 354     6.248e-07
 355     6.255e-07
 356     6.305e-07
 357     6.314e-07
 358     6.315e-07
 359     6.392e-07
 360     6.392e-07
 361     6.459e-07
 362     6.459e-07
 363     6.537e-07
 364     6.561e-07
 365     6.594e-07
 366     6.594e-07
 367     6.601e-07
 368     6.662e-07
 369     6.788e-07
 370     6.815e-07
 371     6.908e-07
 372     6.923e-07
 373     6.947e-07
 374     7.035e-07
 375     7.069e-07
 376     7.100e-07
 377     7.110e-07
 378     7.119e-07
 379     7.168e-07
 380     7.209e-07
 381     7.209e-07
 382     7.212e-07
 383     7.219e-07
 384     7.263e-07
 385     7.493e-07
 386     7.504e-07
 387     7.577e-07
 388     7.648e-07
 389     7.710e-07
 390     7.710e-07
 391     7.734e-07
 392     7.758e-07
 393     7.815e-07
 394     7.871e-07
 395     7.928e-07
 396     8.449e-07
 397     8.491e-07
 398     8.533e-07
 399     8.609e-07
 400     8.699e-07
 401     8.924e-07
 402     8.924e-07
 403     8.986e-07
 404     9.078e-07
 405     9.086e-07
 406     9.099e-07
 407     9.115e-07
 408     9.115e-07
 409     9.142e-07
 410     9.145e-07
 411     9.369e-07
 412     9.395e-07
 413     9.408e-07
 414     9.446e-07
 415     9.536e-07
 416     9.588e-07
 417     9.676e-07
 418     9.693e-07
 419     9.836e-07
 420     9.851e-07
 421     1.009e-06
 422     1.010e-06
 423     1.014e-06
 424     1.015e-06
 425     1.016e-06
 426     1.016e-06
 427     1.044e-06
 428     1.060e-06
 429     1.062e-06
 430     1.062e-06
 431     1.062e-06
 432     1.080e-06
 433     1.083e-06
 434     1.083e-06
 435     1.102e-06
 436     1.110e-06
 437     1.119e-06
 438     1.133e-06
 439     1.142e-06
 440     1.145e-06
 441     1.145e-06
 442     1.163e-06
 443     1.168e-06
 444     1.168e-06
 445     1.170e-06
 446     1.177e-06
 447     1.190e-06
 448     1.224e-06
 449     1.233e-06
 450     1.237e-06
 451     1.238e-06
 452     1.239e-06
 453     1.241e-06
 454     1.280e-06
 455     1.299e-06
 456     1.307e-06
 457     1.313e-06
 458     1.316e-06
 459     1.319e-06
 460     1.329e-06
 461     1.339e-06
 462     1.343e-06
 463     1.354e-06
 464     1.368e-06
 465     1.371e-06
 466     1.376e-06
 467     1.396e-06
 468     1.414e-06
 469     1.416e-06
 470     1.429e-06
 471     1.447e-06
 472     1.452e-06
 473     1.467e-06
 474     1.476e-06
 475     1.502e-06
 476     1.517e-06
 477     1.518e-06
 478     1.528e-06
 479     1.533e-06
 480     1.545e-06
 481     1.558e-06
 482     1.591e-06
 483     1.603e-06
 484     1.610e-06
 485     1.610e-06
 486     1.611e-06
 487     1.611e-06
 488     1.681e-06
 489     1.765e-06
 490     1.884e-06
 491     1.892e-06
 492     1.905e-06
 493     2.039e-06
 494     2.048e-06
 495     2.066e-06
 496     2.072e-06
 497     2.122e-06
 498     2.319e-06
 499     2.437e-06
 500     2.615e-06
!Created by ./stackanalysis_v4.pl in Users/CDFNmaster_nx769ij
