! Summary of image counts for Job= GOODS_N_9771_kW017JV
! Source File: GOODS_N_9771_cstack.fits      X-ray Band: 500_2000
! Source from <-9 asec  Background from >= 7.0 arcsec
! Pixel_size= 0.492000000000012 arcsec
! Poststamp_img_size=60x60 (pix) 30.0x30.0 (arcsec)
! src_rate= (cts_src/exp_src-cts_bkg/exp_bkg/px_bkg*px_src)/ecf (for each field,lbl=n)
!         = (wgt*exp_src)-weighted mean of used fields (lbl=sum) or objects (lbl=All).
! UL90: 90 percent Bayasian upper limit in c/s
! *** Note: cts_src,exp_src,px_src,cts_bkg,exp_bkg px_bkg and ul90b not weighted.            
!Obj_name     lbl  rad cts_src  exp_src  px_src cts_bkg  exp_bkg  px_bkg  src_rate    wgt    ecf offax     ul90b  Field/Comm 
!                (asec)  (cts)   (sec)    (pix)   (cts)   (sec)    (pix)    (c/s)               (amin)     (c/s)
 GOODS_N_9771    1  1.1       1 6.67e+05       13     105 6.61e+05     3080  9.20e-07 1.0e+00 0.900  2.03 -9.99e+00 cdfn_r040/OK
 GOODS_N_9771    2  2.1       3 6.11e+05       61     120 6.94e+05     3080  1.65e-06 1.0e+00 0.900  3.68 -9.99e+00 cdfn_r140/OK
 GOODS_N_9771  sum  1.7       4 1.28e+06       74     225 1.35e+06     6160  1.27e-06 1.0e+00 0.900 -9.90  4.87e-06 used_flds:2
!          ================= Final Summed Result =====================
 sum_all      All  1.7       4 1.28e+06       74     225 1.35e+06     6160  1.27e-06 1.0e+00 0.900 -9.90  4.87e-06 used_objs:1
!          =============================================================
!Accepted: 1  Near_src: 0  Out: 0   Total: 1
!Final Stacked Rate:  1.27e-06 +/-  1.75e-06 (Counting Statistics Error)
!Total Exposure:  1.28e+06 [sec]
!Please refer to bootstrap results for  better error analysis.
! Notes from Dataset (if any):
! 
! 
! This is based on the CDFN data over 1.9 Msec.
! 
! *** Normalization of the exposure map ***
! 
! The exposure map *.texp is the effective exposure in seconds, rather than 
! the Chandra standard convention of [s cm^2]. Since detector sensitivity change 
! over time, the effective exposure map is calculated for the response matrix at 
! the time of a reference observation. The reference observation for this dataset 
! is OBSID=3391 (observed at '2002-02-22T01:52:24'). 
! 
! If you want to use PIMMS for countrate to flux conversion, use ACIS-I for 
! Chandra Cycle 3. 
! 
!Created by ./stackanalysis_v4.pl in https://lambic.astrosen.unam.mx/cstack_v4.5/Users/GOODS_N_9771_kW017JV
