!Sorted Bootstrap Resuls for 2000_8000
!No     rate_boot
   1     8.048e-06
   2     8.048e-06
   3     8.048e-06
   4     8.048e-06
   5     8.048e-06
   6     8.048e-06
   7     8.048e-06
   8     8.048e-06
   9     8.048e-06
  10     8.048e-06
  11     8.048e-06
  12     8.048e-06
  13     8.048e-06
  14     8.048e-06
  15     8.048e-06
  16     8.048e-06
  17     8.048e-06
  18     8.048e-06
  19     8.048e-06
  20     8.048e-06
  21     8.048e-06
  22     8.048e-06
  23     8.048e-06
  24     8.048e-06
  25     8.048e-06
  26     8.048e-06
  27     8.048e-06
  28     8.048e-06
  29     8.048e-06
  30     8.048e-06
  31     8.048e-06
  32     8.048e-06
  33     8.048e-06
  34     8.048e-06
  35     8.048e-06
  36     8.048e-06
  37     8.048e-06
  38     8.048e-06
  39     8.048e-06
  40     8.048e-06
  41     8.048e-06
  42     8.048e-06
  43     8.048e-06
  44     8.048e-06
  45     8.048e-06
  46     8.048e-06
  47     8.048e-06
  48     8.048e-06
  49     8.048e-06
  50     8.048e-06
  51     8.048e-06
  52     8.048e-06
  53     8.048e-06
  54     8.048e-06
  55     8.048e-06
  56     8.048e-06
  57     8.048e-06
  58     8.048e-06
  59     8.048e-06
  60     8.048e-06
  61     8.048e-06
  62     8.048e-06
  63     8.048e-06
  64     8.048e-06
  65     8.048e-06
  66     8.048e-06
  67     8.048e-06
  68     8.048e-06
  69     8.048e-06
  70     8.048e-06
  71     8.048e-06
  72     8.048e-06
  73     8.048e-06
  74     8.048e-06
  75     8.048e-06
  76     8.048e-06
  77     8.048e-06
  78     8.048e-06
  79     8.048e-06
  80     8.048e-06
  81     8.048e-06
  82     8.048e-06
  83     8.048e-06
  84     8.048e-06
  85     8.048e-06
  86     8.048e-06
  87     8.048e-06
  88     8.048e-06
  89     8.048e-06
  90     8.048e-06
  91     8.048e-06
  92     8.048e-06
  93     8.048e-06
  94     8.048e-06
  95     8.048e-06
  96     8.048e-06
  97     8.048e-06
  98     8.048e-06
  99     8.048e-06
 100     8.048e-06
 101     8.048e-06
 102     8.048e-06
 103     8.048e-06
 104     8.048e-06
 105     8.048e-06
 106     8.048e-06
 107     8.048e-06
 108     8.048e-06
 109     8.048e-06
 110     8.048e-06
 111     8.048e-06
 112     8.048e-06
 113     8.048e-06
 114     8.048e-06
 115     8.048e-06
 116     8.048e-06
 117     8.048e-06
 118     8.048e-06
 119     8.048e-06
 120     8.048e-06
 121     8.048e-06
 122     8.048e-06
 123     8.048e-06
 124     8.048e-06
 125     8.048e-06
 126     8.048e-06
 127     8.048e-06
 128     8.048e-06
 129     8.048e-06
 130     8.048e-06
 131     8.048e-06
 132     8.048e-06
 133     8.048e-06
 134     8.048e-06
 135     8.048e-06
 136     8.048e-06
 137     8.048e-06
 138     8.048e-06
 139     8.048e-06
 140     8.048e-06
 141     8.048e-06
 142     8.048e-06
 143     8.048e-06
 144     8.048e-06
 145     8.048e-06
 146     8.048e-06
 147     8.048e-06
 148     8.048e-06
 149     8.048e-06
 150     8.048e-06
 151     8.048e-06
 152     8.048e-06
 153     8.048e-06
 154     8.048e-06
 155     8.048e-06
 156     8.048e-06
 157     8.048e-06
 158     8.048e-06
 159     8.048e-06
 160     8.048e-06
 161     8.048e-06
 162     8.048e-06
 163     8.048e-06
 164     8.048e-06
 165     8.048e-06
 166     8.048e-06
 167     8.048e-06
 168     8.048e-06
 169     8.048e-06
 170     8.048e-06
 171     8.048e-06
 172     8.048e-06
 173     8.048e-06
 174     8.048e-06
 175     8.048e-06
 176     8.048e-06
 177     8.048e-06
 178     8.048e-06
 179     8.048e-06
 180     8.048e-06
 181     8.048e-06
 182     8.048e-06
 183     8.048e-06
 184     8.048e-06
 185     8.048e-06
 186     8.048e-06
 187     8.048e-06
 188     8.048e-06
 189     8.048e-06
 190     8.048e-06
 191     8.048e-06
 192     8.048e-06
 193     8.048e-06
 194     8.048e-06
 195     8.048e-06
 196     8.048e-06
 197     8.048e-06
 198     8.048e-06
 199     8.048e-06
 200     8.048e-06
 201     8.048e-06
 202     8.048e-06
 203     8.048e-06
 204     8.048e-06
 205     8.048e-06
 206     8.048e-06
 207     8.048e-06
 208     8.048e-06
 209     8.048e-06
 210     8.048e-06
 211     8.048e-06
 212     8.048e-06
 213     8.048e-06
 214     8.048e-06
 215     8.048e-06
 216     8.048e-06
 217     8.048e-06
 218     8.048e-06
 219     8.048e-06
 220     8.048e-06
 221     8.048e-06
 222     8.048e-06
 223     8.048e-06
 224     8.048e-06
 225     8.048e-06
 226     8.048e-06
 227     8.048e-06
 228     8.048e-06
 229     8.048e-06
 230     8.048e-06
 231     8.048e-06
 232     8.048e-06
 233     8.048e-06
 234     8.048e-06
 235     8.048e-06
 236     8.048e-06
 237     8.048e-06
 238     8.048e-06
 239     8.048e-06
 240     8.048e-06
 241     8.048e-06
 242     8.048e-06
 243     8.048e-06
 244     8.048e-06
 245     8.048e-06
 246     8.048e-06
 247     8.048e-06
 248     8.048e-06
 249     8.048e-06
 250     8.048e-06
 251     8.048e-06
 252     8.048e-06
 253     8.048e-06
 254     8.048e-06
 255     8.048e-06
 256     8.048e-06
 257     8.048e-06
 258     8.048e-06
 259     8.048e-06
 260     8.048e-06
 261     8.048e-06
 262     8.048e-06
 263     8.048e-06
 264     8.048e-06
 265     8.048e-06
 266     8.048e-06
 267     8.048e-06
 268     8.048e-06
 269     8.048e-06
 270     8.048e-06
 271     8.048e-06
 272     8.048e-06
 273     8.048e-06
 274     8.048e-06
 275     8.048e-06
 276     8.048e-06
 277     8.048e-06
 278     8.048e-06
 279     8.048e-06
 280     8.048e-06
 281     8.048e-06
 282     8.048e-06
 283     8.048e-06
 284     8.048e-06
 285     8.048e-06
 286     8.048e-06
 287     8.048e-06
 288     8.048e-06
 289     8.048e-06
 290     8.048e-06
 291     8.048e-06
 292     8.048e-06
 293     8.048e-06
 294     8.048e-06
 295     8.048e-06
 296     8.048e-06
 297     8.048e-06
 298     8.048e-06
 299     8.048e-06
 300     8.048e-06
 301     8.048e-06
 302     8.048e-06
 303     8.048e-06
 304     8.048e-06
 305     8.048e-06
 306     8.048e-06
 307     8.048e-06
 308     8.048e-06
 309     8.048e-06
 310     8.048e-06
 311     8.048e-06
 312     8.048e-06
 313     8.048e-06
 314     8.048e-06
 315     8.048e-06
 316     8.048e-06
 317     8.048e-06
 318     8.048e-06
 319     8.048e-06
 320     8.048e-06
 321     8.048e-06
 322     8.048e-06
 323     8.048e-06
 324     8.048e-06
 325     8.048e-06
 326     8.048e-06
 327     8.048e-06
 328     8.048e-06
 329     8.048e-06
 330     8.048e-06
 331     8.048e-06
 332     8.048e-06
 333     8.048e-06
 334     8.048e-06
 335     8.048e-06
 336     8.048e-06
 337     8.048e-06
 338     8.048e-06
 339     8.048e-06
 340     8.048e-06
 341     8.048e-06
 342     8.048e-06
 343     8.048e-06
 344     8.048e-06
 345     8.048e-06
 346     8.048e-06
 347     8.048e-06
 348     8.048e-06
 349     8.048e-06
 350     8.048e-06
 351     8.048e-06
 352     8.048e-06
 353     8.048e-06
 354     8.048e-06
 355     8.048e-06
 356     8.048e-06
 357     8.048e-06
 358     8.048e-06
 359     8.048e-06
 360     8.048e-06
 361     8.048e-06
 362     8.048e-06
 363     8.048e-06
 364     8.048e-06
 365     8.048e-06
 366     8.048e-06
 367     8.048e-06
 368     8.048e-06
 369     8.048e-06
 370     8.048e-06
 371     8.048e-06
 372     8.048e-06
 373     8.048e-06
 374     8.048e-06
 375     8.048e-06
 376     8.048e-06
 377     8.048e-06
 378     8.048e-06
 379     8.048e-06
 380     8.048e-06
 381     8.048e-06
 382     8.048e-06
 383     8.048e-06
 384     8.048e-06
 385     8.048e-06
 386     8.048e-06
 387     8.048e-06
 388     8.048e-06
 389     8.048e-06
 390     8.048e-06
 391     8.048e-06
 392     8.048e-06
 393     8.048e-06
 394     8.048e-06
 395     8.048e-06
 396     8.048e-06
 397     8.048e-06
 398     8.048e-06
 399     8.048e-06
 400     8.048e-06
 401     8.048e-06
 402     8.048e-06
 403     8.048e-06
 404     8.048e-06
 405     8.048e-06
 406     8.048e-06
 407     8.048e-06
 408     8.048e-06
 409     8.048e-06
 410     8.048e-06
 411     8.048e-06
 412     8.048e-06
 413     8.048e-06
 414     8.048e-06
 415     8.048e-06
 416     8.048e-06
 417     8.048e-06
 418     8.048e-06
 419     8.048e-06
 420     8.048e-06
 421     8.048e-06
 422     8.048e-06
 423     8.048e-06
 424     8.048e-06
 425     8.048e-06
 426     8.048e-06
 427     8.048e-06
 428     8.048e-06
 429     8.048e-06
 430     8.048e-06
 431     8.048e-06
 432     8.048e-06
 433     8.048e-06
 434     8.048e-06
 435     8.048e-06
 436     8.048e-06
 437     8.048e-06
 438     8.048e-06
 439     8.048e-06
 440     8.048e-06
 441     8.048e-06
 442     8.048e-06
 443     8.048e-06
 444     8.048e-06
 445     8.048e-06
 446     8.048e-06
 447     8.048e-06
 448     8.048e-06
 449     8.048e-06
 450     8.048e-06
 451     8.048e-06
 452     8.048e-06
 453     8.048e-06
 454     8.048e-06
 455     8.048e-06
 456     8.048e-06
 457     8.048e-06
 458     8.048e-06
 459     8.048e-06
 460     8.048e-06
 461     8.048e-06
 462     8.048e-06
 463     8.048e-06
 464     8.048e-06
 465     8.048e-06
 466     8.048e-06
 467     8.048e-06
 468     8.048e-06
 469     8.048e-06
 470     8.048e-06
 471     8.048e-06
 472     8.048e-06
 473     8.048e-06
 474     8.048e-06
 475     8.048e-06
 476     8.048e-06
 477     8.048e-06
 478     8.048e-06
 479     8.048e-06
 480     8.048e-06
 481     8.048e-06
 482     8.048e-06
 483     8.048e-06
 484     8.048e-06
 485     8.048e-06
 486     8.048e-06
 487     8.048e-06
 488     8.048e-06
 489     8.048e-06
 490     8.048e-06
 491     8.048e-06
 492     8.048e-06
 493     8.048e-06
 494     8.048e-06
 495     8.048e-06
 496     8.048e-06
 497     8.048e-06
 498     8.048e-06
 499     8.048e-06
 500     8.048e-06
!Created by ./stackanalysis_v4.pl in Users/CEERS_01244_EW291iK
