!Sorted Bootstrap Resuls for 500_2000
!No     rate_boot
   1    -7.544e-06
   2    -7.544e-06
   3    -7.544e-06
   4    -7.544e-06
   5    -7.544e-06
   6    -7.544e-06
   7    -7.544e-06
   8    -7.544e-06
   9    -7.544e-06
  10    -7.544e-06
  11    -7.544e-06
  12    -7.544e-06
  13    -7.544e-06
  14    -7.544e-06
  15    -7.544e-06
  16    -7.544e-06
  17    -7.544e-06
  18    -7.544e-06
  19    -7.544e-06
  20    -7.544e-06
  21    -7.544e-06
  22    -7.544e-06
  23    -7.544e-06
  24    -7.544e-06
  25    -7.544e-06
  26    -7.544e-06
  27    -7.544e-06
  28    -7.544e-06
  29    -7.544e-06
  30    -7.544e-06
  31    -7.544e-06
  32    -7.544e-06
  33    -7.544e-06
  34    -7.544e-06
  35    -7.544e-06
  36    -7.544e-06
  37    -7.544e-06
  38    -7.544e-06
  39    -7.544e-06
  40    -7.544e-06
  41    -7.544e-06
  42    -7.544e-06
  43    -7.544e-06
  44    -7.544e-06
  45    -7.544e-06
  46    -7.544e-06
  47    -7.544e-06
  48    -7.544e-06
  49    -7.544e-06
  50    -7.544e-06
  51    -7.544e-06
  52    -7.544e-06
  53    -7.544e-06
  54    -7.544e-06
  55    -7.544e-06
  56    -7.544e-06
  57    -7.544e-06
  58    -7.544e-06
  59    -7.544e-06
  60    -7.544e-06
  61    -7.544e-06
  62    -7.544e-06
  63    -7.544e-06
  64    -7.544e-06
  65    -7.544e-06
  66    -7.544e-06
  67    -7.544e-06
  68    -7.544e-06
  69    -7.544e-06
  70    -7.544e-06
  71    -7.544e-06
  72    -7.544e-06
  73    -7.544e-06
  74    -7.544e-06
  75    -7.544e-06
  76    -7.544e-06
  77    -7.544e-06
  78    -7.544e-06
  79    -7.544e-06
  80    -7.544e-06
  81    -7.544e-06
  82    -7.544e-06
  83    -7.544e-06
  84    -7.544e-06
  85    -7.544e-06
  86    -7.544e-06
  87    -7.544e-06
  88    -7.544e-06
  89    -7.544e-06
  90    -7.544e-06
  91    -7.544e-06
  92    -7.544e-06
  93    -7.544e-06
  94    -7.544e-06
  95    -7.544e-06
  96    -7.544e-06
  97    -7.544e-06
  98    -7.544e-06
  99    -7.544e-06
 100    -7.544e-06
 101    -7.544e-06
 102    -7.544e-06
 103    -7.544e-06
 104    -7.544e-06
 105    -7.544e-06
 106    -7.544e-06
 107    -7.544e-06
 108    -7.544e-06
 109    -7.544e-06
 110    -7.544e-06
 111    -7.544e-06
 112    -7.544e-06
 113    -7.544e-06
 114    -7.544e-06
 115    -7.544e-06
 116    -7.544e-06
 117    -7.544e-06
 118    -7.544e-06
 119    -7.544e-06
 120    -7.544e-06
 121    -7.544e-06
 122    -7.544e-06
 123    -7.544e-06
 124    -7.544e-06
 125    -7.544e-06
 126    -7.544e-06
 127    -7.544e-06
 128    -7.544e-06
 129    -7.544e-06
 130    -7.544e-06
 131    -7.544e-06
 132    -7.544e-06
 133    -7.544e-06
 134    -7.544e-06
 135    -7.544e-06
 136    -7.544e-06
 137    -7.544e-06
 138    -7.544e-06
 139    -7.544e-06
 140    -7.544e-06
 141    -7.544e-06
 142    -7.544e-06
 143    -7.544e-06
 144    -7.544e-06
 145    -7.544e-06
 146    -7.544e-06
 147    -7.544e-06
 148    -7.544e-06
 149    -7.544e-06
 150    -7.544e-06
 151    -7.544e-06
 152    -7.544e-06
 153    -7.544e-06
 154    -7.544e-06
 155    -7.544e-06
 156    -7.544e-06
 157    -7.544e-06
 158    -7.544e-06
 159    -7.544e-06
 160    -7.544e-06
 161    -7.544e-06
 162    -7.544e-06
 163    -7.544e-06
 164    -7.544e-06
 165    -7.544e-06
 166    -7.544e-06
 167    -7.544e-06
 168    -7.544e-06
 169    -7.544e-06
 170    -7.544e-06
 171    -7.544e-06
 172    -7.544e-06
 173    -7.544e-06
 174    -7.544e-06
 175    -7.544e-06
 176    -7.544e-06
 177    -7.544e-06
 178    -7.544e-06
 179    -7.544e-06
 180    -7.544e-06
 181    -7.544e-06
 182    -7.544e-06
 183    -7.544e-06
 184    -7.544e-06
 185    -7.544e-06
 186    -7.544e-06
 187    -7.544e-06
 188    -7.544e-06
 189    -7.544e-06
 190    -7.544e-06
 191    -7.544e-06
 192    -7.544e-06
 193    -7.544e-06
 194    -7.544e-06
 195    -7.544e-06
 196    -7.544e-06
 197    -7.544e-06
 198    -7.544e-06
 199    -7.544e-06
 200    -7.544e-06
 201    -7.544e-06
 202    -7.544e-06
 203    -7.544e-06
 204    -7.544e-06
 205    -7.544e-06
 206    -7.544e-06
 207    -7.544e-06
 208    -7.544e-06
 209    -7.544e-06
 210    -7.544e-06
 211    -7.544e-06
 212    -7.544e-06
 213    -7.544e-06
 214    -7.544e-06
 215    -7.544e-06
 216    -7.544e-06
 217    -7.544e-06
 218    -7.544e-06
 219    -7.544e-06
 220    -7.544e-06
 221    -7.544e-06
 222    -7.544e-06
 223    -7.544e-06
 224    -7.544e-06
 225    -7.544e-06
 226    -7.544e-06
 227    -7.544e-06
 228    -7.544e-06
 229    -7.544e-06
 230    -7.544e-06
 231    -7.544e-06
 232    -7.544e-06
 233    -7.544e-06
 234    -7.544e-06
 235    -7.544e-06
 236    -7.544e-06
 237    -7.544e-06
 238    -7.544e-06
 239    -7.544e-06
 240    -7.544e-06
 241    -7.544e-06
 242    -7.544e-06
 243    -7.544e-06
 244    -7.544e-06
 245    -7.544e-06
 246    -7.544e-06
 247    -7.544e-06
 248    -7.544e-06
 249    -7.544e-06
 250    -7.544e-06
 251    -7.544e-06
 252    -7.544e-06
 253    -7.544e-06
 254    -7.544e-06
 255    -7.544e-06
 256    -7.544e-06
 257    -7.544e-06
 258    -7.544e-06
 259    -7.544e-06
 260    -7.544e-06
 261    -7.544e-06
 262    -7.544e-06
 263    -7.544e-06
 264    -7.544e-06
 265    -7.544e-06
 266    -7.544e-06
 267    -7.544e-06
 268    -7.544e-06
 269    -7.544e-06
 270    -7.544e-06
 271    -7.544e-06
 272    -7.544e-06
 273    -7.544e-06
 274    -7.544e-06
 275    -7.544e-06
 276    -7.544e-06
 277    -7.544e-06
 278    -7.544e-06
 279    -7.544e-06
 280    -7.544e-06
 281    -7.544e-06
 282    -7.544e-06
 283    -7.544e-06
 284    -7.544e-06
 285    -7.544e-06
 286    -7.544e-06
 287    -7.544e-06
 288    -7.544e-06
 289    -7.544e-06
 290    -7.544e-06
 291    -7.544e-06
 292    -7.544e-06
 293    -7.544e-06
 294    -7.544e-06
 295    -7.544e-06
 296    -7.544e-06
 297    -7.544e-06
 298    -7.544e-06
 299    -7.544e-06
 300    -7.544e-06
 301    -7.544e-06
 302    -7.544e-06
 303    -7.544e-06
 304    -7.544e-06
 305    -7.544e-06
 306    -7.544e-06
 307    -7.544e-06
 308    -7.544e-06
 309    -7.544e-06
 310    -7.544e-06
 311    -7.544e-06
 312    -7.544e-06
 313    -7.544e-06
 314    -7.544e-06
 315    -7.544e-06
 316    -7.544e-06
 317    -7.544e-06
 318    -7.544e-06
 319    -7.544e-06
 320    -7.544e-06
 321    -7.544e-06
 322    -7.544e-06
 323    -7.544e-06
 324    -7.544e-06
 325    -7.544e-06
 326    -7.544e-06
 327    -7.544e-06
 328    -7.544e-06
 329    -7.544e-06
 330    -7.544e-06
 331    -7.544e-06
 332    -7.544e-06
 333    -7.544e-06
 334    -7.544e-06
 335    -7.544e-06
 336    -7.544e-06
 337    -7.544e-06
 338    -7.544e-06
 339    -7.544e-06
 340    -7.544e-06
 341    -7.544e-06
 342    -7.544e-06
 343    -7.544e-06
 344    -7.544e-06
 345    -7.544e-06
 346    -7.544e-06
 347    -7.544e-06
 348    -7.544e-06
 349    -7.544e-06
 350    -7.544e-06
 351    -7.544e-06
 352    -7.544e-06
 353    -7.544e-06
 354    -7.544e-06
 355    -7.544e-06
 356    -7.544e-06
 357    -7.544e-06
 358    -7.544e-06
 359    -7.544e-06
 360    -7.544e-06
 361    -7.544e-06
 362    -7.544e-06
 363    -7.544e-06
 364    -7.544e-06
 365    -7.544e-06
 366    -7.544e-06
 367    -7.544e-06
 368    -7.544e-06
 369    -7.544e-06
 370    -7.544e-06
 371    -7.544e-06
 372    -7.544e-06
 373    -7.544e-06
 374    -7.544e-06
 375    -7.544e-06
 376    -7.544e-06
 377    -7.544e-06
 378    -7.544e-06
 379    -7.544e-06
 380    -7.544e-06
 381    -7.544e-06
 382    -7.544e-06
 383    -7.544e-06
 384    -7.544e-06
 385    -7.544e-06
 386    -7.544e-06
 387    -7.544e-06
 388    -7.544e-06
 389    -7.544e-06
 390    -7.544e-06
 391    -7.544e-06
 392    -7.544e-06
 393    -7.544e-06
 394    -7.544e-06
 395    -7.544e-06
 396    -7.544e-06
 397    -7.544e-06
 398    -7.544e-06
 399    -7.544e-06
 400    -7.544e-06
 401    -7.544e-06
 402    -7.544e-06
 403    -7.544e-06
 404    -7.544e-06
 405    -7.544e-06
 406    -7.544e-06
 407    -7.544e-06
 408    -7.544e-06
 409    -7.544e-06
 410    -7.544e-06
 411    -7.544e-06
 412    -7.544e-06
 413    -7.544e-06
 414    -7.544e-06
 415    -7.544e-06
 416    -7.544e-06
 417    -7.544e-06
 418    -7.544e-06
 419    -7.544e-06
 420    -7.544e-06
 421    -7.544e-06
 422    -7.544e-06
 423    -7.544e-06
 424    -7.544e-06
 425    -7.544e-06
 426    -7.544e-06
 427    -7.544e-06
 428    -7.544e-06
 429    -7.544e-06
 430    -7.544e-06
 431    -7.544e-06
 432    -7.544e-06
 433    -7.544e-06
 434    -7.544e-06
 435    -7.544e-06
 436    -7.544e-06
 437    -7.544e-06
 438    -7.544e-06
 439    -7.544e-06
 440    -7.544e-06
 441    -7.544e-06
 442    -7.544e-06
 443    -7.544e-06
 444    -7.544e-06
 445    -7.544e-06
 446    -7.544e-06
 447    -7.544e-06
 448    -7.544e-06
 449    -7.544e-06
 450    -7.544e-06
 451    -7.544e-06
 452    -7.544e-06
 453    -7.544e-06
 454    -7.544e-06
 455    -7.544e-06
 456    -7.544e-06
 457    -7.544e-06
 458    -7.544e-06
 459    -7.544e-06
 460    -7.544e-06
 461    -7.544e-06
 462    -7.544e-06
 463    -7.544e-06
 464    -7.544e-06
 465    -7.544e-06
 466    -7.544e-06
 467    -7.544e-06
 468    -7.544e-06
 469    -7.544e-06
 470    -7.544e-06
 471    -7.544e-06
 472    -7.544e-06
 473    -7.544e-06
 474    -7.544e-06
 475    -7.544e-06
 476    -7.544e-06
 477    -7.544e-06
 478    -7.544e-06
 479    -7.544e-06
 480    -7.544e-06
 481    -7.544e-06
 482    -7.544e-06
 483    -7.544e-06
 484    -7.544e-06
 485    -7.544e-06
 486    -7.544e-06
 487    -7.544e-06
 488    -7.544e-06
 489    -7.544e-06
 490    -7.544e-06
 491    -7.544e-06
 492    -7.544e-06
 493    -7.544e-06
 494    -7.544e-06
 495    -7.544e-06
 496    -7.544e-06
 497    -7.544e-06
 498    -7.544e-06
 499    -7.544e-06
 500    -7.544e-06
!Created by ./stackanalysis_v4.pl in Users/CEERS_01244_EW291iK
