! Summary of image counts for Job= CEERS_01244_EW291iK
! Source File: CEERS_01244_cstack.fits      X-ray Band: 2000_8000
! Source from <-9 asec  Background from >= 7.0 arcsec
! Pixel_size= 0.492000000000012 arcsec
! Poststamp_img_size=60x60 (pix) 30.0x30.0 (arcsec)
! src_rate= (cts_src/exp_src-cts_bkg/exp_bkg/px_bkg*px_src)/ecf (for each field,lbl=n)
!         = (wgt*exp_src)-weighted mean of used fields (lbl=sum) or objects (lbl=All).
! UL90: 90 percent Bayasian upper limit in c/s
! *** Note: cts_src,exp_src,px_src,cts_bkg,exp_bkg px_bkg and ul90b not weighted.            
!Obj_name     lbl  rad cts_src  exp_src  px_src cts_bkg  exp_bkg  px_bkg  src_rate    wgt    ecf offax     ul90b  Field/Comm 
!                (asec)  (cts)   (sec)    (pix)   (cts)   (sec)    (pix)    (c/s)               (amin)     (c/s)
 CEERS_01244    1  3.3       3 1.81e+05      137      76 1.79e+05     3080 -2.58e-06 1.0e+00 0.900  4.48 -9.99e+00 aegis1a/OK
 CEERS_01244    2  6.4      51 5.04e+05      517     263 5.05e+05     2971  1.19e-05 1.0e+00 0.900  6.84 -9.99e+00 aegis1b/OK
 CEERS_01244  sum  5.7      54 6.85e+05      654     339 6.84e+05     6051  8.05e-06 1.0e+00 0.900 -9.90  2.73e-05 used_flds:2
!          ================= Final Summed Result =====================
 sum_all      All  5.7      54 6.85e+05      654     339 6.84e+05     6051  8.05e-06 1.0e+00 0.900 -9.90  4.54e-05 used_objs:1
!          =============================================================
!Accepted: 1  Near_src: 0  Out: 0   Total: 1
!Final Stacked Rate:  8.05e-06 +/-  1.28e-05 (Counting Statistics Error)
!Total Exposure:  6.85e+05 [sec]
!Please refer to bootstrap results for  better error analysis.
! Notes from Dataset (if any):
! 
! See <a href="./Notes_AEGISXD_1.txt"> this note </a> for details of the dataset used here for AEGIS-XD. Many thanks to Antonis Georgakakis for providing us with reprocessed data.
!Created by ./stackanalysis_v4.pl in https://lambic.astrosen.unam.mx/cstack_v4.5/Users/CEERS_01244_EW291iK
