!Sorted Bootstrap Resuls for 2000_8000
!No     rate_boot
   1     4.208e-06
   2     4.208e-06
   3     4.208e-06
   4     4.208e-06
   5     4.208e-06
   6     4.208e-06
   7     4.208e-06
   8     4.208e-06
   9     4.208e-06
  10     4.208e-06
  11     4.208e-06
  12     4.208e-06
  13     4.208e-06
  14     4.208e-06
  15     4.208e-06
  16     4.208e-06
  17     4.208e-06
  18     4.208e-06
  19     4.208e-06
  20     4.208e-06
  21     4.208e-06
  22     4.208e-06
  23     4.208e-06
  24     4.208e-06
  25     4.208e-06
  26     4.208e-06
  27     4.208e-06
  28     4.208e-06
  29     4.208e-06
  30     4.208e-06
  31     4.208e-06
  32     4.208e-06
  33     4.208e-06
  34     4.208e-06
  35     4.208e-06
  36     4.208e-06
  37     4.208e-06
  38     4.208e-06
  39     4.208e-06
  40     4.208e-06
  41     4.208e-06
  42     4.208e-06
  43     4.208e-06
  44     4.208e-06
  45     4.208e-06
  46     4.208e-06
  47     4.208e-06
  48     4.208e-06
  49     4.208e-06
  50     4.208e-06
  51     4.208e-06
  52     4.208e-06
  53     4.208e-06
  54     4.208e-06
  55     4.208e-06
  56     4.208e-06
  57     4.208e-06
  58     4.208e-06
  59     4.208e-06
  60     4.208e-06
  61     4.208e-06
  62     4.208e-06
  63     4.208e-06
  64     4.208e-06
  65     4.208e-06
  66     4.208e-06
  67     4.208e-06
  68     4.208e-06
  69     4.208e-06
  70     4.208e-06
  71     4.208e-06
  72     4.208e-06
  73     4.208e-06
  74     4.208e-06
  75     4.208e-06
  76     4.208e-06
  77     4.208e-06
  78     4.208e-06
  79     4.208e-06
  80     4.208e-06
  81     4.208e-06
  82     4.208e-06
  83     4.208e-06
  84     4.208e-06
  85     4.208e-06
  86     4.208e-06
  87     4.208e-06
  88     4.208e-06
  89     4.208e-06
  90     4.208e-06
  91     4.208e-06
  92     4.208e-06
  93     4.208e-06
  94     4.208e-06
  95     4.208e-06
  96     4.208e-06
  97     4.208e-06
  98     4.208e-06
  99     4.208e-06
 100     4.208e-06
 101     4.208e-06
 102     4.208e-06
 103     4.208e-06
 104     4.208e-06
 105     4.208e-06
 106     4.208e-06
 107     4.208e-06
 108     4.208e-06
 109     4.208e-06
 110     4.208e-06
 111     4.208e-06
 112     4.208e-06
 113     4.208e-06
 114     4.208e-06
 115     4.208e-06
 116     4.208e-06
 117     4.208e-06
 118     4.208e-06
 119     4.208e-06
 120     4.208e-06
 121     4.208e-06
 122     4.208e-06
 123     4.208e-06
 124     4.208e-06
 125     4.208e-06
 126     4.208e-06
 127     4.208e-06
 128     4.208e-06
 129     4.208e-06
 130     4.208e-06
 131     4.208e-06
 132     4.208e-06
 133     4.208e-06
 134     4.208e-06
 135     4.208e-06
 136     4.208e-06
 137     4.208e-06
 138     4.208e-06
 139     4.208e-06
 140     4.208e-06
 141     4.208e-06
 142     4.208e-06
 143     4.208e-06
 144     4.208e-06
 145     4.208e-06
 146     4.208e-06
 147     4.208e-06
 148     4.208e-06
 149     4.208e-06
 150     4.208e-06
 151     4.208e-06
 152     4.208e-06
 153     4.208e-06
 154     4.208e-06
 155     4.208e-06
 156     4.208e-06
 157     4.208e-06
 158     4.208e-06
 159     4.208e-06
 160     4.208e-06
 161     4.208e-06
 162     4.208e-06
 163     4.208e-06
 164     4.208e-06
 165     4.208e-06
 166     4.208e-06
 167     4.208e-06
 168     4.208e-06
 169     4.208e-06
 170     4.208e-06
 171     4.208e-06
 172     4.208e-06
 173     4.208e-06
 174     4.208e-06
 175     4.208e-06
 176     4.208e-06
 177     4.208e-06
 178     4.208e-06
 179     4.208e-06
 180     4.208e-06
 181     4.208e-06
 182     4.208e-06
 183     4.208e-06
 184     4.208e-06
 185     4.208e-06
 186     4.208e-06
 187     4.208e-06
 188     4.208e-06
 189     4.208e-06
 190     4.208e-06
 191     4.208e-06
 192     4.208e-06
 193     4.208e-06
 194     4.208e-06
 195     4.208e-06
 196     4.208e-06
 197     4.208e-06
 198     4.208e-06
 199     4.208e-06
 200     4.208e-06
 201     4.208e-06
 202     4.208e-06
 203     4.208e-06
 204     4.208e-06
 205     4.208e-06
 206     4.208e-06
 207     4.208e-06
 208     4.208e-06
 209     4.208e-06
 210     4.208e-06
 211     4.208e-06
 212     4.208e-06
 213     4.208e-06
 214     4.208e-06
 215     4.208e-06
 216     4.208e-06
 217     4.208e-06
 218     4.208e-06
 219     4.208e-06
 220     4.208e-06
 221     4.208e-06
 222     4.208e-06
 223     4.208e-06
 224     4.208e-06
 225     4.208e-06
 226     4.208e-06
 227     4.208e-06
 228     4.208e-06
 229     4.208e-06
 230     4.208e-06
 231     4.208e-06
 232     4.208e-06
 233     4.208e-06
 234     4.208e-06
 235     4.208e-06
 236     4.208e-06
 237     4.208e-06
 238     4.208e-06
 239     4.208e-06
 240     4.208e-06
 241     4.208e-06
 242     4.208e-06
 243     4.208e-06
 244     4.208e-06
 245     4.208e-06
 246     4.208e-06
 247     4.208e-06
 248     4.208e-06
 249     4.208e-06
 250     4.208e-06
 251     4.208e-06
 252     4.208e-06
 253     4.208e-06
 254     4.208e-06
 255     4.208e-06
 256     4.208e-06
 257     4.208e-06
 258     4.208e-06
 259     4.208e-06
 260     4.208e-06
 261     4.208e-06
 262     4.208e-06
 263     4.208e-06
 264     4.208e-06
 265     4.208e-06
 266     4.208e-06
 267     4.208e-06
 268     4.208e-06
 269     4.208e-06
 270     4.208e-06
 271     4.208e-06
 272     4.208e-06
 273     4.208e-06
 274     4.208e-06
 275     4.208e-06
 276     4.208e-06
 277     4.208e-06
 278     4.208e-06
 279     4.208e-06
 280     4.208e-06
 281     4.208e-06
 282     4.208e-06
 283     4.208e-06
 284     4.208e-06
 285     4.208e-06
 286     4.208e-06
 287     4.208e-06
 288     4.208e-06
 289     4.208e-06
 290     4.208e-06
 291     4.208e-06
 292     4.208e-06
 293     4.208e-06
 294     4.208e-06
 295     4.208e-06
 296     4.208e-06
 297     4.208e-06
 298     4.208e-06
 299     4.208e-06
 300     4.208e-06
 301     4.208e-06
 302     4.208e-06
 303     4.208e-06
 304     4.208e-06
 305     4.208e-06
 306     4.208e-06
 307     4.208e-06
 308     4.208e-06
 309     4.208e-06
 310     4.208e-06
 311     4.208e-06
 312     4.208e-06
 313     4.208e-06
 314     4.208e-06
 315     4.208e-06
 316     4.208e-06
 317     4.208e-06
 318     4.208e-06
 319     4.208e-06
 320     4.208e-06
 321     4.208e-06
 322     4.208e-06
 323     4.208e-06
 324     4.208e-06
 325     4.208e-06
 326     4.208e-06
 327     4.208e-06
 328     4.208e-06
 329     4.208e-06
 330     4.208e-06
 331     4.208e-06
 332     4.208e-06
 333     4.208e-06
 334     4.208e-06
 335     4.208e-06
 336     4.208e-06
 337     4.208e-06
 338     4.208e-06
 339     4.208e-06
 340     4.208e-06
 341     4.208e-06
 342     4.208e-06
 343     4.208e-06
 344     4.208e-06
 345     4.208e-06
 346     4.208e-06
 347     4.208e-06
 348     4.208e-06
 349     4.208e-06
 350     4.208e-06
 351     4.208e-06
 352     4.208e-06
 353     4.208e-06
 354     4.208e-06
 355     4.208e-06
 356     4.208e-06
 357     4.208e-06
 358     4.208e-06
 359     4.208e-06
 360     4.208e-06
 361     4.208e-06
 362     4.208e-06
 363     4.208e-06
 364     4.208e-06
 365     4.208e-06
 366     4.208e-06
 367     4.208e-06
 368     4.208e-06
 369     4.208e-06
 370     4.208e-06
 371     4.208e-06
 372     4.208e-06
 373     4.208e-06
 374     4.208e-06
 375     4.208e-06
 376     4.208e-06
 377     4.208e-06
 378     4.208e-06
 379     4.208e-06
 380     4.208e-06
 381     4.208e-06
 382     4.208e-06
 383     4.208e-06
 384     4.208e-06
 385     4.208e-06
 386     4.208e-06
 387     4.208e-06
 388     4.208e-06
 389     4.208e-06
 390     4.208e-06
 391     4.208e-06
 392     4.208e-06
 393     4.208e-06
 394     4.208e-06
 395     4.208e-06
 396     4.208e-06
 397     4.208e-06
 398     4.208e-06
 399     4.208e-06
 400     4.208e-06
 401     4.208e-06
 402     4.208e-06
 403     4.208e-06
 404     4.208e-06
 405     4.208e-06
 406     4.208e-06
 407     4.208e-06
 408     4.208e-06
 409     4.208e-06
 410     4.208e-06
 411     4.208e-06
 412     4.208e-06
 413     4.208e-06
 414     4.208e-06
 415     4.208e-06
 416     4.208e-06
 417     4.208e-06
 418     4.208e-06
 419     4.208e-06
 420     4.208e-06
 421     4.208e-06
 422     4.208e-06
 423     4.208e-06
 424     4.208e-06
 425     4.208e-06
 426     4.208e-06
 427     4.208e-06
 428     4.208e-06
 429     4.208e-06
 430     4.208e-06
 431     4.208e-06
 432     4.208e-06
 433     4.208e-06
 434     4.208e-06
 435     4.208e-06
 436     4.208e-06
 437     4.208e-06
 438     4.208e-06
 439     4.208e-06
 440     4.208e-06
 441     4.208e-06
 442     4.208e-06
 443     4.208e-06
 444     4.208e-06
 445     4.208e-06
 446     4.208e-06
 447     4.208e-06
 448     4.208e-06
 449     4.208e-06
 450     4.208e-06
 451     4.208e-06
 452     4.208e-06
 453     4.208e-06
 454     4.208e-06
 455     4.208e-06
 456     4.208e-06
 457     4.208e-06
 458     4.208e-06
 459     4.208e-06
 460     4.208e-06
 461     4.208e-06
 462     4.208e-06
 463     4.208e-06
 464     4.208e-06
 465     4.208e-06
 466     4.208e-06
 467     4.208e-06
 468     4.208e-06
 469     4.208e-06
 470     4.208e-06
 471     4.208e-06
 472     4.208e-06
 473     4.208e-06
 474     4.208e-06
 475     4.208e-06
 476     4.208e-06
 477     4.208e-06
 478     4.208e-06
 479     4.208e-06
 480     4.208e-06
 481     4.208e-06
 482     4.208e-06
 483     4.208e-06
 484     4.208e-06
 485     4.208e-06
 486     4.208e-06
 487     4.208e-06
 488     4.208e-06
 489     4.208e-06
 490     4.208e-06
 491     4.208e-06
 492     4.208e-06
 493     4.208e-06
 494     4.208e-06
 495     4.208e-06
 496     4.208e-06
 497     4.208e-06
 498     4.208e-06
 499     4.208e-06
 500     4.208e-06
!Created by ./stackanalysis_v4.pl in Users/CEERS_00746_hQ563oa
