!       **** Bootstrap Histogram for 500_2000 ************
!           From       To        Ctr        Freq     Cum.
         -3.752e-06 -3.671e-06 -3.711e-06     0       0
         -3.671e-06 -3.590e-06 -3.630e-06     0       0
         -3.590e-06 -3.509e-06 -3.549e-06   500     500
         -3.509e-06 -3.428e-06 -3.468e-06     0     500
         -3.428e-06 -3.347e-06 -3.387e-06     0     500
         -3.347e-06 -3.265e-06 -3.306e-06     0     500
         -3.265e-06 -3.184e-06 -3.225e-06     0     500
         -3.184e-06 -3.103e-06 -3.144e-06     0     500
         -3.103e-06 -3.022e-06 -3.063e-06     0     500
         -3.022e-06 -2.941e-06 -2.982e-06     0     500
         -2.941e-06 -2.860e-06 -2.900e-06     0     500
         -2.860e-06 -2.779e-06 -2.819e-06     0     500
         -2.779e-06 -2.698e-06 -2.738e-06     0     500
         -2.698e-06 -2.617e-06 -2.657e-06     0     500
         -2.617e-06 -2.536e-06 -2.576e-06     0     500
         -2.536e-06 -2.454e-06 -2.495e-06     0     500
         -2.454e-06 -2.373e-06 -2.414e-06     0     500
         -2.373e-06 -2.292e-06 -2.333e-06     0     500
         -2.292e-06 -2.211e-06 -2.252e-06     0     500
         -2.211e-06 -2.130e-06 -2.171e-06     0     500
         -2.130e-06 -2.049e-06 -2.090e-06     0     500
         -2.049e-06 -1.968e-06 -2.008e-06     0     500
         -1.968e-06 -1.887e-06 -1.927e-06     0     500
         -1.887e-06 -1.806e-06 -1.846e-06     0     500
         -1.806e-06 -1.725e-06 -1.765e-06     0     500
         -1.725e-06 -1.643e-06 -1.684e-06     0     500
!Created by ./stackanalysis_v4.pl in Users/M23_20621_sJ985CO
