!Sorted Bootstrap Resuls for 2000_8000
!No     rate_boot
   1    -1.107e-07
   2    -1.107e-07
   3    -1.107e-07
   4    -1.107e-07
   5    -1.107e-07
   6    -1.107e-07
   7    -1.107e-07
   8    -1.107e-07
   9    -1.107e-07
  10    -1.107e-07
  11    -1.107e-07
  12    -1.107e-07
  13    -1.107e-07
  14    -1.107e-07
  15    -1.107e-07
  16    -1.107e-07
  17    -1.107e-07
  18    -1.107e-07
  19    -1.107e-07
  20    -1.107e-07
  21    -1.107e-07
  22    -1.107e-07
  23    -1.107e-07
  24    -1.107e-07
  25    -1.107e-07
  26    -1.107e-07
  27    -1.107e-07
  28    -1.107e-07
  29    -1.107e-07
  30    -1.107e-07
  31    -1.107e-07
  32    -1.107e-07
  33    -1.107e-07
  34    -1.107e-07
  35    -1.107e-07
  36    -1.107e-07
  37    -1.107e-07
  38    -1.107e-07
  39    -1.107e-07
  40    -1.107e-07
  41    -1.107e-07
  42    -1.107e-07
  43    -1.107e-07
  44    -1.107e-07
  45    -1.107e-07
  46    -1.107e-07
  47    -1.107e-07
  48    -1.107e-07
  49    -1.107e-07
  50    -1.107e-07
  51    -1.107e-07
  52    -1.107e-07
  53    -1.107e-07
  54    -1.107e-07
  55    -1.107e-07
  56    -1.107e-07
  57    -1.107e-07
  58    -1.107e-07
  59    -1.107e-07
  60    -1.107e-07
  61    -1.107e-07
  62    -1.107e-07
  63    -1.107e-07
  64    -1.107e-07
  65    -1.107e-07
  66    -1.107e-07
  67    -1.107e-07
  68    -1.107e-07
  69    -1.107e-07
  70    -1.107e-07
  71    -1.107e-07
  72    -1.107e-07
  73    -1.107e-07
  74    -1.107e-07
  75    -1.107e-07
  76    -1.107e-07
  77    -1.107e-07
  78    -1.107e-07
  79    -1.107e-07
  80    -1.107e-07
  81    -1.107e-07
  82    -1.107e-07
  83    -1.107e-07
  84    -1.107e-07
  85    -1.107e-07
  86    -1.107e-07
  87    -1.107e-07
  88    -1.107e-07
  89    -1.107e-07
  90    -1.107e-07
  91    -1.107e-07
  92    -1.107e-07
  93    -1.107e-07
  94    -1.107e-07
  95    -1.107e-07
  96    -1.107e-07
  97    -1.107e-07
  98    -1.107e-07
  99    -1.107e-07
 100    -1.107e-07
 101    -1.107e-07
 102    -1.107e-07
 103    -1.107e-07
 104    -1.107e-07
 105    -1.107e-07
 106    -1.107e-07
 107    -1.107e-07
 108    -1.107e-07
 109    -1.107e-07
 110    -1.107e-07
 111    -1.107e-07
 112    -1.107e-07
 113    -1.107e-07
 114    -1.107e-07
 115    -1.107e-07
 116    -1.107e-07
 117    -1.107e-07
 118    -1.107e-07
 119    -1.107e-07
 120    -1.107e-07
 121    -1.107e-07
 122    -1.107e-07
 123    -1.107e-07
 124    -1.107e-07
 125    -1.107e-07
 126    -1.107e-07
 127    -1.107e-07
 128    -1.107e-07
 129    -1.107e-07
 130    -1.107e-07
 131    -1.107e-07
 132    -1.107e-07
 133    -1.107e-07
 134    -1.107e-07
 135    -1.107e-07
 136    -1.107e-07
 137    -1.107e-07
 138    -1.107e-07
 139    -1.107e-07
 140    -1.107e-07
 141    -1.107e-07
 142    -1.107e-07
 143    -1.107e-07
 144    -1.107e-07
 145    -1.107e-07
 146    -1.107e-07
 147    -1.107e-07
 148    -1.107e-07
 149    -1.107e-07
 150    -1.107e-07
 151    -1.107e-07
 152    -1.107e-07
 153    -1.107e-07
 154    -1.107e-07
 155    -1.107e-07
 156    -1.107e-07
 157    -1.107e-07
 158    -1.107e-07
 159    -1.107e-07
 160    -1.107e-07
 161    -1.107e-07
 162    -1.107e-07
 163    -1.107e-07
 164    -1.107e-07
 165    -1.107e-07
 166    -1.107e-07
 167    -1.107e-07
 168    -1.107e-07
 169    -1.107e-07
 170    -1.107e-07
 171    -1.107e-07
 172    -1.107e-07
 173    -1.107e-07
 174    -1.107e-07
 175    -1.107e-07
 176    -1.107e-07
 177    -1.107e-07
 178    -1.107e-07
 179    -1.107e-07
 180    -1.107e-07
 181    -1.107e-07
 182    -1.107e-07
 183    -1.107e-07
 184    -1.107e-07
 185    -1.107e-07
 186    -1.107e-07
 187    -1.107e-07
 188    -1.107e-07
 189    -1.107e-07
 190    -1.107e-07
 191    -1.107e-07
 192    -1.107e-07
 193    -1.107e-07
 194    -1.107e-07
 195    -1.107e-07
 196    -1.107e-07
 197    -1.107e-07
 198    -1.107e-07
 199    -1.107e-07
 200    -1.107e-07
 201    -1.107e-07
 202    -1.107e-07
 203    -1.107e-07
 204    -1.107e-07
 205    -1.107e-07
 206    -1.107e-07
 207    -1.107e-07
 208    -1.107e-07
 209    -1.107e-07
 210    -1.107e-07
 211    -1.107e-07
 212    -1.107e-07
 213    -1.107e-07
 214    -1.107e-07
 215    -1.107e-07
 216    -1.107e-07
 217    -1.107e-07
 218    -1.107e-07
 219    -1.107e-07
 220    -1.107e-07
 221    -1.107e-07
 222    -1.107e-07
 223    -1.107e-07
 224    -1.107e-07
 225    -1.107e-07
 226    -1.107e-07
 227    -1.107e-07
 228    -1.107e-07
 229    -1.107e-07
 230    -1.107e-07
 231    -1.107e-07
 232    -1.107e-07
 233    -1.107e-07
 234    -1.107e-07
 235    -1.107e-07
 236    -1.107e-07
 237    -1.107e-07
 238    -1.107e-07
 239    -1.107e-07
 240    -1.107e-07
 241    -1.107e-07
 242    -1.107e-07
 243    -1.107e-07
 244    -1.107e-07
 245    -1.107e-07
 246    -1.107e-07
 247    -1.107e-07
 248    -1.107e-07
 249    -1.107e-07
 250    -1.107e-07
 251    -1.107e-07
 252    -1.107e-07
 253    -1.107e-07
 254    -1.107e-07
 255    -1.107e-07
 256    -1.107e-07
 257    -1.107e-07
 258    -1.107e-07
 259    -1.107e-07
 260    -1.107e-07
 261    -1.107e-07
 262    -1.107e-07
 263    -1.107e-07
 264    -1.107e-07
 265    -1.107e-07
 266    -1.107e-07
 267    -1.107e-07
 268    -1.107e-07
 269    -1.107e-07
 270    -1.107e-07
 271    -1.107e-07
 272    -1.107e-07
 273    -1.107e-07
 274    -1.107e-07
 275    -1.107e-07
 276    -1.107e-07
 277    -1.107e-07
 278    -1.107e-07
 279    -1.107e-07
 280    -1.107e-07
 281    -1.107e-07
 282    -1.107e-07
 283    -1.107e-07
 284    -1.107e-07
 285    -1.107e-07
 286    -1.107e-07
 287    -1.107e-07
 288    -1.107e-07
 289    -1.107e-07
 290    -1.107e-07
 291    -1.107e-07
 292    -1.107e-07
 293    -1.107e-07
 294    -1.107e-07
 295    -1.107e-07
 296    -1.107e-07
 297    -1.107e-07
 298    -1.107e-07
 299    -1.107e-07
 300    -1.107e-07
 301    -1.107e-07
 302    -1.107e-07
 303    -1.107e-07
 304    -1.107e-07
 305    -1.107e-07
 306    -1.107e-07
 307    -1.107e-07
 308    -1.107e-07
 309    -1.107e-07
 310    -1.107e-07
 311    -1.107e-07
 312    -1.107e-07
 313    -1.107e-07
 314    -1.107e-07
 315    -1.107e-07
 316    -1.107e-07
 317    -1.107e-07
 318    -1.107e-07
 319    -1.107e-07
 320    -1.107e-07
 321    -1.107e-07
 322    -1.107e-07
 323    -1.107e-07
 324    -1.107e-07
 325    -1.107e-07
 326    -1.107e-07
 327    -1.107e-07
 328    -1.107e-07
 329    -1.107e-07
 330    -1.107e-07
 331    -1.107e-07
 332    -1.107e-07
 333    -1.107e-07
 334    -1.107e-07
 335    -1.107e-07
 336    -1.107e-07
 337    -1.107e-07
 338    -1.107e-07
 339    -1.107e-07
 340    -1.107e-07
 341    -1.107e-07
 342    -1.107e-07
 343    -1.107e-07
 344    -1.107e-07
 345    -1.107e-07
 346    -1.107e-07
 347    -1.107e-07
 348    -1.107e-07
 349    -1.107e-07
 350    -1.107e-07
 351    -1.107e-07
 352    -1.107e-07
 353    -1.107e-07
 354    -1.107e-07
 355    -1.107e-07
 356    -1.107e-07
 357    -1.107e-07
 358    -1.107e-07
 359    -1.107e-07
 360    -1.107e-07
 361    -1.107e-07
 362    -1.107e-07
 363    -1.107e-07
 364    -1.107e-07
 365    -1.107e-07
 366    -1.107e-07
 367    -1.107e-07
 368    -1.107e-07
 369    -1.107e-07
 370    -1.107e-07
 371    -1.107e-07
 372    -1.107e-07
 373    -1.107e-07
 374    -1.107e-07
 375    -1.107e-07
 376    -1.107e-07
 377    -1.107e-07
 378    -1.107e-07
 379    -1.107e-07
 380    -1.107e-07
 381    -1.107e-07
 382    -1.107e-07
 383    -1.107e-07
 384    -1.107e-07
 385    -1.107e-07
 386    -1.107e-07
 387    -1.107e-07
 388    -1.107e-07
 389    -1.107e-07
 390    -1.107e-07
 391    -1.107e-07
 392    -1.107e-07
 393    -1.107e-07
 394    -1.107e-07
 395    -1.107e-07
 396    -1.107e-07
 397    -1.107e-07
 398    -1.107e-07
 399    -1.107e-07
 400    -1.107e-07
 401    -1.107e-07
 402    -1.107e-07
 403    -1.107e-07
 404    -1.107e-07
 405    -1.107e-07
 406    -1.107e-07
 407    -1.107e-07
 408    -1.107e-07
 409    -1.107e-07
 410    -1.107e-07
 411    -1.107e-07
 412    -1.107e-07
 413    -1.107e-07
 414    -1.107e-07
 415    -1.107e-07
 416    -1.107e-07
 417    -1.107e-07
 418    -1.107e-07
 419    -1.107e-07
 420    -1.107e-07
 421    -1.107e-07
 422    -1.107e-07
 423    -1.107e-07
 424    -1.107e-07
 425    -1.107e-07
 426    -1.107e-07
 427    -1.107e-07
 428    -1.107e-07
 429    -1.107e-07
 430    -1.107e-07
 431    -1.107e-07
 432    -1.107e-07
 433    -1.107e-07
 434    -1.107e-07
 435    -1.107e-07
 436    -1.107e-07
 437    -1.107e-07
 438    -1.107e-07
 439    -1.107e-07
 440    -1.107e-07
 441    -1.107e-07
 442    -1.107e-07
 443    -1.107e-07
 444    -1.107e-07
 445    -1.107e-07
 446    -1.107e-07
 447    -1.107e-07
 448    -1.107e-07
 449    -1.107e-07
 450    -1.107e-07
 451    -1.107e-07
 452    -1.107e-07
 453    -1.107e-07
 454    -1.107e-07
 455    -1.107e-07
 456    -1.107e-07
 457    -1.107e-07
 458    -1.107e-07
 459    -1.107e-07
 460    -1.107e-07
 461    -1.107e-07
 462    -1.107e-07
 463    -1.107e-07
 464    -1.107e-07
 465    -1.107e-07
 466    -1.107e-07
 467    -1.107e-07
 468    -1.107e-07
 469    -1.107e-07
 470    -1.107e-07
 471    -1.107e-07
 472    -1.107e-07
 473    -1.107e-07
 474    -1.107e-07
 475    -1.107e-07
 476    -1.107e-07
 477    -1.107e-07
 478    -1.107e-07
 479    -1.107e-07
 480    -1.107e-07
 481    -1.107e-07
 482    -1.107e-07
 483    -1.107e-07
 484    -1.107e-07
 485    -1.107e-07
 486    -1.107e-07
 487    -1.107e-07
 488    -1.107e-07
 489    -1.107e-07
 490    -1.107e-07
 491    -1.107e-07
 492    -1.107e-07
 493    -1.107e-07
 494    -1.107e-07
 495    -1.107e-07
 496    -1.107e-07
 497    -1.107e-07
 498    -1.107e-07
 499    -1.107e-07
 500    -1.107e-07
!Created by ./stackanalysis_v4.pl in Users/M23_20621_sJ985CO
