!       **** Bootstrap Histogram for 500_2000 ************
!           From       To        Ctr        Freq     Cum.
         -1.745e-06 -1.732e-06 -1.739e-06     0       0
         -1.732e-06 -1.720e-06 -1.726e-06     0       0
         -1.720e-06 -1.707e-06 -1.714e-06   500     500
         -1.707e-06 -1.695e-06 -1.701e-06     0     500
         -1.695e-06 -1.682e-06 -1.688e-06     0     500
         -1.682e-06 -1.669e-06 -1.676e-06     0     500
         -1.669e-06 -1.657e-06 -1.663e-06     0     500
         -1.657e-06 -1.644e-06 -1.651e-06     0     500
         -1.644e-06 -1.632e-06 -1.638e-06     0     500
         -1.632e-06 -1.619e-06 -1.625e-06     0     500
         -1.619e-06 -1.606e-06 -1.613e-06     0     500
         -1.606e-06 -1.594e-06 -1.600e-06     0     500
         -1.594e-06 -1.581e-06 -1.587e-06     0     500
         -1.581e-06 -1.569e-06 -1.575e-06     0     500
         -1.569e-06 -1.556e-06 -1.562e-06     0     500
         -1.556e-06 -1.543e-06 -1.550e-06     0     500
         -1.543e-06 -1.531e-06 -1.537e-06     0     500
         -1.531e-06 -1.518e-06 -1.524e-06     0     500
         -1.518e-06 -1.506e-06 -1.512e-06     0     500
         -1.506e-06 -1.493e-06 -1.499e-06     0     500
         -1.493e-06 -1.480e-06 -1.487e-06     0     500
         -1.480e-06 -1.468e-06 -1.474e-06     0     500
         -1.468e-06 -1.455e-06 -1.461e-06     0     500
         -1.455e-06 -1.442e-06 -1.449e-06     0     500
         -1.442e-06 -1.430e-06 -1.436e-06     0     500
         -1.430e-06 -1.417e-06 -1.424e-06     0     500
!Created by ./stackanalysis_v4.pl in Users/CEERS_00717_AR310ox
