! Summary of image counts for Job= CEERS_00717_AR310ox
! Source File: CEERS_00717_cstack.fits      X-ray Band: 500_2000
! Source from <-9 asec  Background from >= 7.0 arcsec
! Pixel_size= 0.492000000000012 arcsec
! Poststamp_img_size=60x60 (pix) 30.0x30.0 (arcsec)
! src_rate= (cts_src/exp_src-cts_bkg/exp_bkg/px_bkg*px_src)/ecf (for each field,lbl=n)
!         = (wgt*exp_src)-weighted mean of used fields (lbl=sum) or objects (lbl=All).
! UL90: 90 percent Bayasian upper limit in c/s
! *** Note: cts_src,exp_src,px_src,cts_bkg,exp_bkg px_bkg and ul90b not weighted.            
!Obj_name     lbl  rad cts_src  exp_src  px_src cts_bkg  exp_bkg  px_bkg  src_rate    wgt    ecf offax     ul90b  Field/Comm 
!                (asec)  (cts)   (sec)    (pix)   (cts)   (sec)    (pix)    (c/s)               (amin)     (c/s)
 CEERS_00717    1  2.3       0 1.76e+05       69      30 1.75e+05     3060 -4.30e-06 1.0e+00 0.900  3.91 -9.99e+00 aegis1a/OK
 CEERS_00717    2  1.0       0 4.94e+05       13      84 4.97e+05     3080 -7.92e-07 1.0e+00 0.900  1.88 -9.99e+00 aegis1b/OK
 CEERS_00717  sum  1.5       0 6.70e+05       82     114 6.72e+05     6140 -1.71e-06 1.0e+00 0.900 -9.90  3.82e-06 used_flds:2
!          ================= Final Summed Result =====================
 sum_all      All  1.5       0 6.70e+05       82     114 6.72e+05     6140 -1.71e-06 1.0e+00 0.900 -9.90  3.82e-06 used_objs:1
!          =============================================================
!Accepted: 1  Near_src: 0  Out: 0   Total: 1
!Final Stacked Rate: -1.71e-06 +/-  2.16e-07 (Counting Statistics Error)
!Total Exposure:  6.70e+05 [sec]
!Please refer to bootstrap results for  better error analysis.
! Notes from Dataset (if any):
! 
! See <a href="./Notes_AEGISXD_1.txt"> this note </a> for details of the dataset used here for AEGIS-XD. Many thanks to Antonis Georgakakis for providing us with reprocessed data.
!Created by ./stackanalysis_v4.pl in https://lambic.astrosen.unam.mx/cstack_v4.5/Users/CEERS_00717_AR310ox
