!Sorted Bootstrap Resuls for 500_2000
!No     rate_boot
   1     9.051e-07
   2     9.051e-07
   3     9.051e-07
   4     9.051e-07
   5     9.051e-07
   6     9.051e-07
   7     9.051e-07
   8     9.051e-07
   9     9.051e-07
  10     9.051e-07
  11     9.051e-07
  12     9.051e-07
  13     9.051e-07
  14     9.051e-07
  15     9.051e-07
  16     9.051e-07
  17     9.051e-07
  18     9.051e-07
  19     9.051e-07
  20     9.051e-07
  21     9.051e-07
  22     9.051e-07
  23     9.051e-07
  24     9.051e-07
  25     9.051e-07
  26     9.051e-07
  27     9.051e-07
  28     9.051e-07
  29     9.051e-07
  30     9.051e-07
  31     9.051e-07
  32     9.051e-07
  33     9.051e-07
  34     9.051e-07
  35     9.051e-07
  36     9.051e-07
  37     9.051e-07
  38     9.051e-07
  39     9.051e-07
  40     9.051e-07
  41     9.051e-07
  42     9.051e-07
  43     9.051e-07
  44     9.051e-07
  45     9.051e-07
  46     9.051e-07
  47     9.051e-07
  48     9.051e-07
  49     9.051e-07
  50     9.051e-07
  51     9.051e-07
  52     9.051e-07
  53     9.051e-07
  54     9.051e-07
  55     9.051e-07
  56     9.051e-07
  57     9.051e-07
  58     9.051e-07
  59     9.051e-07
  60     9.051e-07
  61     9.051e-07
  62     9.051e-07
  63     9.051e-07
  64     9.051e-07
  65     9.051e-07
  66     9.051e-07
  67     9.051e-07
  68     9.051e-07
  69     9.051e-07
  70     9.051e-07
  71     9.051e-07
  72     9.051e-07
  73     9.051e-07
  74     9.051e-07
  75     9.051e-07
  76     9.051e-07
  77     9.051e-07
  78     9.051e-07
  79     9.051e-07
  80     9.051e-07
  81     9.051e-07
  82     9.051e-07
  83     9.051e-07
  84     9.051e-07
  85     9.051e-07
  86     9.051e-07
  87     9.051e-07
  88     9.051e-07
  89     9.051e-07
  90     9.051e-07
  91     9.051e-07
  92     9.051e-07
  93     9.051e-07
  94     9.051e-07
  95     9.051e-07
  96     9.051e-07
  97     9.051e-07
  98     9.051e-07
  99     9.051e-07
 100     9.051e-07
 101     9.051e-07
 102     9.051e-07
 103     9.051e-07
 104     9.051e-07
 105     9.051e-07
 106     9.051e-07
 107     9.051e-07
 108     9.051e-07
 109     9.051e-07
 110     9.051e-07
 111     9.051e-07
 112     9.051e-07
 113     9.051e-07
 114     9.051e-07
 115     9.051e-07
 116     9.051e-07
 117     9.051e-07
 118     9.051e-07
 119     9.051e-07
 120     9.051e-07
 121     9.051e-07
 122     9.051e-07
 123     9.051e-07
 124     9.051e-07
 125     9.051e-07
 126     9.051e-07
 127     9.051e-07
 128     9.051e-07
 129     9.051e-07
 130     9.051e-07
 131     9.051e-07
 132     9.051e-07
 133     9.051e-07
 134     9.051e-07
 135     9.051e-07
 136     9.051e-07
 137     9.051e-07
 138     9.051e-07
 139     9.051e-07
 140     9.051e-07
 141     9.051e-07
 142     9.051e-07
 143     9.051e-07
 144     9.051e-07
 145     9.051e-07
 146     9.051e-07
 147     9.051e-07
 148     9.051e-07
 149     9.051e-07
 150     9.051e-07
 151     9.051e-07
 152     9.051e-07
 153     9.051e-07
 154     9.051e-07
 155     9.051e-07
 156     9.051e-07
 157     9.051e-07
 158     9.051e-07
 159     9.051e-07
 160     9.051e-07
 161     9.051e-07
 162     9.051e-07
 163     9.051e-07
 164     9.051e-07
 165     9.051e-07
 166     9.051e-07
 167     9.051e-07
 168     9.051e-07
 169     9.051e-07
 170     9.051e-07
 171     9.051e-07
 172     9.051e-07
 173     9.051e-07
 174     9.051e-07
 175     9.051e-07
 176     9.051e-07
 177     9.051e-07
 178     9.051e-07
 179     9.051e-07
 180     9.051e-07
 181     9.051e-07
 182     9.051e-07
 183     9.051e-07
 184     9.051e-07
 185     9.051e-07
 186     9.051e-07
 187     9.051e-07
 188     9.051e-07
 189     9.051e-07
 190     9.051e-07
 191     9.051e-07
 192     9.051e-07
 193     9.051e-07
 194     9.051e-07
 195     9.051e-07
 196     9.051e-07
 197     9.051e-07
 198     9.051e-07
 199     9.051e-07
 200     9.051e-07
 201     9.051e-07
 202     9.051e-07
 203     9.051e-07
 204     9.051e-07
 205     9.051e-07
 206     9.051e-07
 207     9.051e-07
 208     9.051e-07
 209     9.051e-07
 210     9.051e-07
 211     9.051e-07
 212     9.051e-07
 213     9.051e-07
 214     9.051e-07
 215     9.051e-07
 216     9.051e-07
 217     9.051e-07
 218     9.051e-07
 219     9.051e-07
 220     9.051e-07
 221     9.051e-07
 222     9.051e-07
 223     9.051e-07
 224     9.051e-07
 225     9.051e-07
 226     9.051e-07
 227     9.051e-07
 228     9.051e-07
 229     9.051e-07
 230     9.051e-07
 231     9.051e-07
 232     9.051e-07
 233     9.051e-07
 234     9.051e-07
 235     9.051e-07
 236     9.051e-07
 237     9.051e-07
 238     9.051e-07
 239     9.051e-07
 240     9.051e-07
 241     9.051e-07
 242     9.051e-07
 243     9.051e-07
 244     9.051e-07
 245     9.051e-07
 246     9.051e-07
 247     9.051e-07
 248     9.051e-07
 249     9.051e-07
 250     9.051e-07
 251     9.051e-07
 252     9.051e-07
 253     9.051e-07
 254     9.051e-07
 255     9.051e-07
 256     9.051e-07
 257     9.051e-07
 258     9.051e-07
 259     9.051e-07
 260     9.051e-07
 261     9.051e-07
 262     9.051e-07
 263     9.051e-07
 264     9.051e-07
 265     9.051e-07
 266     9.051e-07
 267     9.051e-07
 268     9.051e-07
 269     9.051e-07
 270     9.051e-07
 271     9.051e-07
 272     9.051e-07
 273     9.051e-07
 274     9.051e-07
 275     9.051e-07
 276     9.051e-07
 277     9.051e-07
 278     9.051e-07
 279     9.051e-07
 280     9.051e-07
 281     9.051e-07
 282     9.051e-07
 283     9.051e-07
 284     9.051e-07
 285     9.051e-07
 286     9.051e-07
 287     9.051e-07
 288     9.051e-07
 289     9.051e-07
 290     9.051e-07
 291     9.051e-07
 292     9.051e-07
 293     9.051e-07
 294     9.051e-07
 295     9.051e-07
 296     9.051e-07
 297     9.051e-07
 298     9.051e-07
 299     9.051e-07
 300     9.051e-07
 301     9.051e-07
 302     9.051e-07
 303     9.051e-07
 304     9.051e-07
 305     9.051e-07
 306     9.051e-07
 307     9.051e-07
 308     9.051e-07
 309     9.051e-07
 310     9.051e-07
 311     9.051e-07
 312     9.051e-07
 313     9.051e-07
 314     9.051e-07
 315     9.051e-07
 316     9.051e-07
 317     9.051e-07
 318     9.051e-07
 319     9.051e-07
 320     9.051e-07
 321     9.051e-07
 322     9.051e-07
 323     9.051e-07
 324     9.051e-07
 325     9.051e-07
 326     9.051e-07
 327     9.051e-07
 328     9.051e-07
 329     9.051e-07
 330     9.051e-07
 331     9.051e-07
 332     9.051e-07
 333     9.051e-07
 334     9.051e-07
 335     9.051e-07
 336     9.051e-07
 337     9.051e-07
 338     9.051e-07
 339     9.051e-07
 340     9.051e-07
 341     9.051e-07
 342     9.051e-07
 343     9.051e-07
 344     9.051e-07
 345     9.051e-07
 346     9.051e-07
 347     9.051e-07
 348     9.051e-07
 349     9.051e-07
 350     9.051e-07
 351     9.051e-07
 352     9.051e-07
 353     9.051e-07
 354     9.051e-07
 355     9.051e-07
 356     9.051e-07
 357     9.051e-07
 358     9.051e-07
 359     9.051e-07
 360     9.051e-07
 361     9.051e-07
 362     9.051e-07
 363     9.051e-07
 364     9.051e-07
 365     9.051e-07
 366     9.051e-07
 367     9.051e-07
 368     9.051e-07
 369     9.051e-07
 370     9.051e-07
 371     9.051e-07
 372     9.051e-07
 373     9.051e-07
 374     9.051e-07
 375     9.051e-07
 376     9.051e-07
 377     9.051e-07
 378     9.051e-07
 379     9.051e-07
 380     9.051e-07
 381     9.051e-07
 382     9.051e-07
 383     9.051e-07
 384     9.051e-07
 385     9.051e-07
 386     9.051e-07
 387     9.051e-07
 388     9.051e-07
 389     9.051e-07
 390     9.051e-07
 391     9.051e-07
 392     9.051e-07
 393     9.051e-07
 394     9.051e-07
 395     9.051e-07
 396     9.051e-07
 397     9.051e-07
 398     9.051e-07
 399     9.051e-07
 400     9.051e-07
 401     9.051e-07
 402     9.051e-07
 403     9.051e-07
 404     9.051e-07
 405     9.051e-07
 406     9.051e-07
 407     9.051e-07
 408     9.051e-07
 409     9.051e-07
 410     9.051e-07
 411     9.051e-07
 412     9.051e-07
 413     9.051e-07
 414     9.051e-07
 415     9.051e-07
 416     9.051e-07
 417     9.051e-07
 418     9.051e-07
 419     9.051e-07
 420     9.051e-07
 421     9.051e-07
 422     9.051e-07
 423     9.051e-07
 424     9.051e-07
 425     9.051e-07
 426     9.051e-07
 427     9.051e-07
 428     9.051e-07
 429     9.051e-07
 430     9.051e-07
 431     9.051e-07
 432     9.051e-07
 433     9.051e-07
 434     9.051e-07
 435     9.051e-07
 436     9.051e-07
 437     9.051e-07
 438     9.051e-07
 439     9.051e-07
 440     9.051e-07
 441     9.051e-07
 442     9.051e-07
 443     9.051e-07
 444     9.051e-07
 445     9.051e-07
 446     9.051e-07
 447     9.051e-07
 448     9.051e-07
 449     9.051e-07
 450     9.051e-07
 451     9.051e-07
 452     9.051e-07
 453     9.051e-07
 454     9.051e-07
 455     9.051e-07
 456     9.051e-07
 457     9.051e-07
 458     9.051e-07
 459     9.051e-07
 460     9.051e-07
 461     9.051e-07
 462     9.051e-07
 463     9.051e-07
 464     9.051e-07
 465     9.051e-07
 466     9.051e-07
 467     9.051e-07
 468     9.051e-07
 469     9.051e-07
 470     9.051e-07
 471     9.051e-07
 472     9.051e-07
 473     9.051e-07
 474     9.051e-07
 475     9.051e-07
 476     9.051e-07
 477     9.051e-07
 478     9.051e-07
 479     9.051e-07
 480     9.051e-07
 481     9.051e-07
 482     9.051e-07
 483     9.051e-07
 484     9.051e-07
 485     9.051e-07
 486     9.051e-07
 487     9.051e-07
 488     9.051e-07
 489     9.051e-07
 490     9.051e-07
 491     9.051e-07
 492     9.051e-07
 493     9.051e-07
 494     9.051e-07
 495     9.051e-07
 496     9.051e-07
 497     9.051e-07
 498     9.051e-07
 499     9.051e-07
 500     9.051e-07
!Created by ./stackanalysis_v4.pl in Users/GOODS_N_4014_vr406ph
