!       **** Bootstrap Histogram for 2000_8000 ************
!           From       To        Ctr        Freq     Cum.
         -1.781e-06 -1.722e-06 -1.752e-06     0       0
         -1.722e-06 -1.664e-06 -1.693e-06     0       0
         -1.664e-06 -1.605e-06 -1.634e-06   500     500
         -1.605e-06 -1.546e-06 -1.575e-06     0     500
         -1.546e-06 -1.487e-06 -1.517e-06     0     500
         -1.487e-06 -1.428e-06 -1.458e-06     0     500
         -1.428e-06 -1.369e-06 -1.399e-06     0     500
         -1.369e-06 -1.311e-06 -1.340e-06     0     500
         -1.311e-06 -1.252e-06 -1.281e-06     0     500
         -1.252e-06 -1.193e-06 -1.222e-06     0     500
         -1.193e-06 -1.134e-06 -1.163e-06     0     500
         -1.134e-06 -1.075e-06 -1.105e-06     0     500
         -1.075e-06 -1.016e-06 -1.046e-06     0     500
         -1.016e-06 -9.574e-07 -9.869e-07     0     500
         -9.574e-07 -8.986e-07 -9.280e-07     0     500
         -8.986e-07 -8.397e-07 -8.692e-07     0     500
         -8.397e-07 -7.809e-07 -8.103e-07     0     500
         -7.809e-07 -7.220e-07 -7.515e-07     0     500
         -7.220e-07 -6.632e-07 -6.926e-07     0     500
         -6.632e-07 -6.043e-07 -6.338e-07     0     500
         -6.043e-07 -5.455e-07 -5.749e-07     0     500
         -5.455e-07 -4.866e-07 -5.161e-07     0     500
         -4.866e-07 -4.278e-07 -4.572e-07     0     500
         -4.278e-07 -3.689e-07 -3.984e-07     0     500
         -3.689e-07 -3.101e-07 -3.395e-07     0     500
         -3.101e-07 -2.512e-07 -2.807e-07     0     500
!Created by ./stackanalysis_v4.pl in Users/GOODS_S_13971_HO000sw
