!Sorted Bootstrap Resuls for 500_2000
!No     rate_boot
   1    -3.865e-07
   2    -3.865e-07
   3    -3.865e-07
   4    -3.865e-07
   5    -3.865e-07
   6    -3.865e-07
   7    -3.865e-07
   8    -3.865e-07
   9    -3.865e-07
  10    -3.865e-07
  11    -3.865e-07
  12    -3.865e-07
  13    -3.865e-07
  14    -3.865e-07
  15    -3.865e-07
  16    -3.865e-07
  17    -3.865e-07
  18    -3.865e-07
  19    -3.865e-07
  20    -3.865e-07
  21    -3.865e-07
  22    -3.865e-07
  23    -3.865e-07
  24    -3.865e-07
  25    -3.865e-07
  26    -3.865e-07
  27    -3.865e-07
  28    -3.865e-07
  29    -3.865e-07
  30    -3.865e-07
  31    -3.865e-07
  32    -3.865e-07
  33    -3.865e-07
  34    -3.865e-07
  35    -3.865e-07
  36    -3.865e-07
  37    -3.865e-07
  38    -3.865e-07
  39    -3.865e-07
  40    -3.865e-07
  41    -3.865e-07
  42    -3.865e-07
  43    -3.865e-07
  44    -3.865e-07
  45    -3.865e-07
  46    -3.865e-07
  47    -3.865e-07
  48    -3.865e-07
  49    -3.865e-07
  50    -3.865e-07
  51    -3.865e-07
  52    -3.865e-07
  53    -3.865e-07
  54    -3.865e-07
  55    -3.865e-07
  56    -3.865e-07
  57    -3.865e-07
  58    -3.865e-07
  59    -3.865e-07
  60    -3.865e-07
  61    -3.865e-07
  62    -3.865e-07
  63    -3.865e-07
  64    -3.865e-07
  65    -3.865e-07
  66    -3.865e-07
  67    -3.865e-07
  68    -3.865e-07
  69    -3.865e-07
  70    -3.865e-07
  71    -3.865e-07
  72    -3.865e-07
  73    -3.865e-07
  74    -3.865e-07
  75    -3.865e-07
  76    -3.865e-07
  77    -3.865e-07
  78    -3.865e-07
  79    -3.865e-07
  80    -3.865e-07
  81    -3.865e-07
  82    -3.865e-07
  83    -3.865e-07
  84    -3.865e-07
  85    -3.865e-07
  86    -3.865e-07
  87    -3.865e-07
  88    -3.865e-07
  89    -3.865e-07
  90    -3.865e-07
  91    -3.865e-07
  92    -3.865e-07
  93    -3.865e-07
  94    -3.865e-07
  95    -3.865e-07
  96    -3.865e-07
  97    -3.865e-07
  98    -3.865e-07
  99    -3.865e-07
 100    -3.865e-07
 101    -3.865e-07
 102    -3.865e-07
 103    -3.865e-07
 104    -3.865e-07
 105    -3.865e-07
 106    -3.865e-07
 107    -3.865e-07
 108    -3.865e-07
 109    -3.865e-07
 110    -3.865e-07
 111    -3.865e-07
 112    -3.865e-07
 113    -3.865e-07
 114    -3.865e-07
 115    -3.865e-07
 116    -3.865e-07
 117    -3.865e-07
 118    -3.865e-07
 119    -3.865e-07
 120    -3.865e-07
 121    -3.865e-07
 122    -3.865e-07
 123    -3.865e-07
 124    -3.865e-07
 125    -3.865e-07
 126    -3.865e-07
 127    -3.865e-07
 128    -3.865e-07
 129    -3.865e-07
 130    -3.865e-07
 131    -3.865e-07
 132    -3.865e-07
 133    -3.865e-07
 134    -3.865e-07
 135    -3.865e-07
 136    -3.865e-07
 137    -3.865e-07
 138    -3.865e-07
 139    -3.865e-07
 140    -3.865e-07
 141    -3.865e-07
 142    -3.865e-07
 143    -3.865e-07
 144    -3.865e-07
 145    -3.865e-07
 146    -3.865e-07
 147    -3.865e-07
 148    -3.865e-07
 149    -3.865e-07
 150    -3.865e-07
 151    -3.865e-07
 152    -3.865e-07
 153    -3.865e-07
 154    -3.865e-07
 155    -3.865e-07
 156    -3.865e-07
 157    -3.865e-07
 158    -3.865e-07
 159    -3.865e-07
 160    -3.865e-07
 161    -3.865e-07
 162    -3.865e-07
 163    -3.865e-07
 164    -3.865e-07
 165    -3.865e-07
 166    -3.865e-07
 167    -3.865e-07
 168    -3.865e-07
 169    -3.865e-07
 170    -3.865e-07
 171    -3.865e-07
 172    -3.865e-07
 173    -3.865e-07
 174    -3.865e-07
 175    -3.865e-07
 176    -3.865e-07
 177    -3.865e-07
 178    -3.865e-07
 179    -3.865e-07
 180    -3.865e-07
 181    -3.865e-07
 182    -3.865e-07
 183    -3.865e-07
 184    -3.865e-07
 185    -3.865e-07
 186    -3.865e-07
 187    -3.865e-07
 188    -3.865e-07
 189    -3.865e-07
 190    -3.865e-07
 191    -3.865e-07
 192    -3.865e-07
 193    -3.865e-07
 194    -3.865e-07
 195    -3.865e-07
 196    -3.865e-07
 197    -3.865e-07
 198    -3.865e-07
 199    -3.865e-07
 200    -3.865e-07
 201    -3.865e-07
 202    -3.865e-07
 203    -3.865e-07
 204    -3.865e-07
 205    -3.865e-07
 206    -3.865e-07
 207    -3.865e-07
 208    -3.865e-07
 209    -3.865e-07
 210    -3.865e-07
 211    -3.865e-07
 212    -3.865e-07
 213    -3.865e-07
 214    -3.865e-07
 215    -3.865e-07
 216    -3.865e-07
 217    -3.865e-07
 218    -3.865e-07
 219    -3.865e-07
 220    -3.865e-07
 221    -3.865e-07
 222    -3.865e-07
 223    -3.865e-07
 224    -3.865e-07
 225    -3.865e-07
 226    -3.865e-07
 227    -3.865e-07
 228    -3.865e-07
 229    -3.865e-07
 230    -3.865e-07
 231    -3.865e-07
 232    -3.865e-07
 233    -3.865e-07
 234    -3.865e-07
 235    -3.865e-07
 236    -3.865e-07
 237    -3.865e-07
 238    -3.865e-07
 239    -3.865e-07
 240    -3.865e-07
 241    -3.865e-07
 242    -3.865e-07
 243    -3.865e-07
 244    -3.865e-07
 245    -3.865e-07
 246    -3.865e-07
 247    -3.865e-07
 248    -3.865e-07
 249    -3.865e-07
 250    -3.865e-07
 251    -3.865e-07
 252    -3.865e-07
 253    -3.865e-07
 254    -3.865e-07
 255    -3.865e-07
 256    -3.865e-07
 257    -3.865e-07
 258    -3.865e-07
 259    -3.865e-07
 260    -3.865e-07
 261    -3.865e-07
 262    -3.865e-07
 263    -3.865e-07
 264    -3.865e-07
 265    -3.865e-07
 266    -3.865e-07
 267    -3.865e-07
 268    -3.865e-07
 269    -3.865e-07
 270    -3.865e-07
 271    -3.865e-07
 272    -3.865e-07
 273    -3.865e-07
 274    -3.865e-07
 275    -3.865e-07
 276    -3.865e-07
 277    -3.865e-07
 278    -3.865e-07
 279    -3.865e-07
 280    -3.865e-07
 281    -3.865e-07
 282    -3.865e-07
 283    -3.865e-07
 284    -3.865e-07
 285    -3.865e-07
 286    -3.865e-07
 287    -3.865e-07
 288    -3.865e-07
 289    -3.865e-07
 290    -3.865e-07
 291    -3.865e-07
 292    -3.865e-07
 293    -3.865e-07
 294    -3.865e-07
 295    -3.865e-07
 296    -3.865e-07
 297    -3.865e-07
 298    -3.865e-07
 299    -3.865e-07
 300    -3.865e-07
 301    -3.865e-07
 302    -3.865e-07
 303    -3.865e-07
 304    -3.865e-07
 305    -3.865e-07
 306    -3.865e-07
 307    -3.865e-07
 308    -3.865e-07
 309    -3.865e-07
 310    -3.865e-07
 311    -3.865e-07
 312    -3.865e-07
 313    -3.865e-07
 314    -3.865e-07
 315    -3.865e-07
 316    -3.865e-07
 317    -3.865e-07
 318    -3.865e-07
 319    -3.865e-07
 320    -3.865e-07
 321    -3.865e-07
 322    -3.865e-07
 323    -3.865e-07
 324    -3.865e-07
 325    -3.865e-07
 326    -3.865e-07
 327    -3.865e-07
 328    -3.865e-07
 329    -3.865e-07
 330    -3.865e-07
 331    -3.865e-07
 332    -3.865e-07
 333    -3.865e-07
 334    -3.865e-07
 335    -3.865e-07
 336    -3.865e-07
 337    -3.865e-07
 338    -3.865e-07
 339    -3.865e-07
 340    -3.865e-07
 341    -3.865e-07
 342    -3.865e-07
 343    -3.865e-07
 344    -3.865e-07
 345    -3.865e-07
 346    -3.865e-07
 347    -3.865e-07
 348    -3.865e-07
 349    -3.865e-07
 350    -3.865e-07
 351    -3.865e-07
 352    -3.865e-07
 353    -3.865e-07
 354    -3.865e-07
 355    -3.865e-07
 356    -3.865e-07
 357    -3.865e-07
 358    -3.865e-07
 359    -3.865e-07
 360    -3.865e-07
 361    -3.865e-07
 362    -3.865e-07
 363    -3.865e-07
 364    -3.865e-07
 365    -3.865e-07
 366    -3.865e-07
 367    -3.865e-07
 368    -3.865e-07
 369    -3.865e-07
 370    -3.865e-07
 371    -3.865e-07
 372    -3.865e-07
 373    -3.865e-07
 374    -3.865e-07
 375    -3.865e-07
 376    -3.865e-07
 377    -3.865e-07
 378    -3.865e-07
 379    -3.865e-07
 380    -3.865e-07
 381    -3.865e-07
 382    -3.865e-07
 383    -3.865e-07
 384    -3.865e-07
 385    -3.865e-07
 386    -3.865e-07
 387    -3.865e-07
 388    -3.865e-07
 389    -3.865e-07
 390    -3.865e-07
 391    -3.865e-07
 392    -3.865e-07
 393    -3.865e-07
 394    -3.865e-07
 395    -3.865e-07
 396    -3.865e-07
 397    -3.865e-07
 398    -3.865e-07
 399    -3.865e-07
 400    -3.865e-07
 401    -3.865e-07
 402    -3.865e-07
 403    -3.865e-07
 404    -3.865e-07
 405    -3.865e-07
 406    -3.865e-07
 407    -3.865e-07
 408    -3.865e-07
 409    -3.865e-07
 410    -3.865e-07
 411    -3.865e-07
 412    -3.865e-07
 413    -3.865e-07
 414    -3.865e-07
 415    -3.865e-07
 416    -3.865e-07
 417    -3.865e-07
 418    -3.865e-07
 419    -3.865e-07
 420    -3.865e-07
 421    -3.865e-07
 422    -3.865e-07
 423    -3.865e-07
 424    -3.865e-07
 425    -3.865e-07
 426    -3.865e-07
 427    -3.865e-07
 428    -3.865e-07
 429    -3.865e-07
 430    -3.865e-07
 431    -3.865e-07
 432    -3.865e-07
 433    -3.865e-07
 434    -3.865e-07
 435    -3.865e-07
 436    -3.865e-07
 437    -3.865e-07
 438    -3.865e-07
 439    -3.865e-07
 440    -3.865e-07
 441    -3.865e-07
 442    -3.865e-07
 443    -3.865e-07
 444    -3.865e-07
 445    -3.865e-07
 446    -3.865e-07
 447    -3.865e-07
 448    -3.865e-07
 449    -3.865e-07
 450    -3.865e-07
 451    -3.865e-07
 452    -3.865e-07
 453    -3.865e-07
 454    -3.865e-07
 455    -3.865e-07
 456    -3.865e-07
 457    -3.865e-07
 458    -3.865e-07
 459    -3.865e-07
 460    -3.865e-07
 461    -3.865e-07
 462    -3.865e-07
 463    -3.865e-07
 464    -3.865e-07
 465    -3.865e-07
 466    -3.865e-07
 467    -3.865e-07
 468    -3.865e-07
 469    -3.865e-07
 470    -3.865e-07
 471    -3.865e-07
 472    -3.865e-07
 473    -3.865e-07
 474    -3.865e-07
 475    -3.865e-07
 476    -3.865e-07
 477    -3.865e-07
 478    -3.865e-07
 479    -3.865e-07
 480    -3.865e-07
 481    -3.865e-07
 482    -3.865e-07
 483    -3.865e-07
 484    -3.865e-07
 485    -3.865e-07
 486    -3.865e-07
 487    -3.865e-07
 488    -3.865e-07
 489    -3.865e-07
 490    -3.865e-07
 491    -3.865e-07
 492    -3.865e-07
 493    -3.865e-07
 494    -3.865e-07
 495    -3.865e-07
 496    -3.865e-07
 497    -3.865e-07
 498    -3.865e-07
 499    -3.865e-07
 500    -3.865e-07
!Created by ./stackanalysis_v4.pl in Users/GOODS_S_13971_HO000sw
