!Sorted Bootstrap Resuls for 500_2000
!No     rate_boot
   1     4.527e-07
   2     4.527e-07
   3     4.527e-07
   4     4.527e-07
   5     4.527e-07
   6     4.527e-07
   7     4.527e-07
   8     4.527e-07
   9     4.527e-07
  10     4.527e-07
  11     4.527e-07
  12     4.527e-07
  13     4.527e-07
  14     4.527e-07
  15     4.527e-07
  16     4.527e-07
  17     4.527e-07
  18     4.527e-07
  19     4.527e-07
  20     4.527e-07
  21     4.527e-07
  22     4.527e-07
  23     4.527e-07
  24     4.527e-07
  25     4.527e-07
  26     4.527e-07
  27     4.527e-07
  28     4.527e-07
  29     4.527e-07
  30     4.527e-07
  31     4.527e-07
  32     4.527e-07
  33     4.527e-07
  34     4.527e-07
  35     4.527e-07
  36     4.527e-07
  37     4.527e-07
  38     4.527e-07
  39     4.527e-07
  40     4.527e-07
  41     4.527e-07
  42     4.527e-07
  43     4.527e-07
  44     4.527e-07
  45     4.527e-07
  46     4.527e-07
  47     4.527e-07
  48     4.527e-07
  49     4.527e-07
  50     4.527e-07
  51     4.527e-07
  52     4.527e-07
  53     4.527e-07
  54     4.527e-07
  55     4.527e-07
  56     4.527e-07
  57     4.527e-07
  58     4.527e-07
  59     4.527e-07
  60     4.527e-07
  61     4.527e-07
  62     4.527e-07
  63     4.527e-07
  64     4.527e-07
  65     4.527e-07
  66     4.527e-07
  67     4.527e-07
  68     4.527e-07
  69     4.527e-07
  70     4.527e-07
  71     4.527e-07
  72     4.527e-07
  73     4.527e-07
  74     4.527e-07
  75     4.527e-07
  76     4.527e-07
  77     4.527e-07
  78     4.527e-07
  79     4.527e-07
  80     4.527e-07
  81     4.527e-07
  82     4.527e-07
  83     4.527e-07
  84     4.527e-07
  85     4.527e-07
  86     4.527e-07
  87     4.527e-07
  88     4.527e-07
  89     4.527e-07
  90     4.527e-07
  91     4.527e-07
  92     4.527e-07
  93     4.527e-07
  94     4.527e-07
  95     4.527e-07
  96     4.527e-07
  97     4.527e-07
  98     4.527e-07
  99     4.527e-07
 100     4.527e-07
 101     4.527e-07
 102     4.527e-07
 103     4.527e-07
 104     4.527e-07
 105     4.527e-07
 106     4.527e-07
 107     4.527e-07
 108     4.527e-07
 109     4.527e-07
 110     4.527e-07
 111     4.527e-07
 112     4.527e-07
 113     4.527e-07
 114     4.527e-07
 115     4.527e-07
 116     4.527e-07
 117     4.527e-07
 118     4.527e-07
 119     4.527e-07
 120     4.527e-07
 121     4.527e-07
 122     4.527e-07
 123     4.527e-07
 124     4.527e-07
 125     4.527e-07
 126     4.527e-07
 127     4.527e-07
 128     4.527e-07
 129     4.527e-07
 130     4.527e-07
 131     4.527e-07
 132     4.527e-07
 133     4.527e-07
 134     4.527e-07
 135     4.527e-07
 136     4.527e-07
 137     4.527e-07
 138     4.527e-07
 139     4.527e-07
 140     4.527e-07
 141     4.527e-07
 142     4.527e-07
 143     4.527e-07
 144     4.527e-07
 145     4.527e-07
 146     4.527e-07
 147     4.527e-07
 148     4.527e-07
 149     4.527e-07
 150     4.527e-07
 151     4.527e-07
 152     4.527e-07
 153     4.527e-07
 154     4.527e-07
 155     4.527e-07
 156     4.527e-07
 157     4.527e-07
 158     4.527e-07
 159     4.527e-07
 160     4.527e-07
 161     4.527e-07
 162     4.527e-07
 163     4.527e-07
 164     4.527e-07
 165     4.527e-07
 166     4.527e-07
 167     4.527e-07
 168     4.527e-07
 169     4.527e-07
 170     4.527e-07
 171     4.527e-07
 172     4.527e-07
 173     4.527e-07
 174     4.527e-07
 175     4.527e-07
 176     4.527e-07
 177     4.527e-07
 178     4.527e-07
 179     4.527e-07
 180     4.527e-07
 181     4.527e-07
 182     4.527e-07
 183     4.527e-07
 184     4.527e-07
 185     4.527e-07
 186     4.527e-07
 187     4.527e-07
 188     4.527e-07
 189     4.527e-07
 190     4.527e-07
 191     4.527e-07
 192     4.527e-07
 193     4.527e-07
 194     4.527e-07
 195     4.527e-07
 196     4.527e-07
 197     4.527e-07
 198     4.527e-07
 199     4.527e-07
 200     4.527e-07
 201     4.527e-07
 202     4.527e-07
 203     4.527e-07
 204     4.527e-07
 205     4.527e-07
 206     4.527e-07
 207     4.527e-07
 208     4.527e-07
 209     4.527e-07
 210     4.527e-07
 211     4.527e-07
 212     4.527e-07
 213     4.527e-07
 214     4.527e-07
 215     4.527e-07
 216     4.527e-07
 217     4.527e-07
 218     4.527e-07
 219     4.527e-07
 220     4.527e-07
 221     4.527e-07
 222     4.527e-07
 223     4.527e-07
 224     4.527e-07
 225     4.527e-07
 226     4.527e-07
 227     4.527e-07
 228     4.527e-07
 229     4.527e-07
 230     4.527e-07
 231     4.527e-07
 232     4.527e-07
 233     4.527e-07
 234     4.527e-07
 235     4.527e-07
 236     4.527e-07
 237     4.527e-07
 238     4.527e-07
 239     4.527e-07
 240     4.527e-07
 241     4.527e-07
 242     4.527e-07
 243     4.527e-07
 244     4.527e-07
 245     4.527e-07
 246     4.527e-07
 247     4.527e-07
 248     4.527e-07
 249     4.527e-07
 250     4.527e-07
 251     4.527e-07
 252     4.527e-07
 253     4.527e-07
 254     4.527e-07
 255     4.527e-07
 256     4.527e-07
 257     4.527e-07
 258     4.527e-07
 259     4.527e-07
 260     4.527e-07
 261     4.527e-07
 262     4.527e-07
 263     4.527e-07
 264     4.527e-07
 265     4.527e-07
 266     4.527e-07
 267     4.527e-07
 268     4.527e-07
 269     4.527e-07
 270     4.527e-07
 271     4.527e-07
 272     4.527e-07
 273     4.527e-07
 274     4.527e-07
 275     4.527e-07
 276     4.527e-07
 277     4.527e-07
 278     4.527e-07
 279     4.527e-07
 280     4.527e-07
 281     4.527e-07
 282     4.527e-07
 283     4.527e-07
 284     4.527e-07
 285     4.527e-07
 286     4.527e-07
 287     4.527e-07
 288     4.527e-07
 289     4.527e-07
 290     4.527e-07
 291     4.527e-07
 292     4.527e-07
 293     4.527e-07
 294     4.527e-07
 295     4.527e-07
 296     4.527e-07
 297     4.527e-07
 298     4.527e-07
 299     4.527e-07
 300     4.527e-07
 301     4.527e-07
 302     4.527e-07
 303     4.527e-07
 304     4.527e-07
 305     4.527e-07
 306     4.527e-07
 307     4.527e-07
 308     4.527e-07
 309     4.527e-07
 310     4.527e-07
 311     4.527e-07
 312     4.527e-07
 313     4.527e-07
 314     4.527e-07
 315     4.527e-07
 316     4.527e-07
 317     4.527e-07
 318     4.527e-07
 319     4.527e-07
 320     4.527e-07
 321     4.527e-07
 322     4.527e-07
 323     4.527e-07
 324     4.527e-07
 325     4.527e-07
 326     4.527e-07
 327     4.527e-07
 328     4.527e-07
 329     4.527e-07
 330     4.527e-07
 331     4.527e-07
 332     4.527e-07
 333     4.527e-07
 334     4.527e-07
 335     4.527e-07
 336     4.527e-07
 337     4.527e-07
 338     4.527e-07
 339     4.527e-07
 340     4.527e-07
 341     4.527e-07
 342     4.527e-07
 343     4.527e-07
 344     4.527e-07
 345     4.527e-07
 346     4.527e-07
 347     4.527e-07
 348     4.527e-07
 349     4.527e-07
 350     4.527e-07
 351     4.527e-07
 352     4.527e-07
 353     4.527e-07
 354     4.527e-07
 355     4.527e-07
 356     4.527e-07
 357     4.527e-07
 358     4.527e-07
 359     4.527e-07
 360     4.527e-07
 361     4.527e-07
 362     4.527e-07
 363     4.527e-07
 364     4.527e-07
 365     4.527e-07
 366     4.527e-07
 367     4.527e-07
 368     4.527e-07
 369     4.527e-07
 370     4.527e-07
 371     4.527e-07
 372     4.527e-07
 373     4.527e-07
 374     4.527e-07
 375     4.527e-07
 376     4.527e-07
 377     4.527e-07
 378     4.527e-07
 379     4.527e-07
 380     4.527e-07
 381     4.527e-07
 382     4.527e-07
 383     4.527e-07
 384     4.527e-07
 385     4.527e-07
 386     4.527e-07
 387     4.527e-07
 388     4.527e-07
 389     4.527e-07
 390     4.527e-07
 391     4.527e-07
 392     4.527e-07
 393     4.527e-07
 394     4.527e-07
 395     4.527e-07
 396     4.527e-07
 397     4.527e-07
 398     4.527e-07
 399     4.527e-07
 400     4.527e-07
 401     4.527e-07
 402     4.527e-07
 403     4.527e-07
 404     4.527e-07
 405     4.527e-07
 406     4.527e-07
 407     4.527e-07
 408     4.527e-07
 409     4.527e-07
 410     4.527e-07
 411     4.527e-07
 412     4.527e-07
 413     4.527e-07
 414     4.527e-07
 415     4.527e-07
 416     4.527e-07
 417     4.527e-07
 418     4.527e-07
 419     4.527e-07
 420     4.527e-07
 421     4.527e-07
 422     4.527e-07
 423     4.527e-07
 424     4.527e-07
 425     4.527e-07
 426     4.527e-07
 427     4.527e-07
 428     4.527e-07
 429     4.527e-07
 430     4.527e-07
 431     4.527e-07
 432     4.527e-07
 433     4.527e-07
 434     4.527e-07
 435     4.527e-07
 436     4.527e-07
 437     4.527e-07
 438     4.527e-07
 439     4.527e-07
 440     4.527e-07
 441     4.527e-07
 442     4.527e-07
 443     4.527e-07
 444     4.527e-07
 445     4.527e-07
 446     4.527e-07
 447     4.527e-07
 448     4.527e-07
 449     4.527e-07
 450     4.527e-07
 451     4.527e-07
 452     4.527e-07
 453     4.527e-07
 454     4.527e-07
 455     4.527e-07
 456     4.527e-07
 457     4.527e-07
 458     4.527e-07
 459     4.527e-07
 460     4.527e-07
 461     4.527e-07
 462     4.527e-07
 463     4.527e-07
 464     4.527e-07
 465     4.527e-07
 466     4.527e-07
 467     4.527e-07
 468     4.527e-07
 469     4.527e-07
 470     4.527e-07
 471     4.527e-07
 472     4.527e-07
 473     4.527e-07
 474     4.527e-07
 475     4.527e-07
 476     4.527e-07
 477     4.527e-07
 478     4.527e-07
 479     4.527e-07
 480     4.527e-07
 481     4.527e-07
 482     4.527e-07
 483     4.527e-07
 484     4.527e-07
 485     4.527e-07
 486     4.527e-07
 487     4.527e-07
 488     4.527e-07
 489     4.527e-07
 490     4.527e-07
 491     4.527e-07
 492     4.527e-07
 493     4.527e-07
 494     4.527e-07
 495     4.527e-07
 496     4.527e-07
 497     4.527e-07
 498     4.527e-07
 499     4.527e-07
 500     4.527e-07
!Created by ./stackanalysis_v4.pl in Users/CEERS_01236_Ld152KD
