! Summary of image counts for Job= CEERS_01236_Ld152KD
! Source File: CEERS_01236_cstack.fits      X-ray Band: 2000_8000
! Source from <-9 asec  Background from >= 7.0 arcsec
! Pixel_size= 0.492000000000012 arcsec
! Poststamp_img_size=60x60 (pix) 30.0x30.0 (arcsec)
! src_rate= (cts_src/exp_src-cts_bkg/exp_bkg/px_bkg*px_src)/ecf (for each field,lbl=n)
!         = (wgt*exp_src)-weighted mean of used fields (lbl=sum) or objects (lbl=All).
! UL90: 90 percent Bayasian upper limit in c/s
! *** Note: cts_src,exp_src,px_src,cts_bkg,exp_bkg px_bkg and ul90b not weighted.            
!Obj_name     lbl  rad cts_src  exp_src  px_src cts_bkg  exp_bkg  px_bkg  src_rate    wgt    ecf offax     ul90b  Field/Comm 
!                (asec)  (cts)   (sec)    (pix)   (cts)   (sec)    (pix)    (c/s)               (amin)     (c/s)
 CEERS_01236    1  2.9       3 1.78e+05      109      76 1.78e+05     2966  1.22e-06 1.0e+00 0.900  4.12 -9.99e+00 aegis1a/OK
 CEERS_01236    2  2.5       8 5.15e+05       81     272 4.90e+05     3008  6.52e-07 1.0e+00 0.900  3.67 -9.99e+00 aegis1b/OK
 CEERS_01236  sum  2.6      11 6.93e+05      190     348 6.67e+05     5974  7.97e-07 1.0e+00 0.900 -9.90  1.14e-05 used_flds:2
!          ================= Final Summed Result =====================
 sum_all      All  2.6      11 6.93e+05      190     348 6.67e+05     5974  7.97e-07 1.0e+00 0.900 -9.90  1.06e-05 used_objs:1
!          =============================================================
!Accepted: 1  Near_src: 0  Out: 0   Total: 1
!Final Stacked Rate:  7.97e-07 +/-  5.39e-06 (Counting Statistics Error)
!Total Exposure:  6.93e+05 [sec]
!Please refer to bootstrap results for  better error analysis.
! Notes from Dataset (if any):
! 
! See <a href="./Notes_AEGISXD_1.txt"> this note </a> for details of the dataset used here for AEGIS-XD. Many thanks to Antonis Georgakakis for providing us with reprocessed data.
!Created by ./stackanalysis_v4.pl in https://lambic.astrosen.unam.mx/cstack_v4.5/Users/CEERS_01236_Ld152KD
