!       **** Bootstrap Histogram for 500_2000 ************
!           From       To        Ctr        Freq     Cum.
         -2.597e-06 -2.500e-06 -2.549e-06     0       0
         -2.500e-06 -2.403e-06 -2.451e-06     0       0
         -2.403e-06 -2.306e-06 -2.354e-06   500     500
         -2.306e-06 -2.209e-06 -2.257e-06     0     500
         -2.209e-06 -2.111e-06 -2.160e-06     0     500
         -2.111e-06 -2.014e-06 -2.063e-06     0     500
         -2.014e-06 -1.917e-06 -1.966e-06     0     500
         -1.917e-06 -1.820e-06 -1.869e-06     0     500
         -1.820e-06 -1.723e-06 -1.772e-06     0     500
         -1.723e-06 -1.626e-06 -1.674e-06     0     500
         -1.626e-06 -1.529e-06 -1.577e-06     0     500
         -1.529e-06 -1.432e-06 -1.480e-06     0     500
         -1.432e-06 -1.334e-06 -1.383e-06     0     500
         -1.334e-06 -1.237e-06 -1.286e-06     0     500
         -1.237e-06 -1.140e-06 -1.189e-06     0     500
         -1.140e-06 -1.043e-06 -1.092e-06     0     500
         -1.043e-06 -9.460e-07 -9.945e-07     0     500
         -9.460e-07 -8.489e-07 -8.974e-07     0     500
         -8.489e-07 -7.517e-07 -8.003e-07     0     500
         -7.517e-07 -6.546e-07 -7.032e-07     0     500
         -6.546e-07 -5.575e-07 -6.061e-07     0     500
         -5.575e-07 -4.604e-07 -5.089e-07     0     500
         -4.604e-07 -3.632e-07 -4.118e-07     0     500
         -3.632e-07 -2.661e-07 -3.147e-07     0     500
         -2.661e-07 -1.690e-07 -2.176e-07     0     500
         -1.690e-07 -7.188e-08 -1.204e-07     0     500
!Created by ./stackanalysis_v4.pl in Users/GOOD_N_16813_LC250RA
