!Sorted Bootstrap Resuls for 500_2000
!No     rate_boot
   1    -6.585e-07
   2    -6.585e-07
   3    -6.585e-07
   4    -6.585e-07
   5    -6.585e-07
   6    -6.585e-07
   7    -6.585e-07
   8    -6.585e-07
   9    -6.585e-07
  10    -6.585e-07
  11    -6.585e-07
  12    -6.585e-07
  13    -6.585e-07
  14    -6.585e-07
  15    -6.585e-07
  16    -6.585e-07
  17    -6.585e-07
  18    -6.585e-07
  19    -6.585e-07
  20    -6.585e-07
  21    -6.585e-07
  22    -6.585e-07
  23    -6.585e-07
  24    -6.585e-07
  25    -6.585e-07
  26    -6.585e-07
  27    -6.585e-07
  28    -6.585e-07
  29    -6.585e-07
  30    -6.585e-07
  31    -6.585e-07
  32    -6.585e-07
  33    -6.585e-07
  34    -6.585e-07
  35    -6.585e-07
  36    -6.585e-07
  37    -6.585e-07
  38    -6.585e-07
  39    -6.585e-07
  40    -6.585e-07
  41    -6.585e-07
  42    -6.585e-07
  43    -6.585e-07
  44    -6.585e-07
  45    -6.585e-07
  46    -6.585e-07
  47    -6.585e-07
  48    -6.585e-07
  49    -6.585e-07
  50    -6.585e-07
  51    -6.585e-07
  52    -6.585e-07
  53    -6.585e-07
  54    -6.585e-07
  55    -6.585e-07
  56    -6.585e-07
  57    -6.585e-07
  58    -6.585e-07
  59    -6.585e-07
  60    -6.585e-07
  61    -6.585e-07
  62    -6.585e-07
  63    -6.585e-07
  64    -6.585e-07
  65    -6.585e-07
  66    -6.585e-07
  67    -6.585e-07
  68    -6.585e-07
  69    -6.585e-07
  70    -6.585e-07
  71    -6.585e-07
  72    -6.585e-07
  73    -6.585e-07
  74    -6.585e-07
  75    -6.585e-07
  76    -6.585e-07
  77    -6.585e-07
  78    -6.585e-07
  79    -6.585e-07
  80    -6.585e-07
  81    -6.585e-07
  82    -6.585e-07
  83    -6.585e-07
  84    -6.585e-07
  85    -6.585e-07
  86    -6.585e-07
  87    -6.585e-07
  88    -6.585e-07
  89    -6.585e-07
  90    -6.585e-07
  91    -6.585e-07
  92    -6.585e-07
  93    -6.585e-07
  94    -6.585e-07
  95    -6.585e-07
  96    -6.585e-07
  97    -6.585e-07
  98    -6.585e-07
  99    -6.585e-07
 100    -6.585e-07
 101    -6.585e-07
 102    -6.585e-07
 103    -6.585e-07
 104    -6.585e-07
 105    -6.585e-07
 106    -6.585e-07
 107    -6.585e-07
 108    -6.585e-07
 109    -6.585e-07
 110    -6.585e-07
 111    -6.585e-07
 112    -6.585e-07
 113    -6.585e-07
 114    -6.585e-07
 115    -6.585e-07
 116    -6.585e-07
 117    -6.585e-07
 118    -6.585e-07
 119    -6.585e-07
 120    -6.585e-07
 121    -6.585e-07
 122    -6.585e-07
 123    -6.585e-07
 124    -6.585e-07
 125    -6.585e-07
 126    -6.585e-07
 127    -6.585e-07
 128    -6.585e-07
 129    -6.585e-07
 130    -6.585e-07
 131    -6.585e-07
 132    -6.585e-07
 133    -6.585e-07
 134    -6.585e-07
 135    -6.585e-07
 136    -6.585e-07
 137    -6.585e-07
 138    -6.585e-07
 139    -6.585e-07
 140    -6.585e-07
 141    -6.585e-07
 142    -6.585e-07
 143    -6.585e-07
 144    -6.585e-07
 145    -6.585e-07
 146    -6.585e-07
 147    -6.585e-07
 148    -6.585e-07
 149    -6.585e-07
 150    -6.585e-07
 151    -6.585e-07
 152    -6.585e-07
 153    -6.585e-07
 154    -6.585e-07
 155    -6.585e-07
 156    -6.585e-07
 157    -6.585e-07
 158    -6.585e-07
 159    -6.585e-07
 160    -6.585e-07
 161    -6.585e-07
 162    -6.585e-07
 163    -6.585e-07
 164    -6.585e-07
 165    -6.585e-07
 166    -6.585e-07
 167    -6.585e-07
 168    -6.585e-07
 169    -6.585e-07
 170    -6.585e-07
 171    -6.585e-07
 172    -6.585e-07
 173    -6.585e-07
 174    -6.585e-07
 175    -6.585e-07
 176    -6.585e-07
 177    -6.585e-07
 178    -6.585e-07
 179    -6.585e-07
 180    -6.585e-07
 181    -6.585e-07
 182    -6.585e-07
 183    -6.585e-07
 184    -6.585e-07
 185    -6.585e-07
 186    -6.585e-07
 187    -6.585e-07
 188    -6.585e-07
 189    -6.585e-07
 190    -6.585e-07
 191    -6.585e-07
 192    -6.585e-07
 193    -6.585e-07
 194    -6.585e-07
 195    -6.585e-07
 196    -6.585e-07
 197    -6.585e-07
 198    -6.585e-07
 199    -6.585e-07
 200    -6.585e-07
 201    -6.585e-07
 202    -6.585e-07
 203    -6.585e-07
 204    -6.585e-07
 205    -6.585e-07
 206    -6.585e-07
 207    -6.585e-07
 208    -6.585e-07
 209    -6.585e-07
 210    -6.585e-07
 211    -6.585e-07
 212    -6.585e-07
 213    -6.585e-07
 214    -6.585e-07
 215    -6.585e-07
 216    -6.585e-07
 217    -6.585e-07
 218    -6.585e-07
 219    -6.585e-07
 220    -6.585e-07
 221    -6.585e-07
 222    -6.585e-07
 223    -6.585e-07
 224    -6.585e-07
 225    -6.585e-07
 226    -6.585e-07
 227    -6.585e-07
 228    -6.585e-07
 229    -6.585e-07
 230    -6.585e-07
 231    -6.585e-07
 232    -6.585e-07
 233    -6.585e-07
 234    -6.585e-07
 235    -6.585e-07
 236    -6.585e-07
 237    -6.585e-07
 238    -6.585e-07
 239    -6.585e-07
 240    -6.585e-07
 241    -6.585e-07
 242    -6.585e-07
 243    -6.585e-07
 244    -6.585e-07
 245    -6.585e-07
 246    -6.585e-07
 247    -6.585e-07
 248    -6.585e-07
 249    -6.585e-07
 250    -6.585e-07
 251    -6.585e-07
 252    -6.585e-07
 253    -6.585e-07
 254    -6.585e-07
 255    -6.585e-07
 256    -6.585e-07
 257    -6.585e-07
 258    -6.585e-07
 259    -6.585e-07
 260    -6.585e-07
 261    -6.585e-07
 262    -6.585e-07
 263    -6.585e-07
 264    -6.585e-07
 265    -6.585e-07
 266    -6.585e-07
 267    -6.585e-07
 268    -6.585e-07
 269    -6.585e-07
 270    -6.585e-07
 271    -6.585e-07
 272    -6.585e-07
 273    -6.585e-07
 274    -6.585e-07
 275    -6.585e-07
 276    -6.585e-07
 277    -6.585e-07
 278    -6.585e-07
 279    -6.585e-07
 280    -6.585e-07
 281    -6.585e-07
 282    -6.585e-07
 283    -6.585e-07
 284    -6.585e-07
 285    -6.585e-07
 286    -6.585e-07
 287    -6.585e-07
 288    -6.585e-07
 289    -6.585e-07
 290    -6.585e-07
 291    -6.585e-07
 292    -6.585e-07
 293    -6.585e-07
 294    -6.585e-07
 295    -6.585e-07
 296    -6.585e-07
 297    -6.585e-07
 298    -6.585e-07
 299    -6.585e-07
 300    -6.585e-07
 301    -6.585e-07
 302    -6.585e-07
 303    -6.585e-07
 304    -6.585e-07
 305    -6.585e-07
 306    -6.585e-07
 307    -6.585e-07
 308    -6.585e-07
 309    -6.585e-07
 310    -6.585e-07
 311    -6.585e-07
 312    -6.585e-07
 313    -6.585e-07
 314    -6.585e-07
 315    -6.585e-07
 316    -6.585e-07
 317    -6.585e-07
 318    -6.585e-07
 319    -6.585e-07
 320    -6.585e-07
 321    -6.585e-07
 322    -6.585e-07
 323    -6.585e-07
 324    -6.585e-07
 325    -6.585e-07
 326    -6.585e-07
 327    -6.585e-07
 328    -6.585e-07
 329    -6.585e-07
 330    -6.585e-07
 331    -6.585e-07
 332    -6.585e-07
 333    -6.585e-07
 334    -6.585e-07
 335    -6.585e-07
 336    -6.585e-07
 337    -6.585e-07
 338    -6.585e-07
 339    -6.585e-07
 340    -6.585e-07
 341    -6.585e-07
 342    -6.585e-07
 343    -6.585e-07
 344    -6.585e-07
 345    -6.585e-07
 346    -6.585e-07
 347    -6.585e-07
 348    -6.585e-07
 349    -6.585e-07
 350    -6.585e-07
 351    -6.585e-07
 352    -6.585e-07
 353    -6.585e-07
 354    -6.585e-07
 355    -6.585e-07
 356    -6.585e-07
 357    -6.585e-07
 358    -6.585e-07
 359    -6.585e-07
 360    -6.585e-07
 361    -6.585e-07
 362    -6.585e-07
 363    -6.585e-07
 364    -6.585e-07
 365    -6.585e-07
 366    -6.585e-07
 367    -6.585e-07
 368    -6.585e-07
 369    -6.585e-07
 370    -6.585e-07
 371    -6.585e-07
 372    -6.585e-07
 373    -6.585e-07
 374    -6.585e-07
 375    -6.585e-07
 376    -6.585e-07
 377    -6.585e-07
 378    -6.585e-07
 379    -6.585e-07
 380    -6.585e-07
 381    -6.585e-07
 382    -6.585e-07
 383    -6.585e-07
 384    -6.585e-07
 385    -6.585e-07
 386    -6.585e-07
 387    -6.585e-07
 388    -6.585e-07
 389    -6.585e-07
 390    -6.585e-07
 391    -6.585e-07
 392    -6.585e-07
 393    -6.585e-07
 394    -6.585e-07
 395    -6.585e-07
 396    -6.585e-07
 397    -6.585e-07
 398    -6.585e-07
 399    -6.585e-07
 400    -6.585e-07
 401    -6.585e-07
 402    -6.585e-07
 403    -6.585e-07
 404    -6.585e-07
 405    -6.585e-07
 406    -6.585e-07
 407    -6.585e-07
 408    -6.585e-07
 409    -6.585e-07
 410    -6.585e-07
 411    -6.585e-07
 412    -6.585e-07
 413    -6.585e-07
 414    -6.585e-07
 415    -6.585e-07
 416    -6.585e-07
 417    -6.585e-07
 418    -6.585e-07
 419    -6.585e-07
 420    -6.585e-07
 421    -6.585e-07
 422    -6.585e-07
 423    -6.585e-07
 424    -6.585e-07
 425    -6.585e-07
 426    -6.585e-07
 427    -6.585e-07
 428    -6.585e-07
 429    -6.585e-07
 430    -6.585e-07
 431    -6.585e-07
 432    -6.585e-07
 433    -6.585e-07
 434    -6.585e-07
 435    -6.585e-07
 436    -6.585e-07
 437    -6.585e-07
 438    -6.585e-07
 439    -6.585e-07
 440    -6.585e-07
 441    -6.585e-07
 442    -6.585e-07
 443    -6.585e-07
 444    -6.585e-07
 445    -6.585e-07
 446    -6.585e-07
 447    -6.585e-07
 448    -6.585e-07
 449    -6.585e-07
 450    -6.585e-07
 451    -6.585e-07
 452    -6.585e-07
 453    -6.585e-07
 454    -6.585e-07
 455    -6.585e-07
 456    -6.585e-07
 457    -6.585e-07
 458    -6.585e-07
 459    -6.585e-07
 460    -6.585e-07
 461    -6.585e-07
 462    -6.585e-07
 463    -6.585e-07
 464    -6.585e-07
 465    -6.585e-07
 466    -6.585e-07
 467    -6.585e-07
 468    -6.585e-07
 469    -6.585e-07
 470    -6.585e-07
 471    -6.585e-07
 472    -6.585e-07
 473    -6.585e-07
 474    -6.585e-07
 475    -6.585e-07
 476    -6.585e-07
 477    -6.585e-07
 478    -6.585e-07
 479    -6.585e-07
 480    -6.585e-07
 481    -6.585e-07
 482    -6.585e-07
 483    -6.585e-07
 484    -6.585e-07
 485    -6.585e-07
 486    -6.585e-07
 487    -6.585e-07
 488    -6.585e-07
 489    -6.585e-07
 490    -6.585e-07
 491    -6.585e-07
 492    -6.585e-07
 493    -6.585e-07
 494    -6.585e-07
 495    -6.585e-07
 496    -6.585e-07
 497    -6.585e-07
 498    -6.585e-07
 499    -6.585e-07
 500    -6.585e-07
!Created by ./stackanalysis_v4.pl in Users/M23_10013704_2_KU420lm
