!       **** Bootstrap Histogram for 500_2000 ************
!           From       To        Ctr        Freq     Cum.
         -6.628e-07 -6.610e-07 -6.619e-07     0       0
         -6.610e-07 -6.592e-07 -6.601e-07     0       0
         -6.592e-07 -6.574e-07 -6.583e-07   500     500
         -6.574e-07 -6.556e-07 -6.565e-07     0     500
         -6.556e-07 -6.539e-07 -6.547e-07     0     500
         -6.539e-07 -6.521e-07 -6.530e-07     0     500
         -6.521e-07 -6.503e-07 -6.512e-07     0     500
         -6.503e-07 -6.485e-07 -6.494e-07     0     500
         -6.485e-07 -6.467e-07 -6.476e-07     0     500
         -6.467e-07 -6.449e-07 -6.458e-07     0     500
         -6.449e-07 -6.431e-07 -6.440e-07     0     500
         -6.431e-07 -6.413e-07 -6.422e-07     0     500
         -6.413e-07 -6.396e-07 -6.405e-07     0     500
         -6.396e-07 -6.378e-07 -6.387e-07     0     500
         -6.378e-07 -6.360e-07 -6.369e-07     0     500
         -6.360e-07 -6.342e-07 -6.351e-07     0     500
         -6.342e-07 -6.324e-07 -6.333e-07     0     500
         -6.324e-07 -6.306e-07 -6.315e-07     0     500
         -6.306e-07 -6.288e-07 -6.297e-07     0     500
         -6.288e-07 -6.270e-07 -6.279e-07     0     500
         -6.270e-07 -6.253e-07 -6.262e-07     0     500
         -6.253e-07 -6.235e-07 -6.244e-07     0     500
         -6.235e-07 -6.217e-07 -6.226e-07     0     500
         -6.217e-07 -6.199e-07 -6.208e-07     0     500
         -6.199e-07 -6.181e-07 -6.190e-07     0     500
         -6.181e-07 -6.163e-07 -6.172e-07     0     500
!Created by ./stackanalysis_v4.pl in Users/M23_10013704_2_KU420lm
