!Sorted Bootstrap Resuls for 2000_8000
!No     rate_boot
   1    -1.640e-06
   2    -1.640e-06
   3    -1.640e-06
   4    -1.640e-06
   5    -1.640e-06
   6    -1.640e-06
   7    -1.640e-06
   8    -1.640e-06
   9    -1.640e-06
  10    -1.640e-06
  11    -1.640e-06
  12    -1.640e-06
  13    -1.640e-06
  14    -1.640e-06
  15    -1.640e-06
  16    -1.640e-06
  17    -1.640e-06
  18    -1.640e-06
  19    -1.296e-06
  20    -1.296e-06
  21    -1.296e-06
  22    -1.296e-06
  23    -1.296e-06
  24    -1.296e-06
  25    -1.296e-06
  26    -1.296e-06
  27    -1.296e-06
  28    -1.296e-06
  29    -1.296e-06
  30    -1.296e-06
  31    -1.296e-06
  32    -1.296e-06
  33    -1.296e-06
  34    -1.296e-06
  35    -1.296e-06
  36    -1.296e-06
  37    -1.296e-06
  38    -1.296e-06
  39    -1.296e-06
  40    -1.296e-06
  41    -1.296e-06
  42    -1.296e-06
  43    -1.296e-06
  44    -1.296e-06
  45    -1.296e-06
  46    -1.296e-06
  47    -1.296e-06
  48    -1.296e-06
  49    -1.296e-06
  50    -1.296e-06
  51    -1.296e-06
  52    -1.296e-06
  53    -1.296e-06
  54    -1.296e-06
  55    -1.296e-06
  56    -1.296e-06
  57    -1.296e-06
  58    -1.296e-06
  59    -1.296e-06
  60    -1.296e-06
  61    -1.296e-06
  62    -1.296e-06
  63    -1.296e-06
  64    -1.296e-06
  65    -1.296e-06
  66    -1.296e-06
  67    -1.296e-06
  68    -1.296e-06
  69    -1.296e-06
  70    -1.296e-06
  71    -1.296e-06
  72    -1.296e-06
  73    -1.296e-06
  74    -1.296e-06
  75    -1.296e-06
  76    -1.296e-06
  77    -1.296e-06
  78    -1.296e-06
  79    -1.296e-06
  80    -1.296e-06
  81    -1.296e-06
  82    -1.296e-06
  83    -1.296e-06
  84    -1.296e-06
  85    -1.296e-06
  86    -1.149e-06
  87    -1.149e-06
  88    -1.149e-06
  89    -1.149e-06
  90    -1.149e-06
  91    -1.149e-06
  92    -1.149e-06
  93    -1.149e-06
  94    -1.149e-06
  95    -1.149e-06
  96    -1.149e-06
  97    -1.149e-06
  98    -1.149e-06
  99    -1.149e-06
 100    -1.149e-06
 101    -1.149e-06
 102    -1.149e-06
 103    -1.149e-06
 104    -1.149e-06
 105    -1.149e-06
 106    -1.149e-06
 107    -1.149e-06
 108    -1.149e-06
 109    -1.149e-06
 110    -1.149e-06
 111    -1.149e-06
 112    -1.149e-06
 113    -1.149e-06
 114    -1.149e-06
 115    -1.149e-06
 116    -1.149e-06
 117    -1.149e-06
 118    -1.149e-06
 119    -1.149e-06
 120    -1.149e-06
 121    -1.149e-06
 122    -1.149e-06
 123    -1.149e-06
 124    -1.149e-06
 125    -1.149e-06
 126    -1.149e-06
 127    -1.149e-06
 128    -1.149e-06
 129    -1.149e-06
 130    -1.149e-06
 131    -1.149e-06
 132    -1.149e-06
 133    -1.149e-06
 134    -9.243e-07
 135    -9.243e-07
 136    -9.243e-07
 137    -9.243e-07
 138    -9.243e-07
 139    -9.243e-07
 140    -9.243e-07
 141    -9.243e-07
 142    -9.243e-07
 143    -9.243e-07
 144    -9.243e-07
 145    -9.243e-07
 146    -9.243e-07
 147    -9.243e-07
 148    -9.243e-07
 149    -9.243e-07
 150    -9.243e-07
 151    -9.243e-07
 152    -9.243e-07
 153    -9.243e-07
 154    -9.243e-07
 155    -9.243e-07
 156    -9.243e-07
 157    -9.243e-07
 158    -9.243e-07
 159    -9.243e-07
 160    -9.243e-07
 161    -9.243e-07
 162    -9.243e-07
 163    -9.243e-07
 164    -9.243e-07
 165    -9.243e-07
 166    -9.243e-07
 167    -9.243e-07
 168    -9.243e-07
 169    -9.243e-07
 170    -9.243e-07
 171    -9.243e-07
 172    -9.243e-07
 173    -9.243e-07
 174    -9.243e-07
 175    -9.243e-07
 176    -9.243e-07
 177    -9.243e-07
 178    -9.243e-07
 179    -9.243e-07
 180    -9.243e-07
 181    -9.243e-07
 182    -9.243e-07
 183    -9.243e-07
 184    -9.243e-07
 185    -9.243e-07
 186    -7.585e-07
 187    -7.585e-07
 188    -7.585e-07
 189    -7.585e-07
 190    -7.585e-07
 191    -7.585e-07
 192    -7.585e-07
 193    -7.585e-07
 194    -7.585e-07
 195    -7.585e-07
 196    -7.585e-07
 197    -7.585e-07
 198    -7.585e-07
 199    -7.585e-07
 200    -7.585e-07
 201    -7.585e-07
 202    -7.585e-07
 203    -7.585e-07
 204    -7.585e-07
 205    -7.585e-07
 206    -7.585e-07
 207    -7.585e-07
 208    -7.585e-07
 209    -7.585e-07
 210    -7.585e-07
 211    -7.585e-07
 212    -7.585e-07
 213    -7.585e-07
 214    -7.585e-07
 215    -7.585e-07
 216    -7.585e-07
 217    -7.585e-07
 218    -7.585e-07
 219    -7.585e-07
 220    -7.585e-07
 221    -7.585e-07
 222    -7.585e-07
 223    -7.585e-07
 224    -7.585e-07
 225    -7.585e-07
 226    -7.585e-07
 227    -7.585e-07
 228    -7.585e-07
 229    -7.585e-07
 230    -7.585e-07
 231    -7.585e-07
 232    -7.585e-07
 233    -7.585e-07
 234    -7.585e-07
 235    -7.585e-07
 236    -7.585e-07
 237    -7.585e-07
 238    -7.585e-07
 239    -7.585e-07
 240    -7.585e-07
 241    -7.585e-07
 242    -7.585e-07
 243    -7.585e-07
 244    -7.585e-07
 245    -7.585e-07
 246    -7.585e-07
 247    -7.585e-07
 248    -7.585e-07
 249    -7.585e-07
 250    -7.585e-07
 251    -7.585e-07
 252    -7.585e-07
 253    -7.585e-07
 254    -7.585e-07
 255    -7.585e-07
 256    -7.585e-07
 257    -7.585e-07
 258    -7.585e-07
 259    -7.585e-07
 260    -7.585e-07
 261    -7.585e-07
 262    -7.585e-07
 263    -7.585e-07
 264    -7.585e-07
 265    -7.585e-07
 266    -7.585e-07
 267    -7.585e-07
 268    -7.585e-07
 269    -7.585e-07
 270    -7.585e-07
 271    -7.585e-07
 272    -7.585e-07
 273    -7.585e-07
 274    -7.585e-07
 275    -7.585e-07
 276    -7.585e-07
 277    -7.585e-07
 278    -7.585e-07
 279    -7.585e-07
 280    -7.585e-07
 281    -7.585e-07
 282    -7.585e-07
 283    -7.585e-07
 284    -7.585e-07
 285    -7.585e-07
 286    -7.585e-07
 287    -7.585e-07
 288    -7.585e-07
 289    -7.585e-07
 290    -7.585e-07
 291    -5.811e-07
 292    -5.811e-07
 293    -5.811e-07
 294    -5.811e-07
 295    -5.811e-07
 296    -5.811e-07
 297    -5.811e-07
 298    -5.811e-07
 299    -5.811e-07
 300    -5.811e-07
 301    -5.811e-07
 302    -5.811e-07
 303    -5.811e-07
 304    -5.811e-07
 305    -5.811e-07
 306    -5.811e-07
 307    -5.811e-07
 308    -5.811e-07
 309    -5.811e-07
 310    -5.811e-07
 311    -5.811e-07
 312    -5.811e-07
 313    -5.811e-07
 314    -5.811e-07
 315    -5.811e-07
 316    -5.811e-07
 317    -5.811e-07
 318    -5.811e-07
 319    -5.811e-07
 320    -5.811e-07
 321    -5.811e-07
 322    -5.811e-07
 323    -5.811e-07
 324    -5.811e-07
 325    -5.811e-07
 326    -5.811e-07
 327    -5.811e-07
 328    -5.811e-07
 329    -5.811e-07
 330    -5.811e-07
 331    -5.811e-07
 332    -5.811e-07
 333    -5.811e-07
 334    -5.811e-07
 335    -5.811e-07
 336    -5.811e-07
 337    -5.811e-07
 338    -5.811e-07
 339    -5.811e-07
 340    -5.811e-07
 341    -5.811e-07
 342    -5.811e-07
 343    -5.204e-07
 344    -5.204e-07
 345    -5.204e-07
 346    -5.204e-07
 347    -5.204e-07
 348    -5.204e-07
 349    -5.204e-07
 350    -5.204e-07
 351    -5.204e-07
 352    -5.204e-07
 353    -5.204e-07
 354    -5.204e-07
 355    -5.204e-07
 356    -5.204e-07
 357    -5.204e-07
 358    -5.204e-07
 359    -5.204e-07
 360    -5.204e-07
 361    -5.204e-07
 362    -5.204e-07
 363    -3.330e-07
 364    -3.330e-07
 365    -3.330e-07
 366    -3.330e-07
 367    -3.330e-07
 368    -3.330e-07
 369    -3.330e-07
 370    -3.330e-07
 371    -3.330e-07
 372    -3.330e-07
 373    -3.330e-07
 374    -3.330e-07
 375    -3.330e-07
 376    -3.330e-07
 377    -3.330e-07
 378    -3.330e-07
 379    -3.330e-07
 380    -3.330e-07
 381    -3.330e-07
 382    -3.330e-07
 383    -3.330e-07
 384    -3.330e-07
 385    -3.330e-07
 386    -3.330e-07
 387    -3.330e-07
 388    -3.330e-07
 389    -3.330e-07
 390    -3.330e-07
 391    -3.330e-07
 392    -3.330e-07
 393    -3.330e-07
 394    -3.330e-07
 395    -3.330e-07
 396    -3.330e-07
 397    -3.330e-07
 398    -3.330e-07
 399    -3.330e-07
 400    -3.330e-07
 401    -3.330e-07
 402    -3.330e-07
 403    -3.330e-07
 404    -3.330e-07
 405    -3.330e-07
 406    -3.330e-07
 407    -3.330e-07
 408    -3.330e-07
 409    -3.330e-07
 410    -3.330e-07
 411    -3.330e-07
 412    -3.330e-07
 413    -3.330e-07
 414    -3.330e-07
 415    -3.330e-07
 416    -3.330e-07
 417    -3.330e-07
 418    -3.330e-07
 419    -3.330e-07
 420    -1.320e-07
 421    -1.320e-07
 422    -1.320e-07
 423    -1.320e-07
 424    -1.320e-07
 425    -1.320e-07
 426    -1.320e-07
 427    -1.320e-07
 428    -1.320e-07
 429    -1.320e-07
 430    -1.320e-07
 431    -1.320e-07
 432    -1.320e-07
 433    -1.320e-07
 434    -1.320e-07
 435    -1.320e-07
 436    -1.320e-07
 437    -1.320e-07
 438    -1.320e-07
 439    -1.320e-07
 440    -1.320e-07
 441    -1.320e-07
 442    -1.320e-07
 443    -1.320e-07
 444    -1.320e-07
 445    -1.320e-07
 446    -1.320e-07
 447    -1.320e-07
 448    -1.320e-07
 449    -1.320e-07
 450    -1.320e-07
 451    -1.320e-07
 452    -1.320e-07
 453    -1.320e-07
 454    -1.320e-07
 455    -1.320e-07
 456    -1.320e-07
 457    -1.320e-07
 458    -1.320e-07
 459    -1.320e-07
 460    -1.320e-07
 461    -1.320e-07
 462    -1.320e-07
 463    -1.320e-07
 464    -1.320e-07
 465    -1.320e-07
 466    -1.320e-07
 467    -1.320e-07
 468    -1.320e-07
 469    -1.320e-07
 470    -1.320e-07
 471    -1.320e-07
 472    -1.320e-07
 473    -1.320e-07
 474    -1.320e-07
 475    -1.320e-07
 476    -1.320e-07
 477    -1.320e-07
 478    -1.320e-07
 479    -1.320e-07
 480    -1.320e-07
 481     8.434e-08
 482     8.434e-08
 483     8.434e-08
 484     8.434e-08
 485     8.434e-08
 486     8.434e-08
 487     8.434e-08
 488     8.434e-08
 489     8.434e-08
 490     8.434e-08
 491     8.434e-08
 492     8.434e-08
 493     8.434e-08
 494     8.434e-08
 495     8.434e-08
 496     8.434e-08
 497     8.434e-08
 498     8.434e-08
 499     8.434e-08
 500     8.434e-08
!Created by ./stackanalysis_v4.pl in Users/CDFSmaster_Hg964ts
