!Sorted Bootstrap Resuls for 500_2000
!No     rate_boot
   1    -6.585e-07
   2    -6.585e-07
   3    -6.585e-07
   4    -6.585e-07
   5    -6.585e-07
   6    -6.585e-07
   7    -6.585e-07
   8    -6.585e-07
   9    -6.585e-07
  10    -6.585e-07
  11    -6.585e-07
  12    -6.585e-07
  13    -6.585e-07
  14    -6.585e-07
  15    -6.585e-07
  16    -6.585e-07
  17    -6.585e-07
  18    -6.585e-07
  19    -6.585e-07
  20    -6.585e-07
  21    -5.613e-07
  22    -5.613e-07
  23    -5.613e-07
  24    -5.613e-07
  25    -5.613e-07
  26    -5.613e-07
  27    -5.613e-07
  28    -5.613e-07
  29    -5.613e-07
  30    -5.613e-07
  31    -5.613e-07
  32    -5.613e-07
  33    -5.613e-07
  34    -5.613e-07
  35    -5.613e-07
  36    -5.613e-07
  37    -5.613e-07
  38    -5.613e-07
  39    -5.613e-07
  40    -5.613e-07
  41    -5.613e-07
  42    -5.613e-07
  43    -5.613e-07
  44    -5.613e-07
  45    -5.613e-07
  46    -5.613e-07
  47    -5.613e-07
  48    -5.613e-07
  49    -5.613e-07
  50    -5.613e-07
  51    -5.613e-07
  52    -5.613e-07
  53    -5.613e-07
  54    -5.613e-07
  55    -5.613e-07
  56    -5.613e-07
  57    -5.613e-07
  58    -5.613e-07
  59    -5.613e-07
  60    -5.613e-07
  61    -5.613e-07
  62    -5.613e-07
  63    -5.613e-07
  64    -5.613e-07
  65    -5.613e-07
  66    -5.613e-07
  67    -5.613e-07
  68    -5.613e-07
  69    -5.613e-07
  70    -5.613e-07
  71    -5.613e-07
  72    -5.613e-07
  73    -4.709e-07
  74    -4.709e-07
  75    -4.709e-07
  76    -4.709e-07
  77    -4.709e-07
  78    -4.709e-07
  79    -4.709e-07
  80    -4.709e-07
  81    -4.709e-07
  82    -4.709e-07
  83    -4.709e-07
  84    -4.709e-07
  85    -4.709e-07
  86    -4.709e-07
  87    -4.709e-07
  88    -4.709e-07
  89    -4.709e-07
  90    -4.709e-07
  91    -4.709e-07
  92    -4.709e-07
  93    -4.709e-07
  94    -4.709e-07
  95    -4.709e-07
  96    -4.709e-07
  97    -4.709e-07
  98    -4.709e-07
  99    -4.709e-07
 100    -4.709e-07
 101    -4.709e-07
 102    -4.709e-07
 103    -4.709e-07
 104    -4.709e-07
 105    -4.709e-07
 106    -4.709e-07
 107    -4.709e-07
 108    -4.709e-07
 109    -4.709e-07
 110    -4.709e-07
 111    -4.709e-07
 112    -4.709e-07
 113    -4.709e-07
 114    -4.709e-07
 115    -4.709e-07
 116    -4.709e-07
 117    -4.709e-07
 118    -4.709e-07
 119    -4.709e-07
 120    -4.709e-07
 121    -4.709e-07
 122    -4.709e-07
 123    -4.709e-07
 124    -4.709e-07
 125    -4.709e-07
 126    -4.709e-07
 127    -4.709e-07
 128    -4.709e-07
 129    -4.709e-07
 130    -4.709e-07
 131    -4.709e-07
 132    -4.709e-07
 133    -4.709e-07
 134    -4.709e-07
 135    -4.709e-07
 136    -4.709e-07
 137    -4.709e-07
 138    -4.709e-07
 139    -4.709e-07
 140    -4.431e-07
 141    -4.431e-07
 142    -4.431e-07
 143    -4.431e-07
 144    -4.431e-07
 145    -4.431e-07
 146    -4.431e-07
 147    -4.431e-07
 148    -4.431e-07
 149    -4.431e-07
 150    -4.431e-07
 151    -4.431e-07
 152    -4.431e-07
 153    -4.431e-07
 154    -4.431e-07
 155    -4.431e-07
 156    -4.431e-07
 157    -4.431e-07
 158    -4.431e-07
 159    -4.431e-07
 160    -4.431e-07
 161    -4.431e-07
 162    -4.431e-07
 163    -4.431e-07
 164    -4.431e-07
 165    -4.431e-07
 166    -4.431e-07
 167    -4.431e-07
 168    -4.431e-07
 169    -4.431e-07
 170    -4.431e-07
 171    -4.431e-07
 172    -4.431e-07
 173    -4.431e-07
 174    -4.431e-07
 175    -4.431e-07
 176    -4.431e-07
 177    -4.431e-07
 178    -4.431e-07
 179    -4.431e-07
 180    -4.431e-07
 181    -4.431e-07
 182    -4.431e-07
 183    -4.431e-07
 184    -4.431e-07
 185    -4.431e-07
 186    -4.431e-07
 187    -4.431e-07
 188    -4.431e-07
 189    -4.431e-07
 190    -4.431e-07
 191    -4.431e-07
 192    -4.431e-07
 193    -4.431e-07
 194    -4.431e-07
 195    -4.431e-07
 196    -4.431e-07
 197    -3.865e-07
 198    -3.865e-07
 199    -3.865e-07
 200    -3.865e-07
 201    -3.865e-07
 202    -3.865e-07
 203    -3.865e-07
 204    -3.865e-07
 205    -3.865e-07
 206    -3.865e-07
 207    -3.865e-07
 208    -3.865e-07
 209    -3.865e-07
 210    -3.865e-07
 211    -3.865e-07
 212    -3.865e-07
 213    -3.865e-07
 214    -3.865e-07
 215    -3.503e-07
 216    -3.503e-07
 217    -3.503e-07
 218    -3.503e-07
 219    -3.503e-07
 220    -3.503e-07
 221    -3.503e-07
 222    -3.503e-07
 223    -3.503e-07
 224    -3.503e-07
 225    -3.503e-07
 226    -3.503e-07
 227    -3.503e-07
 228    -3.503e-07
 229    -3.503e-07
 230    -3.503e-07
 231    -3.503e-07
 232    -3.503e-07
 233    -3.503e-07
 234    -3.503e-07
 235    -3.503e-07
 236    -3.503e-07
 237    -3.503e-07
 238    -3.503e-07
 239    -3.503e-07
 240    -3.503e-07
 241    -3.503e-07
 242    -3.503e-07
 243    -3.503e-07
 244    -3.503e-07
 245    -3.503e-07
 246    -3.503e-07
 247    -3.503e-07
 248    -3.503e-07
 249    -3.503e-07
 250    -3.503e-07
 251    -3.503e-07
 252    -3.503e-07
 253    -3.503e-07
 254    -3.503e-07
 255    -3.503e-07
 256    -3.503e-07
 257    -3.503e-07
 258    -3.503e-07
 259    -3.503e-07
 260    -3.503e-07
 261    -3.503e-07
 262    -3.503e-07
 263    -3.503e-07
 264    -3.503e-07
 265    -3.503e-07
 266    -3.503e-07
 267    -3.503e-07
 268    -3.503e-07
 269    -3.503e-07
 270    -3.503e-07
 271    -3.503e-07
 272    -3.503e-07
 273    -3.503e-07
 274    -3.503e-07
 275    -3.503e-07
 276    -3.503e-07
 277    -3.503e-07
 278    -3.503e-07
 279    -3.503e-07
 280    -3.503e-07
 281    -3.503e-07
 282    -3.503e-07
 283    -3.503e-07
 284    -3.503e-07
 285    -3.503e-07
 286    -3.503e-07
 287    -3.503e-07
 288    -3.503e-07
 289    -3.503e-07
 290    -3.503e-07
 291    -3.503e-07
 292    -3.503e-07
 293    -3.503e-07
 294    -3.503e-07
 295    -3.503e-07
 296    -3.503e-07
 297    -3.503e-07
 298    -3.503e-07
 299    -3.503e-07
 300    -3.503e-07
 301    -3.503e-07
 302    -3.503e-07
 303    -3.503e-07
 304    -3.503e-07
 305    -3.503e-07
 306    -3.503e-07
 307    -3.503e-07
 308    -3.503e-07
 309    -3.503e-07
 310    -3.503e-07
 311    -3.503e-07
 312    -3.503e-07
 313    -3.503e-07
 314    -3.503e-07
 315    -3.503e-07
 316    -3.503e-07
 317    -3.503e-07
 318    -3.503e-07
 319    -3.503e-07
 320    -2.641e-07
 321    -2.641e-07
 322    -2.641e-07
 323    -2.641e-07
 324    -2.641e-07
 325    -2.641e-07
 326    -2.641e-07
 327    -2.641e-07
 328    -2.641e-07
 329    -2.641e-07
 330    -2.641e-07
 331    -2.641e-07
 332    -2.641e-07
 333    -2.641e-07
 334    -2.641e-07
 335    -2.641e-07
 336    -2.641e-07
 337    -2.641e-07
 338    -2.641e-07
 339    -2.641e-07
 340    -2.641e-07
 341    -2.641e-07
 342    -2.641e-07
 343    -2.641e-07
 344    -2.641e-07
 345    -2.641e-07
 346    -2.641e-07
 347    -2.641e-07
 348    -2.641e-07
 349    -2.641e-07
 350    -2.641e-07
 351    -2.641e-07
 352    -2.641e-07
 353    -2.641e-07
 354    -2.641e-07
 355    -2.641e-07
 356    -2.641e-07
 357    -2.641e-07
 358    -2.641e-07
 359    -2.641e-07
 360    -2.641e-07
 361    -2.641e-07
 362    -2.641e-07
 363    -2.641e-07
 364    -2.641e-07
 365    -2.641e-07
 366    -2.641e-07
 367    -2.641e-07
 368    -2.097e-07
 369    -2.097e-07
 370    -2.097e-07
 371    -2.097e-07
 372    -2.097e-07
 373    -2.097e-07
 374    -2.097e-07
 375    -2.097e-07
 376    -2.097e-07
 377    -2.097e-07
 378    -2.097e-07
 379    -2.097e-07
 380    -2.097e-07
 381    -2.097e-07
 382    -2.097e-07
 383    -2.097e-07
 384    -2.097e-07
 385    -2.097e-07
 386    -2.097e-07
 387    -2.097e-07
 388    -2.097e-07
 389    -2.097e-07
 390    -2.097e-07
 391    -2.097e-07
 392    -2.097e-07
 393    -2.097e-07
 394    -2.097e-07
 395    -2.097e-07
 396    -2.097e-07
 397    -2.097e-07
 398    -2.097e-07
 399    -2.097e-07
 400    -2.097e-07
 401    -2.097e-07
 402    -2.097e-07
 403    -2.097e-07
 404    -2.097e-07
 405    -2.097e-07
 406    -2.097e-07
 407    -2.097e-07
 408    -2.097e-07
 409    -2.097e-07
 410    -2.097e-07
 411    -2.097e-07
 412    -2.097e-07
 413    -2.097e-07
 414    -2.097e-07
 415    -2.097e-07
 416    -2.097e-07
 417    -2.097e-07
 418    -2.097e-07
 419    -2.097e-07
 420    -2.097e-07
 421    -2.097e-07
 422    -2.097e-07
 423    -2.097e-07
 424    -2.097e-07
 425    -2.097e-07
 426    -2.097e-07
 427    -2.097e-07
 428    -2.097e-07
 429    -1.222e-07
 430    -1.222e-07
 431    -1.222e-07
 432    -1.222e-07
 433    -1.222e-07
 434    -1.222e-07
 435    -1.222e-07
 436    -1.222e-07
 437    -1.222e-07
 438    -1.222e-07
 439    -1.222e-07
 440    -1.222e-07
 441    -1.222e-07
 442    -1.222e-07
 443    -1.222e-07
 444    -1.222e-07
 445    -1.222e-07
 446    -1.222e-07
 447    -1.222e-07
 448    -1.222e-07
 449    -1.222e-07
 450    -1.222e-07
 451    -1.222e-07
 452    -1.222e-07
 453    -1.222e-07
 454    -1.222e-07
 455    -1.222e-07
 456    -1.222e-07
 457    -1.222e-07
 458    -1.222e-07
 459    -1.222e-07
 460    -1.222e-07
 461    -1.222e-07
 462    -1.222e-07
 463    -1.222e-07
 464    -1.222e-07
 465    -1.222e-07
 466    -1.222e-07
 467    -1.222e-07
 468    -1.222e-07
 469    -1.222e-07
 470    -1.222e-07
 471    -1.222e-07
 472    -1.222e-07
 473    -1.222e-07
 474    -1.222e-07
 475    -1.222e-07
 476    -1.222e-07
 477    -1.222e-07
 478    -1.222e-07
 479    -1.222e-07
 480    -1.222e-07
 481     4.412e-08
 482     4.412e-08
 483     4.412e-08
 484     4.412e-08
 485     4.412e-08
 486     4.412e-08
 487     4.412e-08
 488     4.412e-08
 489     4.412e-08
 490     4.412e-08
 491     4.412e-08
 492     4.412e-08
 493     4.412e-08
 494     4.412e-08
 495     4.412e-08
 496     4.412e-08
 497     4.412e-08
 498     4.412e-08
 499     4.412e-08
 500     4.412e-08
!Created by ./stackanalysis_v4.pl in Users/CDFSmaster_Hg964ts
