!Sorted Bootstrap Resuls for 2000_8000
!No     rate_boot
   1     8.434e-08
   2     8.434e-08
   3     8.434e-08
   4     8.434e-08
   5     8.434e-08
   6     8.434e-08
   7     8.434e-08
   8     8.434e-08
   9     8.434e-08
  10     8.434e-08
  11     8.434e-08
  12     8.434e-08
  13     8.434e-08
  14     8.434e-08
  15     8.434e-08
  16     8.434e-08
  17     8.434e-08
  18     8.434e-08
  19     8.434e-08
  20     8.434e-08
  21     8.434e-08
  22     8.434e-08
  23     8.434e-08
  24     8.434e-08
  25     8.434e-08
  26     8.434e-08
  27     8.434e-08
  28     8.434e-08
  29     8.434e-08
  30     8.434e-08
  31     8.434e-08
  32     8.434e-08
  33     8.434e-08
  34     8.434e-08
  35     8.434e-08
  36     8.434e-08
  37     8.434e-08
  38     8.434e-08
  39     8.434e-08
  40     8.434e-08
  41     8.434e-08
  42     8.434e-08
  43     8.434e-08
  44     8.434e-08
  45     8.434e-08
  46     8.434e-08
  47     8.434e-08
  48     8.434e-08
  49     8.434e-08
  50     8.434e-08
  51     8.434e-08
  52     8.434e-08
  53     8.434e-08
  54     8.434e-08
  55     8.434e-08
  56     8.434e-08
  57     8.434e-08
  58     8.434e-08
  59     8.434e-08
  60     8.434e-08
  61     8.434e-08
  62     8.434e-08
  63     8.434e-08
  64     8.434e-08
  65     8.434e-08
  66     8.434e-08
  67     8.434e-08
  68     8.434e-08
  69     8.434e-08
  70     8.434e-08
  71     8.434e-08
  72     8.434e-08
  73     8.434e-08
  74     8.434e-08
  75     8.434e-08
  76     8.434e-08
  77     8.434e-08
  78     8.434e-08
  79     8.434e-08
  80     8.434e-08
  81     8.434e-08
  82     8.434e-08
  83     8.434e-08
  84     8.434e-08
  85     8.434e-08
  86     8.434e-08
  87     8.434e-08
  88     8.434e-08
  89     8.434e-08
  90     8.434e-08
  91     8.434e-08
  92     8.434e-08
  93     8.434e-08
  94     8.434e-08
  95     8.434e-08
  96     8.434e-08
  97     8.434e-08
  98     8.434e-08
  99     8.434e-08
 100     8.434e-08
 101     8.434e-08
 102     8.434e-08
 103     8.434e-08
 104     8.434e-08
 105     8.434e-08
 106     8.434e-08
 107     8.434e-08
 108     8.434e-08
 109     8.434e-08
 110     8.434e-08
 111     8.434e-08
 112     8.434e-08
 113     8.434e-08
 114     8.434e-08
 115     8.434e-08
 116     8.434e-08
 117     8.434e-08
 118     8.434e-08
 119     8.434e-08
 120     8.434e-08
 121     8.434e-08
 122     8.434e-08
 123     8.434e-08
 124     8.434e-08
 125     8.434e-08
 126     8.434e-08
 127     8.434e-08
 128     8.434e-08
 129     8.434e-08
 130     8.434e-08
 131     8.434e-08
 132     8.434e-08
 133     8.434e-08
 134     8.434e-08
 135     8.434e-08
 136     8.434e-08
 137     8.434e-08
 138     8.434e-08
 139     8.434e-08
 140     8.434e-08
 141     8.434e-08
 142     8.434e-08
 143     8.434e-08
 144     8.434e-08
 145     8.434e-08
 146     8.434e-08
 147     8.434e-08
 148     8.434e-08
 149     8.434e-08
 150     8.434e-08
 151     8.434e-08
 152     8.434e-08
 153     8.434e-08
 154     8.434e-08
 155     8.434e-08
 156     8.434e-08
 157     8.434e-08
 158     8.434e-08
 159     8.434e-08
 160     8.434e-08
 161     8.434e-08
 162     8.434e-08
 163     8.434e-08
 164     8.434e-08
 165     8.434e-08
 166     8.434e-08
 167     8.434e-08
 168     8.434e-08
 169     8.434e-08
 170     8.434e-08
 171     8.434e-08
 172     8.434e-08
 173     8.434e-08
 174     8.434e-08
 175     8.434e-08
 176     8.434e-08
 177     8.434e-08
 178     8.434e-08
 179     8.434e-08
 180     8.434e-08
 181     8.434e-08
 182     8.434e-08
 183     8.434e-08
 184     8.434e-08
 185     8.434e-08
 186     8.434e-08
 187     8.434e-08
 188     8.434e-08
 189     8.434e-08
 190     8.434e-08
 191     8.434e-08
 192     8.434e-08
 193     8.434e-08
 194     8.434e-08
 195     8.434e-08
 196     8.434e-08
 197     8.434e-08
 198     8.434e-08
 199     8.434e-08
 200     8.434e-08
 201     8.434e-08
 202     8.434e-08
 203     8.434e-08
 204     8.434e-08
 205     8.434e-08
 206     8.434e-08
 207     8.434e-08
 208     8.434e-08
 209     8.434e-08
 210     8.434e-08
 211     8.434e-08
 212     8.434e-08
 213     8.434e-08
 214     8.434e-08
 215     8.434e-08
 216     8.434e-08
 217     8.434e-08
 218     8.434e-08
 219     8.434e-08
 220     8.434e-08
 221     8.434e-08
 222     8.434e-08
 223     8.434e-08
 224     8.434e-08
 225     8.434e-08
 226     8.434e-08
 227     8.434e-08
 228     8.434e-08
 229     8.434e-08
 230     8.434e-08
 231     8.434e-08
 232     8.434e-08
 233     8.434e-08
 234     8.434e-08
 235     8.434e-08
 236     8.434e-08
 237     8.434e-08
 238     8.434e-08
 239     8.434e-08
 240     8.434e-08
 241     8.434e-08
 242     8.434e-08
 243     8.434e-08
 244     8.434e-08
 245     8.434e-08
 246     8.434e-08
 247     8.434e-08
 248     8.434e-08
 249     8.434e-08
 250     8.434e-08
 251     8.434e-08
 252     8.434e-08
 253     8.434e-08
 254     8.434e-08
 255     8.434e-08
 256     8.434e-08
 257     8.434e-08
 258     8.434e-08
 259     8.434e-08
 260     8.434e-08
 261     8.434e-08
 262     8.434e-08
 263     8.434e-08
 264     8.434e-08
 265     8.434e-08
 266     8.434e-08
 267     8.434e-08
 268     8.434e-08
 269     8.434e-08
 270     8.434e-08
 271     8.434e-08
 272     8.434e-08
 273     8.434e-08
 274     8.434e-08
 275     8.434e-08
 276     8.434e-08
 277     8.434e-08
 278     8.434e-08
 279     8.434e-08
 280     8.434e-08
 281     8.434e-08
 282     8.434e-08
 283     8.434e-08
 284     8.434e-08
 285     8.434e-08
 286     8.434e-08
 287     8.434e-08
 288     8.434e-08
 289     8.434e-08
 290     8.434e-08
 291     8.434e-08
 292     8.434e-08
 293     8.434e-08
 294     8.434e-08
 295     8.434e-08
 296     8.434e-08
 297     8.434e-08
 298     8.434e-08
 299     8.434e-08
 300     8.434e-08
 301     8.434e-08
 302     8.434e-08
 303     8.434e-08
 304     8.434e-08
 305     8.434e-08
 306     8.434e-08
 307     8.434e-08
 308     8.434e-08
 309     8.434e-08
 310     8.434e-08
 311     8.434e-08
 312     8.434e-08
 313     8.434e-08
 314     8.434e-08
 315     8.434e-08
 316     8.434e-08
 317     8.434e-08
 318     8.434e-08
 319     8.434e-08
 320     8.434e-08
 321     8.434e-08
 322     8.434e-08
 323     8.434e-08
 324     8.434e-08
 325     8.434e-08
 326     8.434e-08
 327     8.434e-08
 328     8.434e-08
 329     8.434e-08
 330     8.434e-08
 331     8.434e-08
 332     8.434e-08
 333     8.434e-08
 334     8.434e-08
 335     8.434e-08
 336     8.434e-08
 337     8.434e-08
 338     8.434e-08
 339     8.434e-08
 340     8.434e-08
 341     8.434e-08
 342     8.434e-08
 343     8.434e-08
 344     8.434e-08
 345     8.434e-08
 346     8.434e-08
 347     8.434e-08
 348     8.434e-08
 349     8.434e-08
 350     8.434e-08
 351     8.434e-08
 352     8.434e-08
 353     8.434e-08
 354     8.434e-08
 355     8.434e-08
 356     8.434e-08
 357     8.434e-08
 358     8.434e-08
 359     8.434e-08
 360     8.434e-08
 361     8.434e-08
 362     8.434e-08
 363     8.434e-08
 364     8.434e-08
 365     8.434e-08
 366     8.434e-08
 367     8.434e-08
 368     8.434e-08
 369     8.434e-08
 370     8.434e-08
 371     8.434e-08
 372     8.434e-08
 373     8.434e-08
 374     8.434e-08
 375     8.434e-08
 376     8.434e-08
 377     8.434e-08
 378     8.434e-08
 379     8.434e-08
 380     8.434e-08
 381     8.434e-08
 382     8.434e-08
 383     8.434e-08
 384     8.434e-08
 385     8.434e-08
 386     8.434e-08
 387     8.434e-08
 388     8.434e-08
 389     8.434e-08
 390     8.434e-08
 391     8.434e-08
 392     8.434e-08
 393     8.434e-08
 394     8.434e-08
 395     8.434e-08
 396     8.434e-08
 397     8.434e-08
 398     8.434e-08
 399     8.434e-08
 400     8.434e-08
 401     8.434e-08
 402     8.434e-08
 403     8.434e-08
 404     8.434e-08
 405     8.434e-08
 406     8.434e-08
 407     8.434e-08
 408     8.434e-08
 409     8.434e-08
 410     8.434e-08
 411     8.434e-08
 412     8.434e-08
 413     8.434e-08
 414     8.434e-08
 415     8.434e-08
 416     8.434e-08
 417     8.434e-08
 418     8.434e-08
 419     8.434e-08
 420     8.434e-08
 421     8.434e-08
 422     8.434e-08
 423     8.434e-08
 424     8.434e-08
 425     8.434e-08
 426     8.434e-08
 427     8.434e-08
 428     8.434e-08
 429     8.434e-08
 430     8.434e-08
 431     8.434e-08
 432     8.434e-08
 433     8.434e-08
 434     8.434e-08
 435     8.434e-08
 436     8.434e-08
 437     8.434e-08
 438     8.434e-08
 439     8.434e-08
 440     8.434e-08
 441     8.434e-08
 442     8.434e-08
 443     8.434e-08
 444     8.434e-08
 445     8.434e-08
 446     8.434e-08
 447     8.434e-08
 448     8.434e-08
 449     8.434e-08
 450     8.434e-08
 451     8.434e-08
 452     8.434e-08
 453     8.434e-08
 454     8.434e-08
 455     8.434e-08
 456     8.434e-08
 457     8.434e-08
 458     8.434e-08
 459     8.434e-08
 460     8.434e-08
 461     8.434e-08
 462     8.434e-08
 463     8.434e-08
 464     8.434e-08
 465     8.434e-08
 466     8.434e-08
 467     8.434e-08
 468     8.434e-08
 469     8.434e-08
 470     8.434e-08
 471     8.434e-08
 472     8.434e-08
 473     8.434e-08
 474     8.434e-08
 475     8.434e-08
 476     8.434e-08
 477     8.434e-08
 478     8.434e-08
 479     8.434e-08
 480     8.434e-08
 481     8.434e-08
 482     8.434e-08
 483     8.434e-08
 484     8.434e-08
 485     8.434e-08
 486     8.434e-08
 487     8.434e-08
 488     8.434e-08
 489     8.434e-08
 490     8.434e-08
 491     8.434e-08
 492     8.434e-08
 493     8.434e-08
 494     8.434e-08
 495     8.434e-08
 496     8.434e-08
 497     8.434e-08
 498     8.434e-08
 499     8.434e-08
 500     8.434e-08
!Created by ./stackanalysis_v4.pl in Users/M23_8083_cI621Nq
