!Sorted Bootstrap Resuls for 500_2000
!No     rate_boot
   1     4.412e-08
   2     4.412e-08
   3     4.412e-08
   4     4.412e-08
   5     4.412e-08
   6     4.412e-08
   7     4.412e-08
   8     4.412e-08
   9     4.412e-08
  10     4.412e-08
  11     4.412e-08
  12     4.412e-08
  13     4.412e-08
  14     4.412e-08
  15     4.412e-08
  16     4.412e-08
  17     4.412e-08
  18     4.412e-08
  19     4.412e-08
  20     4.412e-08
  21     4.412e-08
  22     4.412e-08
  23     4.412e-08
  24     4.412e-08
  25     4.412e-08
  26     4.412e-08
  27     4.412e-08
  28     4.412e-08
  29     4.412e-08
  30     4.412e-08
  31     4.412e-08
  32     4.412e-08
  33     4.412e-08
  34     4.412e-08
  35     4.412e-08
  36     4.412e-08
  37     4.412e-08
  38     4.412e-08
  39     4.412e-08
  40     4.412e-08
  41     4.412e-08
  42     4.412e-08
  43     4.412e-08
  44     4.412e-08
  45     4.412e-08
  46     4.412e-08
  47     4.412e-08
  48     4.412e-08
  49     4.412e-08
  50     4.412e-08
  51     4.412e-08
  52     4.412e-08
  53     4.412e-08
  54     4.412e-08
  55     4.412e-08
  56     4.412e-08
  57     4.412e-08
  58     4.412e-08
  59     4.412e-08
  60     4.412e-08
  61     4.412e-08
  62     4.412e-08
  63     4.412e-08
  64     4.412e-08
  65     4.412e-08
  66     4.412e-08
  67     4.412e-08
  68     4.412e-08
  69     4.412e-08
  70     4.412e-08
  71     4.412e-08
  72     4.412e-08
  73     4.412e-08
  74     4.412e-08
  75     4.412e-08
  76     4.412e-08
  77     4.412e-08
  78     4.412e-08
  79     4.412e-08
  80     4.412e-08
  81     4.412e-08
  82     4.412e-08
  83     4.412e-08
  84     4.412e-08
  85     4.412e-08
  86     4.412e-08
  87     4.412e-08
  88     4.412e-08
  89     4.412e-08
  90     4.412e-08
  91     4.412e-08
  92     4.412e-08
  93     4.412e-08
  94     4.412e-08
  95     4.412e-08
  96     4.412e-08
  97     4.412e-08
  98     4.412e-08
  99     4.412e-08
 100     4.412e-08
 101     4.412e-08
 102     4.412e-08
 103     4.412e-08
 104     4.412e-08
 105     4.412e-08
 106     4.412e-08
 107     4.412e-08
 108     4.412e-08
 109     4.412e-08
 110     4.412e-08
 111     4.412e-08
 112     4.412e-08
 113     4.412e-08
 114     4.412e-08
 115     4.412e-08
 116     4.412e-08
 117     4.412e-08
 118     4.412e-08
 119     4.412e-08
 120     4.412e-08
 121     4.412e-08
 122     4.412e-08
 123     4.412e-08
 124     4.412e-08
 125     4.412e-08
 126     4.412e-08
 127     4.412e-08
 128     4.412e-08
 129     4.412e-08
 130     4.412e-08
 131     4.412e-08
 132     4.412e-08
 133     4.412e-08
 134     4.412e-08
 135     4.412e-08
 136     4.412e-08
 137     4.412e-08
 138     4.412e-08
 139     4.412e-08
 140     4.412e-08
 141     4.412e-08
 142     4.412e-08
 143     4.412e-08
 144     4.412e-08
 145     4.412e-08
 146     4.412e-08
 147     4.412e-08
 148     4.412e-08
 149     4.412e-08
 150     4.412e-08
 151     4.412e-08
 152     4.412e-08
 153     4.412e-08
 154     4.412e-08
 155     4.412e-08
 156     4.412e-08
 157     4.412e-08
 158     4.412e-08
 159     4.412e-08
 160     4.412e-08
 161     4.412e-08
 162     4.412e-08
 163     4.412e-08
 164     4.412e-08
 165     4.412e-08
 166     4.412e-08
 167     4.412e-08
 168     4.412e-08
 169     4.412e-08
 170     4.412e-08
 171     4.412e-08
 172     4.412e-08
 173     4.412e-08
 174     4.412e-08
 175     4.412e-08
 176     4.412e-08
 177     4.412e-08
 178     4.412e-08
 179     4.412e-08
 180     4.412e-08
 181     4.412e-08
 182     4.412e-08
 183     4.412e-08
 184     4.412e-08
 185     4.412e-08
 186     4.412e-08
 187     4.412e-08
 188     4.412e-08
 189     4.412e-08
 190     4.412e-08
 191     4.412e-08
 192     4.412e-08
 193     4.412e-08
 194     4.412e-08
 195     4.412e-08
 196     4.412e-08
 197     4.412e-08
 198     4.412e-08
 199     4.412e-08
 200     4.412e-08
 201     4.412e-08
 202     4.412e-08
 203     4.412e-08
 204     4.412e-08
 205     4.412e-08
 206     4.412e-08
 207     4.412e-08
 208     4.412e-08
 209     4.412e-08
 210     4.412e-08
 211     4.412e-08
 212     4.412e-08
 213     4.412e-08
 214     4.412e-08
 215     4.412e-08
 216     4.412e-08
 217     4.412e-08
 218     4.412e-08
 219     4.412e-08
 220     4.412e-08
 221     4.412e-08
 222     4.412e-08
 223     4.412e-08
 224     4.412e-08
 225     4.412e-08
 226     4.412e-08
 227     4.412e-08
 228     4.412e-08
 229     4.412e-08
 230     4.412e-08
 231     4.412e-08
 232     4.412e-08
 233     4.412e-08
 234     4.412e-08
 235     4.412e-08
 236     4.412e-08
 237     4.412e-08
 238     4.412e-08
 239     4.412e-08
 240     4.412e-08
 241     4.412e-08
 242     4.412e-08
 243     4.412e-08
 244     4.412e-08
 245     4.412e-08
 246     4.412e-08
 247     4.412e-08
 248     4.412e-08
 249     4.412e-08
 250     4.412e-08
 251     4.412e-08
 252     4.412e-08
 253     4.412e-08
 254     4.412e-08
 255     4.412e-08
 256     4.412e-08
 257     4.412e-08
 258     4.412e-08
 259     4.412e-08
 260     4.412e-08
 261     4.412e-08
 262     4.412e-08
 263     4.412e-08
 264     4.412e-08
 265     4.412e-08
 266     4.412e-08
 267     4.412e-08
 268     4.412e-08
 269     4.412e-08
 270     4.412e-08
 271     4.412e-08
 272     4.412e-08
 273     4.412e-08
 274     4.412e-08
 275     4.412e-08
 276     4.412e-08
 277     4.412e-08
 278     4.412e-08
 279     4.412e-08
 280     4.412e-08
 281     4.412e-08
 282     4.412e-08
 283     4.412e-08
 284     4.412e-08
 285     4.412e-08
 286     4.412e-08
 287     4.412e-08
 288     4.412e-08
 289     4.412e-08
 290     4.412e-08
 291     4.412e-08
 292     4.412e-08
 293     4.412e-08
 294     4.412e-08
 295     4.412e-08
 296     4.412e-08
 297     4.412e-08
 298     4.412e-08
 299     4.412e-08
 300     4.412e-08
 301     4.412e-08
 302     4.412e-08
 303     4.412e-08
 304     4.412e-08
 305     4.412e-08
 306     4.412e-08
 307     4.412e-08
 308     4.412e-08
 309     4.412e-08
 310     4.412e-08
 311     4.412e-08
 312     4.412e-08
 313     4.412e-08
 314     4.412e-08
 315     4.412e-08
 316     4.412e-08
 317     4.412e-08
 318     4.412e-08
 319     4.412e-08
 320     4.412e-08
 321     4.412e-08
 322     4.412e-08
 323     4.412e-08
 324     4.412e-08
 325     4.412e-08
 326     4.412e-08
 327     4.412e-08
 328     4.412e-08
 329     4.412e-08
 330     4.412e-08
 331     4.412e-08
 332     4.412e-08
 333     4.412e-08
 334     4.412e-08
 335     4.412e-08
 336     4.412e-08
 337     4.412e-08
 338     4.412e-08
 339     4.412e-08
 340     4.412e-08
 341     4.412e-08
 342     4.412e-08
 343     4.412e-08
 344     4.412e-08
 345     4.412e-08
 346     4.412e-08
 347     4.412e-08
 348     4.412e-08
 349     4.412e-08
 350     4.412e-08
 351     4.412e-08
 352     4.412e-08
 353     4.412e-08
 354     4.412e-08
 355     4.412e-08
 356     4.412e-08
 357     4.412e-08
 358     4.412e-08
 359     4.412e-08
 360     4.412e-08
 361     4.412e-08
 362     4.412e-08
 363     4.412e-08
 364     4.412e-08
 365     4.412e-08
 366     4.412e-08
 367     4.412e-08
 368     4.412e-08
 369     4.412e-08
 370     4.412e-08
 371     4.412e-08
 372     4.412e-08
 373     4.412e-08
 374     4.412e-08
 375     4.412e-08
 376     4.412e-08
 377     4.412e-08
 378     4.412e-08
 379     4.412e-08
 380     4.412e-08
 381     4.412e-08
 382     4.412e-08
 383     4.412e-08
 384     4.412e-08
 385     4.412e-08
 386     4.412e-08
 387     4.412e-08
 388     4.412e-08
 389     4.412e-08
 390     4.412e-08
 391     4.412e-08
 392     4.412e-08
 393     4.412e-08
 394     4.412e-08
 395     4.412e-08
 396     4.412e-08
 397     4.412e-08
 398     4.412e-08
 399     4.412e-08
 400     4.412e-08
 401     4.412e-08
 402     4.412e-08
 403     4.412e-08
 404     4.412e-08
 405     4.412e-08
 406     4.412e-08
 407     4.412e-08
 408     4.412e-08
 409     4.412e-08
 410     4.412e-08
 411     4.412e-08
 412     4.412e-08
 413     4.412e-08
 414     4.412e-08
 415     4.412e-08
 416     4.412e-08
 417     4.412e-08
 418     4.412e-08
 419     4.412e-08
 420     4.412e-08
 421     4.412e-08
 422     4.412e-08
 423     4.412e-08
 424     4.412e-08
 425     4.412e-08
 426     4.412e-08
 427     4.412e-08
 428     4.412e-08
 429     4.412e-08
 430     4.412e-08
 431     4.412e-08
 432     4.412e-08
 433     4.412e-08
 434     4.412e-08
 435     4.412e-08
 436     4.412e-08
 437     4.412e-08
 438     4.412e-08
 439     4.412e-08
 440     4.412e-08
 441     4.412e-08
 442     4.412e-08
 443     4.412e-08
 444     4.412e-08
 445     4.412e-08
 446     4.412e-08
 447     4.412e-08
 448     4.412e-08
 449     4.412e-08
 450     4.412e-08
 451     4.412e-08
 452     4.412e-08
 453     4.412e-08
 454     4.412e-08
 455     4.412e-08
 456     4.412e-08
 457     4.412e-08
 458     4.412e-08
 459     4.412e-08
 460     4.412e-08
 461     4.412e-08
 462     4.412e-08
 463     4.412e-08
 464     4.412e-08
 465     4.412e-08
 466     4.412e-08
 467     4.412e-08
 468     4.412e-08
 469     4.412e-08
 470     4.412e-08
 471     4.412e-08
 472     4.412e-08
 473     4.412e-08
 474     4.412e-08
 475     4.412e-08
 476     4.412e-08
 477     4.412e-08
 478     4.412e-08
 479     4.412e-08
 480     4.412e-08
 481     4.412e-08
 482     4.412e-08
 483     4.412e-08
 484     4.412e-08
 485     4.412e-08
 486     4.412e-08
 487     4.412e-08
 488     4.412e-08
 489     4.412e-08
 490     4.412e-08
 491     4.412e-08
 492     4.412e-08
 493     4.412e-08
 494     4.412e-08
 495     4.412e-08
 496     4.412e-08
 497     4.412e-08
 498     4.412e-08
 499     4.412e-08
 500     4.412e-08
!Created by ./stackanalysis_v4.pl in Users/M23_8083_cI621Nq
