!Sorted Bootstrap Resuls for 2000_8000
!No     rate_boot
   1     8.401e-06
   2     8.401e-06
   3     8.401e-06
   4     8.401e-06
   5     8.401e-06
   6     8.401e-06
   7     8.401e-06
   8     8.401e-06
   9     8.401e-06
  10     8.401e-06
  11     8.401e-06
  12     8.401e-06
  13     8.401e-06
  14     8.401e-06
  15     8.401e-06
  16     8.401e-06
  17     8.401e-06
  18     8.401e-06
  19     8.401e-06
  20     8.401e-06
  21     8.401e-06
  22     8.401e-06
  23     8.401e-06
  24     8.401e-06
  25     8.401e-06
  26     8.401e-06
  27     8.401e-06
  28     8.401e-06
  29     8.401e-06
  30     8.401e-06
  31     8.401e-06
  32     8.401e-06
  33     8.401e-06
  34     8.401e-06
  35     8.401e-06
  36     8.401e-06
  37     8.401e-06
  38     8.401e-06
  39     8.401e-06
  40     8.401e-06
  41     8.401e-06
  42     8.401e-06
  43     8.401e-06
  44     8.401e-06
  45     8.401e-06
  46     8.401e-06
  47     8.401e-06
  48     8.401e-06
  49     8.401e-06
  50     8.401e-06
  51     8.401e-06
  52     8.401e-06
  53     8.401e-06
  54     8.401e-06
  55     8.401e-06
  56     8.401e-06
  57     8.401e-06
  58     8.401e-06
  59     8.401e-06
  60     8.401e-06
  61     8.401e-06
  62     8.401e-06
  63     8.401e-06
  64     8.401e-06
  65     8.401e-06
  66     8.401e-06
  67     8.401e-06
  68     8.401e-06
  69     8.401e-06
  70     8.401e-06
  71     8.401e-06
  72     8.401e-06
  73     8.401e-06
  74     8.401e-06
  75     8.401e-06
  76     8.401e-06
  77     8.401e-06
  78     8.401e-06
  79     8.401e-06
  80     8.401e-06
  81     8.401e-06
  82     8.401e-06
  83     8.401e-06
  84     8.401e-06
  85     8.401e-06
  86     8.401e-06
  87     8.401e-06
  88     8.401e-06
  89     8.401e-06
  90     8.401e-06
  91     8.401e-06
  92     8.401e-06
  93     8.401e-06
  94     8.401e-06
  95     8.401e-06
  96     8.401e-06
  97     8.401e-06
  98     8.401e-06
  99     8.401e-06
 100     8.401e-06
 101     8.401e-06
 102     8.401e-06
 103     8.401e-06
 104     8.401e-06
 105     8.401e-06
 106     8.401e-06
 107     8.401e-06
 108     8.401e-06
 109     8.401e-06
 110     8.401e-06
 111     8.401e-06
 112     8.401e-06
 113     8.401e-06
 114     8.401e-06
 115     8.401e-06
 116     8.401e-06
 117     8.401e-06
 118     8.401e-06
 119     8.401e-06
 120     8.401e-06
 121     8.401e-06
 122     8.401e-06
 123     8.401e-06
 124     8.401e-06
 125     8.401e-06
 126     8.401e-06
 127     8.401e-06
 128     8.401e-06
 129     8.401e-06
 130     8.401e-06
 131     8.401e-06
 132     8.401e-06
 133     8.401e-06
 134     8.401e-06
 135     8.401e-06
 136     8.401e-06
 137     8.401e-06
 138     8.401e-06
 139     8.401e-06
 140     8.401e-06
 141     8.401e-06
 142     8.401e-06
 143     8.401e-06
 144     8.401e-06
 145     8.401e-06
 146     8.401e-06
 147     8.401e-06
 148     8.401e-06
 149     8.401e-06
 150     8.401e-06
 151     8.401e-06
 152     8.401e-06
 153     8.401e-06
 154     8.401e-06
 155     8.401e-06
 156     8.401e-06
 157     8.401e-06
 158     8.401e-06
 159     8.401e-06
 160     8.401e-06
 161     8.401e-06
 162     8.401e-06
 163     8.401e-06
 164     8.401e-06
 165     8.401e-06
 166     8.401e-06
 167     8.401e-06
 168     8.401e-06
 169     8.401e-06
 170     8.401e-06
 171     8.401e-06
 172     8.401e-06
 173     8.401e-06
 174     8.401e-06
 175     8.401e-06
 176     8.401e-06
 177     8.401e-06
 178     8.401e-06
 179     8.401e-06
 180     8.401e-06
 181     8.401e-06
 182     8.401e-06
 183     8.401e-06
 184     8.401e-06
 185     8.401e-06
 186     8.401e-06
 187     8.401e-06
 188     8.401e-06
 189     8.401e-06
 190     8.401e-06
 191     8.401e-06
 192     8.401e-06
 193     8.401e-06
 194     8.401e-06
 195     8.401e-06
 196     8.401e-06
 197     8.401e-06
 198     8.401e-06
 199     8.401e-06
 200     8.401e-06
 201     8.401e-06
 202     8.401e-06
 203     8.401e-06
 204     8.401e-06
 205     8.401e-06
 206     8.401e-06
 207     8.401e-06
 208     8.401e-06
 209     8.401e-06
 210     8.401e-06
 211     8.401e-06
 212     8.401e-06
 213     8.401e-06
 214     8.401e-06
 215     8.401e-06
 216     8.401e-06
 217     8.401e-06
 218     8.401e-06
 219     8.401e-06
 220     8.401e-06
 221     8.401e-06
 222     8.401e-06
 223     8.401e-06
 224     8.401e-06
 225     8.401e-06
 226     8.401e-06
 227     8.401e-06
 228     8.401e-06
 229     8.401e-06
 230     8.401e-06
 231     8.401e-06
 232     8.401e-06
 233     8.401e-06
 234     8.401e-06
 235     8.401e-06
 236     8.401e-06
 237     8.401e-06
 238     8.401e-06
 239     8.401e-06
 240     8.401e-06
 241     8.401e-06
 242     8.401e-06
 243     8.401e-06
 244     8.401e-06
 245     8.401e-06
 246     8.401e-06
 247     8.401e-06
 248     8.401e-06
 249     8.401e-06
 250     8.401e-06
 251     8.401e-06
 252     8.401e-06
 253     8.401e-06
 254     8.401e-06
 255     8.401e-06
 256     8.401e-06
 257     8.401e-06
 258     8.401e-06
 259     8.401e-06
 260     8.401e-06
 261     8.401e-06
 262     8.401e-06
 263     8.401e-06
 264     8.401e-06
 265     8.401e-06
 266     8.401e-06
 267     8.401e-06
 268     8.401e-06
 269     8.401e-06
 270     8.401e-06
 271     8.401e-06
 272     8.401e-06
 273     8.401e-06
 274     8.401e-06
 275     8.401e-06
 276     8.401e-06
 277     8.401e-06
 278     8.401e-06
 279     8.401e-06
 280     8.401e-06
 281     8.401e-06
 282     8.401e-06
 283     8.401e-06
 284     8.401e-06
 285     8.401e-06
 286     8.401e-06
 287     8.401e-06
 288     8.401e-06
 289     8.401e-06
 290     8.401e-06
 291     8.401e-06
 292     8.401e-06
 293     8.401e-06
 294     8.401e-06
 295     8.401e-06
 296     8.401e-06
 297     8.401e-06
 298     8.401e-06
 299     8.401e-06
 300     8.401e-06
 301     8.401e-06
 302     8.401e-06
 303     8.401e-06
 304     8.401e-06
 305     8.401e-06
 306     8.401e-06
 307     8.401e-06
 308     8.401e-06
 309     8.401e-06
 310     8.401e-06
 311     8.401e-06
 312     8.401e-06
 313     8.401e-06
 314     8.401e-06
 315     8.401e-06
 316     8.401e-06
 317     8.401e-06
 318     8.401e-06
 319     8.401e-06
 320     8.401e-06
 321     8.401e-06
 322     8.401e-06
 323     8.401e-06
 324     8.401e-06
 325     8.401e-06
 326     8.401e-06
 327     8.401e-06
 328     8.401e-06
 329     8.401e-06
 330     8.401e-06
 331     8.401e-06
 332     8.401e-06
 333     8.401e-06
 334     8.401e-06
 335     8.401e-06
 336     8.401e-06
 337     8.401e-06
 338     8.401e-06
 339     8.401e-06
 340     8.401e-06
 341     8.401e-06
 342     8.401e-06
 343     8.401e-06
 344     8.401e-06
 345     8.401e-06
 346     8.401e-06
 347     8.401e-06
 348     8.401e-06
 349     8.401e-06
 350     8.401e-06
 351     8.401e-06
 352     8.401e-06
 353     8.401e-06
 354     8.401e-06
 355     8.401e-06
 356     8.401e-06
 357     8.401e-06
 358     8.401e-06
 359     8.401e-06
 360     8.401e-06
 361     8.401e-06
 362     8.401e-06
 363     8.401e-06
 364     8.401e-06
 365     8.401e-06
 366     8.401e-06
 367     8.401e-06
 368     8.401e-06
 369     8.401e-06
 370     8.401e-06
 371     8.401e-06
 372     8.401e-06
 373     8.401e-06
 374     8.401e-06
 375     8.401e-06
 376     8.401e-06
 377     8.401e-06
 378     8.401e-06
 379     8.401e-06
 380     8.401e-06
 381     8.401e-06
 382     8.401e-06
 383     8.401e-06
 384     8.401e-06
 385     8.401e-06
 386     8.401e-06
 387     8.401e-06
 388     8.401e-06
 389     8.401e-06
 390     8.401e-06
 391     8.401e-06
 392     8.401e-06
 393     8.401e-06
 394     8.401e-06
 395     8.401e-06
 396     8.401e-06
 397     8.401e-06
 398     8.401e-06
 399     8.401e-06
 400     8.401e-06
 401     8.401e-06
 402     8.401e-06
 403     8.401e-06
 404     8.401e-06
 405     8.401e-06
 406     8.401e-06
 407     8.401e-06
 408     8.401e-06
 409     8.401e-06
 410     8.401e-06
 411     8.401e-06
 412     8.401e-06
 413     8.401e-06
 414     8.401e-06
 415     8.401e-06
 416     8.401e-06
 417     8.401e-06
 418     8.401e-06
 419     8.401e-06
 420     8.401e-06
 421     8.401e-06
 422     8.401e-06
 423     8.401e-06
 424     8.401e-06
 425     8.401e-06
 426     8.401e-06
 427     8.401e-06
 428     8.401e-06
 429     8.401e-06
 430     8.401e-06
 431     8.401e-06
 432     8.401e-06
 433     8.401e-06
 434     8.401e-06
 435     8.401e-06
 436     8.401e-06
 437     8.401e-06
 438     8.401e-06
 439     8.401e-06
 440     8.401e-06
 441     8.401e-06
 442     8.401e-06
 443     8.401e-06
 444     8.401e-06
 445     8.401e-06
 446     8.401e-06
 447     8.401e-06
 448     8.401e-06
 449     8.401e-06
 450     8.401e-06
 451     8.401e-06
 452     8.401e-06
 453     8.401e-06
 454     8.401e-06
 455     8.401e-06
 456     8.401e-06
 457     8.401e-06
 458     8.401e-06
 459     8.401e-06
 460     8.401e-06
 461     8.401e-06
 462     8.401e-06
 463     8.401e-06
 464     8.401e-06
 465     8.401e-06
 466     8.401e-06
 467     8.401e-06
 468     8.401e-06
 469     8.401e-06
 470     8.401e-06
 471     8.401e-06
 472     8.401e-06
 473     8.401e-06
 474     8.401e-06
 475     8.401e-06
 476     8.401e-06
 477     8.401e-06
 478     8.401e-06
 479     8.401e-06
 480     8.401e-06
 481     8.401e-06
 482     8.401e-06
 483     8.401e-06
 484     8.401e-06
 485     8.401e-06
 486     8.401e-06
 487     8.401e-06
 488     8.401e-06
 489     8.401e-06
 490     8.401e-06
 491     8.401e-06
 492     8.401e-06
 493     8.401e-06
 494     8.401e-06
 495     8.401e-06
 496     8.401e-06
 497     8.401e-06
 498     8.401e-06
 499     8.401e-06
 500     8.401e-06
!Created by ./stackanalysis_v4.pl in Users/M23_53757_2_fF888Cf
