!Sorted Bootstrap Resuls for 2000_8000
!No     rate_boot
   1    -1.134e-06
   2    -1.134e-06
   3    -1.134e-06
   4    -1.134e-06
   5    -1.134e-06
   6    -1.134e-06
   7    -1.134e-06
   8    -1.134e-06
   9    -1.134e-06
  10    -1.134e-06
  11    -1.134e-06
  12    -1.134e-06
  13    -1.134e-06
  14    -1.134e-06
  15    -1.134e-06
  16    -1.134e-06
  17    -1.134e-06
  18    -1.134e-06
  19    -1.134e-06
  20    -1.134e-06
  21    -1.134e-06
  22    -1.134e-06
  23    -1.134e-06
  24    -1.134e-06
  25    -1.134e-06
  26    -1.134e-06
  27    -1.134e-06
  28    -1.134e-06
  29    -1.134e-06
  30    -1.134e-06
  31    -1.134e-06
  32    -1.134e-06
  33    -1.134e-06
  34    -1.134e-06
  35    -1.134e-06
  36    -1.134e-06
  37    -1.134e-06
  38    -1.134e-06
  39    -1.134e-06
  40    -1.134e-06
  41    -1.134e-06
  42    -1.134e-06
  43    -1.134e-06
  44    -1.134e-06
  45    -1.134e-06
  46    -1.134e-06
  47    -1.134e-06
  48    -1.134e-06
  49    -1.134e-06
  50    -1.134e-06
  51    -1.134e-06
  52    -1.134e-06
  53    -1.134e-06
  54    -1.134e-06
  55    -1.134e-06
  56    -1.134e-06
  57    -1.134e-06
  58    -1.134e-06
  59    -1.134e-06
  60    -1.134e-06
  61    -1.134e-06
  62    -1.134e-06
  63    -1.134e-06
  64    -1.134e-06
  65    -1.134e-06
  66    -1.134e-06
  67    -1.134e-06
  68    -1.134e-06
  69    -1.134e-06
  70    -1.134e-06
  71    -1.134e-06
  72    -1.134e-06
  73    -1.134e-06
  74    -1.134e-06
  75    -1.134e-06
  76    -1.134e-06
  77    -1.134e-06
  78    -1.134e-06
  79    -1.134e-06
  80    -1.134e-06
  81    -1.134e-06
  82    -1.134e-06
  83    -1.134e-06
  84    -1.134e-06
  85    -1.134e-06
  86    -1.134e-06
  87    -1.134e-06
  88    -1.134e-06
  89    -1.134e-06
  90    -1.134e-06
  91    -1.134e-06
  92    -1.134e-06
  93    -1.134e-06
  94    -1.134e-06
  95    -1.134e-06
  96    -1.134e-06
  97    -1.134e-06
  98    -1.134e-06
  99    -1.134e-06
 100    -1.134e-06
 101    -1.134e-06
 102    -1.134e-06
 103    -1.134e-06
 104    -1.134e-06
 105    -1.134e-06
 106    -1.134e-06
 107    -1.134e-06
 108    -1.134e-06
 109    -1.134e-06
 110    -1.134e-06
 111    -1.134e-06
 112    -1.134e-06
 113    -1.134e-06
 114    -1.134e-06
 115    -1.134e-06
 116    -1.134e-06
 117    -1.134e-06
 118    -1.134e-06
 119    -1.134e-06
 120    -1.134e-06
 121    -1.134e-06
 122    -1.134e-06
 123    -1.134e-06
 124    -1.134e-06
 125    -1.134e-06
 126    -1.134e-06
 127    -1.134e-06
 128    -1.134e-06
 129    -1.134e-06
 130    -1.134e-06
 131    -1.134e-06
 132    -1.134e-06
 133    -1.134e-06
 134    -1.134e-06
 135    -1.134e-06
 136    -1.134e-06
 137    -1.134e-06
 138    -1.134e-06
 139    -1.134e-06
 140    -1.134e-06
 141    -1.134e-06
 142    -1.134e-06
 143    -1.134e-06
 144    -1.134e-06
 145    -1.134e-06
 146    -1.134e-06
 147    -1.134e-06
 148    -1.134e-06
 149    -1.134e-06
 150    -1.134e-06
 151    -1.134e-06
 152    -1.134e-06
 153    -1.134e-06
 154    -1.134e-06
 155    -1.134e-06
 156    -1.134e-06
 157    -1.134e-06
 158    -1.134e-06
 159    -1.134e-06
 160    -1.134e-06
 161    -1.134e-06
 162    -1.134e-06
 163    -1.134e-06
 164    -1.134e-06
 165    -1.134e-06
 166    -1.134e-06
 167    -1.134e-06
 168    -1.134e-06
 169    -1.134e-06
 170    -1.134e-06
 171    -1.134e-06
 172    -1.134e-06
 173    -1.134e-06
 174    -1.134e-06
 175    -1.134e-06
 176    -1.134e-06
 177    -1.134e-06
 178    -1.134e-06
 179    -1.134e-06
 180    -1.134e-06
 181    -1.134e-06
 182    -1.134e-06
 183    -1.134e-06
 184    -1.134e-06
 185    -1.134e-06
 186    -1.134e-06
 187    -1.134e-06
 188    -1.134e-06
 189    -1.134e-06
 190    -1.134e-06
 191    -1.134e-06
 192    -1.134e-06
 193    -1.134e-06
 194    -1.134e-06
 195    -1.134e-06
 196    -1.134e-06
 197    -1.134e-06
 198    -1.134e-06
 199    -1.134e-06
 200    -1.134e-06
 201    -1.134e-06
 202    -1.134e-06
 203    -1.134e-06
 204    -1.134e-06
 205    -1.134e-06
 206    -1.134e-06
 207    -1.134e-06
 208    -1.134e-06
 209    -1.134e-06
 210    -1.134e-06
 211    -1.134e-06
 212    -1.134e-06
 213    -1.134e-06
 214    -1.134e-06
 215    -1.134e-06
 216    -1.134e-06
 217    -1.134e-06
 218    -1.134e-06
 219    -1.134e-06
 220    -1.134e-06
 221    -1.134e-06
 222    -1.134e-06
 223    -1.134e-06
 224    -1.134e-06
 225    -1.134e-06
 226    -1.134e-06
 227    -1.134e-06
 228    -1.134e-06
 229    -1.134e-06
 230    -1.134e-06
 231    -1.134e-06
 232    -1.134e-06
 233    -1.134e-06
 234    -1.134e-06
 235    -1.134e-06
 236    -1.134e-06
 237    -1.134e-06
 238    -1.134e-06
 239    -1.134e-06
 240    -1.134e-06
 241    -1.134e-06
 242    -1.134e-06
 243    -1.134e-06
 244    -1.134e-06
 245    -1.134e-06
 246    -1.134e-06
 247    -1.134e-06
 248    -1.134e-06
 249    -1.134e-06
 250    -1.134e-06
 251    -1.134e-06
 252    -1.134e-06
 253    -1.134e-06
 254    -1.134e-06
 255    -1.134e-06
 256    -1.134e-06
 257    -1.134e-06
 258    -1.134e-06
 259    -1.134e-06
 260    -1.134e-06
 261    -1.134e-06
 262    -1.134e-06
 263    -1.134e-06
 264    -1.134e-06
 265    -1.134e-06
 266    -1.134e-06
 267    -1.134e-06
 268    -1.134e-06
 269    -1.134e-06
 270    -1.134e-06
 271    -1.134e-06
 272    -1.134e-06
 273    -1.134e-06
 274    -1.134e-06
 275    -1.134e-06
 276    -1.134e-06
 277    -1.134e-06
 278    -1.134e-06
 279    -1.134e-06
 280    -1.134e-06
 281    -1.134e-06
 282    -1.134e-06
 283    -1.134e-06
 284    -1.134e-06
 285    -1.134e-06
 286    -1.134e-06
 287    -1.134e-06
 288    -1.134e-06
 289    -1.134e-06
 290    -1.134e-06
 291    -1.134e-06
 292    -1.134e-06
 293    -1.134e-06
 294    -1.134e-06
 295    -1.134e-06
 296    -1.134e-06
 297    -1.134e-06
 298    -1.134e-06
 299    -1.134e-06
 300    -1.134e-06
 301    -1.134e-06
 302    -1.134e-06
 303    -1.134e-06
 304    -1.134e-06
 305    -1.134e-06
 306    -1.134e-06
 307    -1.134e-06
 308    -1.134e-06
 309    -1.134e-06
 310    -1.134e-06
 311    -1.134e-06
 312    -1.134e-06
 313    -1.134e-06
 314    -1.134e-06
 315    -1.134e-06
 316    -1.134e-06
 317    -1.134e-06
 318    -1.134e-06
 319    -1.134e-06
 320    -1.134e-06
 321    -1.134e-06
 322    -1.134e-06
 323    -1.134e-06
 324    -1.134e-06
 325    -1.134e-06
 326    -1.134e-06
 327    -1.134e-06
 328    -1.134e-06
 329    -1.134e-06
 330    -1.134e-06
 331    -1.134e-06
 332    -1.134e-06
 333    -1.134e-06
 334    -1.134e-06
 335    -1.134e-06
 336    -1.134e-06
 337    -1.134e-06
 338    -1.134e-06
 339    -1.134e-06
 340    -1.134e-06
 341    -1.134e-06
 342    -1.134e-06
 343    -1.134e-06
 344    -1.134e-06
 345    -1.134e-06
 346    -1.134e-06
 347    -1.134e-06
 348    -1.134e-06
 349    -1.134e-06
 350    -1.134e-06
 351    -1.134e-06
 352    -1.134e-06
 353    -1.134e-06
 354    -1.134e-06
 355    -1.134e-06
 356    -1.134e-06
 357    -1.134e-06
 358    -1.134e-06
 359    -1.134e-06
 360    -1.134e-06
 361    -1.134e-06
 362    -1.134e-06
 363    -1.134e-06
 364    -1.134e-06
 365    -1.134e-06
 366    -1.134e-06
 367    -1.134e-06
 368    -1.134e-06
 369    -1.134e-06
 370    -1.134e-06
 371    -1.134e-06
 372    -1.134e-06
 373    -1.134e-06
 374    -1.134e-06
 375    -1.134e-06
 376    -1.134e-06
 377    -1.134e-06
 378    -1.134e-06
 379    -1.134e-06
 380    -1.134e-06
 381    -1.134e-06
 382    -1.134e-06
 383    -1.134e-06
 384    -1.134e-06
 385    -1.134e-06
 386    -1.134e-06
 387    -1.134e-06
 388    -1.134e-06
 389    -1.134e-06
 390    -1.134e-06
 391    -1.134e-06
 392    -1.134e-06
 393    -1.134e-06
 394    -1.134e-06
 395    -1.134e-06
 396    -1.134e-06
 397    -1.134e-06
 398    -1.134e-06
 399    -1.134e-06
 400    -1.134e-06
 401    -1.134e-06
 402    -1.134e-06
 403    -1.134e-06
 404    -1.134e-06
 405    -1.134e-06
 406    -1.134e-06
 407    -1.134e-06
 408    -1.134e-06
 409    -1.134e-06
 410    -1.134e-06
 411    -1.134e-06
 412    -1.134e-06
 413    -1.134e-06
 414    -1.134e-06
 415    -1.134e-06
 416    -1.134e-06
 417    -1.134e-06
 418    -1.134e-06
 419    -1.134e-06
 420    -1.134e-06
 421    -1.134e-06
 422    -1.134e-06
 423    -1.134e-06
 424    -1.134e-06
 425    -1.134e-06
 426    -1.134e-06
 427    -1.134e-06
 428    -1.134e-06
 429    -1.134e-06
 430    -1.134e-06
 431    -1.134e-06
 432    -1.134e-06
 433    -1.134e-06
 434    -1.134e-06
 435    -1.134e-06
 436    -1.134e-06
 437    -1.134e-06
 438    -1.134e-06
 439    -1.134e-06
 440    -1.134e-06
 441    -1.134e-06
 442    -1.134e-06
 443    -1.134e-06
 444    -1.134e-06
 445    -1.134e-06
 446    -1.134e-06
 447    -1.134e-06
 448    -1.134e-06
 449    -1.134e-06
 450    -1.134e-06
 451    -1.134e-06
 452    -1.134e-06
 453    -1.134e-06
 454    -1.134e-06
 455    -1.134e-06
 456    -1.134e-06
 457    -1.134e-06
 458    -1.134e-06
 459    -1.134e-06
 460    -1.134e-06
 461    -1.134e-06
 462    -1.134e-06
 463    -1.134e-06
 464    -1.134e-06
 465    -1.134e-06
 466    -1.134e-06
 467    -1.134e-06
 468    -1.134e-06
 469    -1.134e-06
 470    -1.134e-06
 471    -1.134e-06
 472    -1.134e-06
 473    -1.134e-06
 474    -1.134e-06
 475    -1.134e-06
 476    -1.134e-06
 477    -1.134e-06
 478    -1.134e-06
 479    -1.134e-06
 480    -1.134e-06
 481    -1.134e-06
 482    -1.134e-06
 483    -1.134e-06
 484    -1.134e-06
 485    -1.134e-06
 486    -1.134e-06
 487    -1.134e-06
 488    -1.134e-06
 489    -1.134e-06
 490    -1.134e-06
 491    -1.134e-06
 492    -1.134e-06
 493    -1.134e-06
 494    -1.134e-06
 495    -1.134e-06
 496    -1.134e-06
 497    -1.134e-06
 498    -1.134e-06
 499    -1.134e-06
 500    -1.134e-06
!Created by ./stackanalysis_v4.pl in Users/M23_77652_Pd671vf
