!Sorted Bootstrap Resuls for 2000_8000
!No     rate_boot
   1     3.797e-06
   2     3.797e-06
   3     3.797e-06
   4     3.797e-06
   5     3.797e-06
   6     3.797e-06
   7     3.797e-06
   8     3.797e-06
   9     3.797e-06
  10     3.797e-06
  11     3.797e-06
  12     3.797e-06
  13     3.797e-06
  14     3.797e-06
  15     3.797e-06
  16     3.797e-06
  17     3.797e-06
  18     3.797e-06
  19     3.797e-06
  20     3.797e-06
  21     3.797e-06
  22     3.797e-06
  23     3.797e-06
  24     3.797e-06
  25     3.797e-06
  26     3.797e-06
  27     3.797e-06
  28     3.797e-06
  29     3.797e-06
  30     3.797e-06
  31     3.797e-06
  32     3.797e-06
  33     3.797e-06
  34     3.797e-06
  35     3.797e-06
  36     3.797e-06
  37     3.797e-06
  38     3.797e-06
  39     3.797e-06
  40     3.797e-06
  41     3.797e-06
  42     3.797e-06
  43     3.797e-06
  44     3.797e-06
  45     3.797e-06
  46     3.797e-06
  47     3.797e-06
  48     3.797e-06
  49     3.797e-06
  50     3.797e-06
  51     3.797e-06
  52     3.797e-06
  53     3.797e-06
  54     3.797e-06
  55     3.797e-06
  56     3.797e-06
  57     3.797e-06
  58     3.797e-06
  59     3.797e-06
  60     3.797e-06
  61     3.797e-06
  62     3.797e-06
  63     3.797e-06
  64     3.797e-06
  65     3.797e-06
  66     3.797e-06
  67     3.797e-06
  68     3.797e-06
  69     3.797e-06
  70     3.797e-06
  71     3.797e-06
  72     3.797e-06
  73     3.797e-06
  74     3.797e-06
  75     3.797e-06
  76     3.797e-06
  77     3.797e-06
  78     3.797e-06
  79     3.797e-06
  80     3.797e-06
  81     3.797e-06
  82     3.797e-06
  83     3.797e-06
  84     3.797e-06
  85     3.797e-06
  86     3.797e-06
  87     3.797e-06
  88     3.797e-06
  89     3.797e-06
  90     3.797e-06
  91     3.797e-06
  92     3.797e-06
  93     3.797e-06
  94     3.797e-06
  95     3.797e-06
  96     3.797e-06
  97     3.797e-06
  98     3.797e-06
  99     3.797e-06
 100     3.797e-06
 101     3.797e-06
 102     3.797e-06
 103     3.797e-06
 104     3.797e-06
 105     3.797e-06
 106     3.797e-06
 107     3.797e-06
 108     3.797e-06
 109     3.797e-06
 110     3.797e-06
 111     3.797e-06
 112     3.797e-06
 113     3.797e-06
 114     3.797e-06
 115     3.797e-06
 116     3.797e-06
 117     3.797e-06
 118     3.797e-06
 119     3.797e-06
 120     3.797e-06
 121     3.797e-06
 122     3.797e-06
 123     3.797e-06
 124     3.797e-06
 125     3.797e-06
 126     3.797e-06
 127     3.797e-06
 128     3.797e-06
 129     3.797e-06
 130     3.797e-06
 131     3.797e-06
 132     3.797e-06
 133     3.797e-06
 134     3.797e-06
 135     3.797e-06
 136     3.797e-06
 137     3.797e-06
 138     3.797e-06
 139     3.797e-06
 140     3.797e-06
 141     3.797e-06
 142     3.797e-06
 143     3.797e-06
 144     3.797e-06
 145     3.797e-06
 146     3.797e-06
 147     3.797e-06
 148     3.797e-06
 149     3.797e-06
 150     3.797e-06
 151     3.797e-06
 152     3.797e-06
 153     3.797e-06
 154     3.797e-06
 155     3.797e-06
 156     3.797e-06
 157     3.797e-06
 158     3.797e-06
 159     3.797e-06
 160     3.797e-06
 161     3.797e-06
 162     3.797e-06
 163     3.797e-06
 164     3.797e-06
 165     3.797e-06
 166     3.797e-06
 167     3.797e-06
 168     3.797e-06
 169     3.797e-06
 170     3.797e-06
 171     3.797e-06
 172     3.797e-06
 173     3.797e-06
 174     3.797e-06
 175     3.797e-06
 176     3.797e-06
 177     3.797e-06
 178     3.797e-06
 179     3.797e-06
 180     3.797e-06
 181     3.797e-06
 182     3.797e-06
 183     3.797e-06
 184     3.797e-06
 185     3.797e-06
 186     3.797e-06
 187     3.797e-06
 188     3.797e-06
 189     3.797e-06
 190     3.797e-06
 191     3.797e-06
 192     3.797e-06
 193     3.797e-06
 194     3.797e-06
 195     3.797e-06
 196     3.797e-06
 197     3.797e-06
 198     3.797e-06
 199     3.797e-06
 200     3.797e-06
 201     3.797e-06
 202     3.797e-06
 203     3.797e-06
 204     3.797e-06
 205     3.797e-06
 206     3.797e-06
 207     3.797e-06
 208     3.797e-06
 209     3.797e-06
 210     3.797e-06
 211     3.797e-06
 212     3.797e-06
 213     3.797e-06
 214     3.797e-06
 215     3.797e-06
 216     3.797e-06
 217     3.797e-06
 218     3.797e-06
 219     3.797e-06
 220     3.797e-06
 221     3.797e-06
 222     3.797e-06
 223     3.797e-06
 224     3.797e-06
 225     3.797e-06
 226     3.797e-06
 227     3.797e-06
 228     3.797e-06
 229     3.797e-06
 230     3.797e-06
 231     3.797e-06
 232     3.797e-06
 233     3.797e-06
 234     3.797e-06
 235     3.797e-06
 236     3.797e-06
 237     3.797e-06
 238     3.797e-06
 239     3.797e-06
 240     3.797e-06
 241     3.797e-06
 242     3.797e-06
 243     3.797e-06
 244     3.797e-06
 245     3.797e-06
 246     3.797e-06
 247     3.797e-06
 248     3.797e-06
 249     3.797e-06
 250     3.797e-06
 251     3.797e-06
 252     3.797e-06
 253     3.797e-06
 254     3.797e-06
 255     3.797e-06
 256     3.797e-06
 257     3.797e-06
 258     3.797e-06
 259     3.797e-06
 260     3.797e-06
 261     3.797e-06
 262     3.797e-06
 263     3.797e-06
 264     3.797e-06
 265     3.797e-06
 266     3.797e-06
 267     3.797e-06
 268     3.797e-06
 269     3.797e-06
 270     3.797e-06
 271     3.797e-06
 272     3.797e-06
 273     3.797e-06
 274     3.797e-06
 275     3.797e-06
 276     3.797e-06
 277     3.797e-06
 278     3.797e-06
 279     3.797e-06
 280     3.797e-06
 281     3.797e-06
 282     3.797e-06
 283     3.797e-06
 284     3.797e-06
 285     3.797e-06
 286     3.797e-06
 287     3.797e-06
 288     3.797e-06
 289     3.797e-06
 290     3.797e-06
 291     3.797e-06
 292     3.797e-06
 293     3.797e-06
 294     3.797e-06
 295     3.797e-06
 296     3.797e-06
 297     3.797e-06
 298     3.797e-06
 299     3.797e-06
 300     3.797e-06
 301     3.797e-06
 302     3.797e-06
 303     3.797e-06
 304     3.797e-06
 305     3.797e-06
 306     3.797e-06
 307     3.797e-06
 308     3.797e-06
 309     3.797e-06
 310     3.797e-06
 311     3.797e-06
 312     3.797e-06
 313     3.797e-06
 314     3.797e-06
 315     3.797e-06
 316     3.797e-06
 317     3.797e-06
 318     3.797e-06
 319     3.797e-06
 320     3.797e-06
 321     3.797e-06
 322     3.797e-06
 323     3.797e-06
 324     3.797e-06
 325     3.797e-06
 326     3.797e-06
 327     3.797e-06
 328     3.797e-06
 329     3.797e-06
 330     3.797e-06
 331     3.797e-06
 332     3.797e-06
 333     3.797e-06
 334     3.797e-06
 335     3.797e-06
 336     3.797e-06
 337     3.797e-06
 338     3.797e-06
 339     3.797e-06
 340     3.797e-06
 341     3.797e-06
 342     3.797e-06
 343     3.797e-06
 344     3.797e-06
 345     3.797e-06
 346     3.797e-06
 347     3.797e-06
 348     3.797e-06
 349     3.797e-06
 350     3.797e-06
 351     3.797e-06
 352     3.797e-06
 353     3.797e-06
 354     3.797e-06
 355     3.797e-06
 356     3.797e-06
 357     3.797e-06
 358     3.797e-06
 359     3.797e-06
 360     3.797e-06
 361     3.797e-06
 362     3.797e-06
 363     3.797e-06
 364     3.797e-06
 365     3.797e-06
 366     3.797e-06
 367     3.797e-06
 368     3.797e-06
 369     3.797e-06
 370     3.797e-06
 371     3.797e-06
 372     3.797e-06
 373     3.797e-06
 374     3.797e-06
 375     3.797e-06
 376     3.797e-06
 377     3.797e-06
 378     3.797e-06
 379     3.797e-06
 380     3.797e-06
 381     3.797e-06
 382     3.797e-06
 383     3.797e-06
 384     3.797e-06
 385     3.797e-06
 386     3.797e-06
 387     3.797e-06
 388     3.797e-06
 389     3.797e-06
 390     3.797e-06
 391     3.797e-06
 392     3.797e-06
 393     3.797e-06
 394     3.797e-06
 395     3.797e-06
 396     3.797e-06
 397     3.797e-06
 398     3.797e-06
 399     3.797e-06
 400     3.797e-06
 401     3.797e-06
 402     3.797e-06
 403     3.797e-06
 404     3.797e-06
 405     3.797e-06
 406     3.797e-06
 407     3.797e-06
 408     3.797e-06
 409     3.797e-06
 410     3.797e-06
 411     3.797e-06
 412     3.797e-06
 413     3.797e-06
 414     3.797e-06
 415     3.797e-06
 416     3.797e-06
 417     3.797e-06
 418     3.797e-06
 419     3.797e-06
 420     3.797e-06
 421     3.797e-06
 422     3.797e-06
 423     3.797e-06
 424     3.797e-06
 425     3.797e-06
 426     3.797e-06
 427     3.797e-06
 428     3.797e-06
 429     3.797e-06
 430     3.797e-06
 431     3.797e-06
 432     3.797e-06
 433     3.797e-06
 434     3.797e-06
 435     3.797e-06
 436     3.797e-06
 437     3.797e-06
 438     3.797e-06
 439     3.797e-06
 440     3.797e-06
 441     3.797e-06
 442     3.797e-06
 443     3.797e-06
 444     3.797e-06
 445     3.797e-06
 446     3.797e-06
 447     3.797e-06
 448     3.797e-06
 449     3.797e-06
 450     3.797e-06
 451     3.797e-06
 452     3.797e-06
 453     3.797e-06
 454     3.797e-06
 455     3.797e-06
 456     3.797e-06
 457     3.797e-06
 458     3.797e-06
 459     3.797e-06
 460     3.797e-06
 461     3.797e-06
 462     3.797e-06
 463     3.797e-06
 464     3.797e-06
 465     3.797e-06
 466     3.797e-06
 467     3.797e-06
 468     3.797e-06
 469     3.797e-06
 470     3.797e-06
 471     3.797e-06
 472     3.797e-06
 473     3.797e-06
 474     3.797e-06
 475     3.797e-06
 476     3.797e-06
 477     3.797e-06
 478     3.797e-06
 479     3.797e-06
 480     3.797e-06
 481     3.797e-06
 482     3.797e-06
 483     3.797e-06
 484     3.797e-06
 485     3.797e-06
 486     3.797e-06
 487     3.797e-06
 488     3.797e-06
 489     3.797e-06
 490     3.797e-06
 491     3.797e-06
 492     3.797e-06
 493     3.797e-06
 494     3.797e-06
 495     3.797e-06
 496     3.797e-06
 497     3.797e-06
 498     3.797e-06
 499     3.797e-06
 500     3.797e-06
!Created by ./stackanalysis_v4.pl in Users/GOODS_N_12839_rz678Cf
