!       **** Bootstrap Histogram for 500_2000 ************
!           From       To        Ctr        Freq     Cum.
         -5.541e-06 -5.512e-06 -5.527e-06     0       0
         -5.512e-06 -5.483e-06 -5.498e-06     0       0
         -5.483e-06 -5.454e-06 -5.468e-06   500     500
         -5.454e-06 -5.425e-06 -5.439e-06     0     500
         -5.425e-06 -5.396e-06 -5.410e-06     0     500
         -5.396e-06 -5.366e-06 -5.381e-06     0     500
         -5.366e-06 -5.337e-06 -5.352e-06     0     500
         -5.337e-06 -5.308e-06 -5.323e-06     0     500
         -5.308e-06 -5.279e-06 -5.294e-06     0     500
         -5.279e-06 -5.250e-06 -5.264e-06     0     500
         -5.250e-06 -5.221e-06 -5.235e-06     0     500
         -5.221e-06 -5.192e-06 -5.206e-06     0     500
         -5.192e-06 -5.162e-06 -5.177e-06     0     500
         -5.162e-06 -5.133e-06 -5.148e-06     0     500
         -5.133e-06 -5.104e-06 -5.119e-06     0     500
         -5.104e-06 -5.075e-06 -5.090e-06     0     500
         -5.075e-06 -5.046e-06 -5.060e-06     0     500
         -5.046e-06 -5.017e-06 -5.031e-06     0     500
         -5.017e-06 -4.988e-06 -5.002e-06     0     500
         -4.988e-06 -4.959e-06 -4.973e-06     0     500
         -4.959e-06 -4.929e-06 -4.944e-06     0     500
         -4.929e-06 -4.900e-06 -4.915e-06     0     500
         -4.900e-06 -4.871e-06 -4.886e-06     0     500
         -4.871e-06 -4.842e-06 -4.857e-06     0     500
         -4.842e-06 -4.813e-06 -4.827e-06     0     500
         -4.813e-06 -4.784e-06 -4.798e-06     0     500
!Created by ./stackanalysis_v4.pl in Users/GOODS_N_12839_rz678Cf
