!       **** Bootstrap Histogram for 2000_8000 ************
!           From       To        Ctr        Freq     Cum.
         -5.389e-06 -5.208e-06 -5.298e-06     0       0
         -5.208e-06 -5.027e-06 -5.117e-06     0       0
         -5.027e-06 -4.846e-06 -4.936e-06   500     500
         -4.846e-06 -4.665e-06 -4.756e-06     0     500
         -4.665e-06 -4.484e-06 -4.575e-06     0     500
         -4.484e-06 -4.303e-06 -4.394e-06     0     500
         -4.303e-06 -4.123e-06 -4.213e-06     0     500
         -4.123e-06 -3.942e-06 -4.032e-06     0     500
         -3.942e-06 -3.761e-06 -3.851e-06     0     500
         -3.761e-06 -3.580e-06 -3.671e-06     0     500
         -3.580e-06 -3.399e-06 -3.490e-06     0     500
         -3.399e-06 -3.218e-06 -3.309e-06     0     500
         -3.218e-06 -3.038e-06 -3.128e-06     0     500
         -3.038e-06 -2.857e-06 -2.947e-06     0     500
         -2.857e-06 -2.676e-06 -2.766e-06     0     500
         -2.676e-06 -2.495e-06 -2.585e-06     0     500
         -2.495e-06 -2.314e-06 -2.405e-06     0     500
         -2.314e-06 -2.133e-06 -2.224e-06     0     500
         -2.133e-06 -1.953e-06 -2.043e-06     0     500
         -1.953e-06 -1.772e-06 -1.862e-06     0     500
         -1.772e-06 -1.591e-06 -1.681e-06     0     500
         -1.591e-06 -1.410e-06 -1.500e-06     0     500
         -1.410e-06 -1.229e-06 -1.320e-06     0     500
         -1.229e-06 -1.048e-06 -1.139e-06     0     500
         -1.048e-06 -8.675e-07 -9.579e-07     0     500
         -8.675e-07 -6.866e-07 -7.770e-07     0     500
!Created by ./stackanalysis_v4.pl in Users/GOODS_N_14409_qh965Xt
