!Sorted Bootstrap Resuls for 2000_8000
!No     rate_boot
   1    -4.955e-06
   2    -4.955e-06
   3    -4.955e-06
   4    -4.955e-06
   5    -4.955e-06
   6    -4.955e-06
   7    -4.955e-06
   8    -4.955e-06
   9    -4.955e-06
  10    -4.955e-06
  11    -4.955e-06
  12    -4.955e-06
  13    -4.955e-06
  14    -4.955e-06
  15    -4.955e-06
  16    -4.955e-06
  17    -4.955e-06
  18    -4.955e-06
  19    -4.955e-06
  20    -4.955e-06
  21    -4.955e-06
  22    -4.955e-06
  23    -4.955e-06
  24    -4.955e-06
  25    -4.955e-06
  26    -4.955e-06
  27    -4.955e-06
  28    -4.955e-06
  29    -4.955e-06
  30    -4.955e-06
  31    -4.955e-06
  32    -4.955e-06
  33    -4.955e-06
  34    -4.955e-06
  35    -4.955e-06
  36    -4.955e-06
  37    -4.955e-06
  38    -4.955e-06
  39    -4.955e-06
  40    -4.955e-06
  41    -4.955e-06
  42    -4.955e-06
  43    -4.955e-06
  44    -4.955e-06
  45    -4.955e-06
  46    -4.955e-06
  47    -4.955e-06
  48    -4.955e-06
  49    -4.955e-06
  50    -4.955e-06
  51    -4.955e-06
  52    -4.955e-06
  53    -4.955e-06
  54    -4.955e-06
  55    -4.955e-06
  56    -4.955e-06
  57    -4.955e-06
  58    -4.955e-06
  59    -4.955e-06
  60    -4.955e-06
  61    -4.955e-06
  62    -4.955e-06
  63    -4.955e-06
  64    -4.955e-06
  65    -4.955e-06
  66    -4.955e-06
  67    -4.955e-06
  68    -4.955e-06
  69    -4.955e-06
  70    -4.955e-06
  71    -4.955e-06
  72    -4.955e-06
  73    -4.955e-06
  74    -4.955e-06
  75    -4.955e-06
  76    -4.955e-06
  77    -4.955e-06
  78    -4.955e-06
  79    -4.955e-06
  80    -4.955e-06
  81    -4.955e-06
  82    -4.955e-06
  83    -4.955e-06
  84    -4.955e-06
  85    -4.955e-06
  86    -4.955e-06
  87    -4.955e-06
  88    -4.955e-06
  89    -4.955e-06
  90    -4.955e-06
  91    -4.955e-06
  92    -4.955e-06
  93    -4.955e-06
  94    -4.955e-06
  95    -4.955e-06
  96    -4.955e-06
  97    -4.955e-06
  98    -4.955e-06
  99    -4.955e-06
 100    -4.955e-06
 101    -4.955e-06
 102    -4.955e-06
 103    -4.955e-06
 104    -4.955e-06
 105    -4.955e-06
 106    -4.955e-06
 107    -4.955e-06
 108    -4.955e-06
 109    -4.955e-06
 110    -4.955e-06
 111    -4.955e-06
 112    -4.955e-06
 113    -4.955e-06
 114    -4.955e-06
 115    -4.955e-06
 116    -4.955e-06
 117    -4.955e-06
 118    -4.955e-06
 119    -4.955e-06
 120    -4.955e-06
 121    -4.955e-06
 122    -4.955e-06
 123    -4.955e-06
 124    -4.955e-06
 125    -4.955e-06
 126    -4.955e-06
 127    -4.955e-06
 128    -4.955e-06
 129    -4.955e-06
 130    -4.955e-06
 131    -4.955e-06
 132    -4.955e-06
 133    -4.955e-06
 134    -4.955e-06
 135    -4.955e-06
 136    -4.955e-06
 137    -4.955e-06
 138    -4.955e-06
 139    -4.955e-06
 140    -4.955e-06
 141    -4.955e-06
 142    -4.955e-06
 143    -4.955e-06
 144    -4.955e-06
 145    -4.955e-06
 146    -4.955e-06
 147    -4.955e-06
 148    -4.955e-06
 149    -4.955e-06
 150    -4.955e-06
 151    -4.955e-06
 152    -4.955e-06
 153    -4.955e-06
 154    -4.955e-06
 155    -4.955e-06
 156    -4.955e-06
 157    -4.955e-06
 158    -4.955e-06
 159    -4.955e-06
 160    -4.955e-06
 161    -4.955e-06
 162    -4.955e-06
 163    -4.955e-06
 164    -4.955e-06
 165    -4.955e-06
 166    -4.955e-06
 167    -4.955e-06
 168    -4.955e-06
 169    -4.955e-06
 170    -4.955e-06
 171    -4.955e-06
 172    -4.955e-06
 173    -4.955e-06
 174    -4.955e-06
 175    -4.955e-06
 176    -4.955e-06
 177    -4.955e-06
 178    -4.955e-06
 179    -4.955e-06
 180    -4.955e-06
 181    -4.955e-06
 182    -4.955e-06
 183    -4.955e-06
 184    -4.955e-06
 185    -4.955e-06
 186    -4.955e-06
 187    -4.955e-06
 188    -4.955e-06
 189    -4.955e-06
 190    -4.955e-06
 191    -4.955e-06
 192    -4.955e-06
 193    -4.955e-06
 194    -4.955e-06
 195    -4.955e-06
 196    -4.955e-06
 197    -4.955e-06
 198    -4.955e-06
 199    -4.955e-06
 200    -4.955e-06
 201    -4.955e-06
 202    -4.955e-06
 203    -4.955e-06
 204    -4.955e-06
 205    -4.955e-06
 206    -4.955e-06
 207    -4.955e-06
 208    -4.955e-06
 209    -4.955e-06
 210    -4.955e-06
 211    -4.955e-06
 212    -4.955e-06
 213    -4.955e-06
 214    -4.955e-06
 215    -4.955e-06
 216    -4.955e-06
 217    -4.955e-06
 218    -4.955e-06
 219    -4.955e-06
 220    -4.955e-06
 221    -4.955e-06
 222    -4.955e-06
 223    -4.955e-06
 224    -4.955e-06
 225    -4.955e-06
 226    -4.955e-06
 227    -4.955e-06
 228    -4.955e-06
 229    -4.955e-06
 230    -4.955e-06
 231    -4.955e-06
 232    -4.955e-06
 233    -4.955e-06
 234    -4.955e-06
 235    -4.955e-06
 236    -4.955e-06
 237    -4.955e-06
 238    -4.955e-06
 239    -4.955e-06
 240    -4.955e-06
 241    -4.955e-06
 242    -4.955e-06
 243    -4.955e-06
 244    -4.955e-06
 245    -4.955e-06
 246    -4.955e-06
 247    -4.955e-06
 248    -4.955e-06
 249    -4.955e-06
 250    -4.955e-06
 251    -4.955e-06
 252    -4.955e-06
 253    -4.955e-06
 254    -4.955e-06
 255    -4.955e-06
 256    -4.955e-06
 257    -4.955e-06
 258    -4.955e-06
 259    -4.955e-06
 260    -4.955e-06
 261    -4.955e-06
 262    -4.955e-06
 263    -4.955e-06
 264    -4.955e-06
 265    -4.955e-06
 266    -4.955e-06
 267    -4.955e-06
 268    -4.955e-06
 269    -4.955e-06
 270    -4.955e-06
 271    -4.955e-06
 272    -4.955e-06
 273    -4.955e-06
 274    -4.955e-06
 275    -4.955e-06
 276    -4.955e-06
 277    -4.955e-06
 278    -4.955e-06
 279    -4.955e-06
 280    -4.955e-06
 281    -4.955e-06
 282    -4.955e-06
 283    -4.955e-06
 284    -4.955e-06
 285    -4.955e-06
 286    -4.955e-06
 287    -4.955e-06
 288    -4.955e-06
 289    -4.955e-06
 290    -4.955e-06
 291    -4.955e-06
 292    -4.955e-06
 293    -4.955e-06
 294    -4.955e-06
 295    -4.955e-06
 296    -4.955e-06
 297    -4.955e-06
 298    -4.955e-06
 299    -4.955e-06
 300    -4.955e-06
 301    -4.955e-06
 302    -4.955e-06
 303    -4.955e-06
 304    -4.955e-06
 305    -4.955e-06
 306    -4.955e-06
 307    -4.955e-06
 308    -4.955e-06
 309    -4.955e-06
 310    -4.955e-06
 311    -4.955e-06
 312    -4.955e-06
 313    -4.955e-06
 314    -4.955e-06
 315    -4.955e-06
 316    -4.955e-06
 317    -4.955e-06
 318    -4.955e-06
 319    -4.955e-06
 320    -4.955e-06
 321    -4.955e-06
 322    -4.955e-06
 323    -4.955e-06
 324    -4.955e-06
 325    -4.955e-06
 326    -4.955e-06
 327    -4.955e-06
 328    -4.955e-06
 329    -4.955e-06
 330    -4.955e-06
 331    -4.955e-06
 332    -4.955e-06
 333    -4.955e-06
 334    -4.955e-06
 335    -4.955e-06
 336    -4.955e-06
 337    -4.955e-06
 338    -4.955e-06
 339    -4.955e-06
 340    -4.955e-06
 341    -4.955e-06
 342    -4.955e-06
 343    -4.955e-06
 344    -4.955e-06
 345    -4.955e-06
 346    -4.955e-06
 347    -4.955e-06
 348    -4.955e-06
 349    -4.955e-06
 350    -4.955e-06
 351    -4.955e-06
 352    -4.955e-06
 353    -4.955e-06
 354    -4.955e-06
 355    -4.955e-06
 356    -4.955e-06
 357    -4.955e-06
 358    -4.955e-06
 359    -4.955e-06
 360    -4.955e-06
 361    -4.955e-06
 362    -4.955e-06
 363    -4.955e-06
 364    -4.955e-06
 365    -4.955e-06
 366    -4.955e-06
 367    -4.955e-06
 368    -4.955e-06
 369    -4.955e-06
 370    -4.955e-06
 371    -4.955e-06
 372    -4.955e-06
 373    -4.955e-06
 374    -4.955e-06
 375    -4.955e-06
 376    -4.955e-06
 377    -4.955e-06
 378    -4.955e-06
 379    -4.955e-06
 380    -4.955e-06
 381    -4.955e-06
 382    -4.955e-06
 383    -4.955e-06
 384    -4.955e-06
 385    -4.955e-06
 386    -4.955e-06
 387    -4.955e-06
 388    -4.955e-06
 389    -4.955e-06
 390    -4.955e-06
 391    -4.955e-06
 392    -4.955e-06
 393    -4.955e-06
 394    -4.955e-06
 395    -4.955e-06
 396    -4.955e-06
 397    -4.955e-06
 398    -4.955e-06
 399    -4.955e-06
 400    -4.955e-06
 401    -4.955e-06
 402    -4.955e-06
 403    -4.955e-06
 404    -4.955e-06
 405    -4.955e-06
 406    -4.955e-06
 407    -4.955e-06
 408    -4.955e-06
 409    -4.955e-06
 410    -4.955e-06
 411    -4.955e-06
 412    -4.955e-06
 413    -4.955e-06
 414    -4.955e-06
 415    -4.955e-06
 416    -4.955e-06
 417    -4.955e-06
 418    -4.955e-06
 419    -4.955e-06
 420    -4.955e-06
 421    -4.955e-06
 422    -4.955e-06
 423    -4.955e-06
 424    -4.955e-06
 425    -4.955e-06
 426    -4.955e-06
 427    -4.955e-06
 428    -4.955e-06
 429    -4.955e-06
 430    -4.955e-06
 431    -4.955e-06
 432    -4.955e-06
 433    -4.955e-06
 434    -4.955e-06
 435    -4.955e-06
 436    -4.955e-06
 437    -4.955e-06
 438    -4.955e-06
 439    -4.955e-06
 440    -4.955e-06
 441    -4.955e-06
 442    -4.955e-06
 443    -4.955e-06
 444    -4.955e-06
 445    -4.955e-06
 446    -4.955e-06
 447    -4.955e-06
 448    -4.955e-06
 449    -4.955e-06
 450    -4.955e-06
 451    -4.955e-06
 452    -4.955e-06
 453    -4.955e-06
 454    -4.955e-06
 455    -4.955e-06
 456    -4.955e-06
 457    -4.955e-06
 458    -4.955e-06
 459    -4.955e-06
 460    -4.955e-06
 461    -4.955e-06
 462    -4.955e-06
 463    -4.955e-06
 464    -4.955e-06
 465    -4.955e-06
 466    -4.955e-06
 467    -4.955e-06
 468    -4.955e-06
 469    -4.955e-06
 470    -4.955e-06
 471    -4.955e-06
 472    -4.955e-06
 473    -4.955e-06
 474    -4.955e-06
 475    -4.955e-06
 476    -4.955e-06
 477    -4.955e-06
 478    -4.955e-06
 479    -4.955e-06
 480    -4.955e-06
 481    -4.955e-06
 482    -4.955e-06
 483    -4.955e-06
 484    -4.955e-06
 485    -4.955e-06
 486    -4.955e-06
 487    -4.955e-06
 488    -4.955e-06
 489    -4.955e-06
 490    -4.955e-06
 491    -4.955e-06
 492    -4.955e-06
 493    -4.955e-06
 494    -4.955e-06
 495    -4.955e-06
 496    -4.955e-06
 497    -4.955e-06
 498    -4.955e-06
 499    -4.955e-06
 500    -4.955e-06
!Created by ./stackanalysis_v4.pl in Users/GOODS_N_14409_qh965Xt
