!       **** Bootstrap Histogram for 500_2000 ************
!           From       To        Ctr        Freq     Cum.
         -1.013e-05 -1.011e-05 -1.012e-05     0       0
         -1.011e-05 -1.009e-05 -1.010e-05     0       0
         -1.009e-05 -1.007e-05 -1.008e-05   500     500
         -1.007e-05 -1.005e-05 -1.006e-05     0     500
         -1.005e-05 -1.003e-05 -1.004e-05     0     500
         -1.003e-05 -1.001e-05 -1.002e-05     0     500
         -1.001e-05 -9.995e-06 -1.000e-05     0     500
         -9.995e-06 -9.977e-06 -9.986e-06     0     500
         -9.977e-06 -9.958e-06 -9.968e-06     0     500
         -9.958e-06 -9.940e-06 -9.949e-06     0     500
         -9.940e-06 -9.921e-06 -9.931e-06     0     500
         -9.921e-06 -9.903e-06 -9.912e-06     0     500
         -9.903e-06 -9.884e-06 -9.893e-06     0     500
         -9.884e-06 -9.866e-06 -9.875e-06     0     500
         -9.866e-06 -9.847e-06 -9.856e-06     0     500
         -9.847e-06 -9.829e-06 -9.838e-06     0     500
         -9.829e-06 -9.810e-06 -9.819e-06     0     500
         -9.810e-06 -9.792e-06 -9.801e-06     0     500
         -9.792e-06 -9.773e-06 -9.782e-06     0     500
         -9.773e-06 -9.755e-06 -9.764e-06     0     500
         -9.755e-06 -9.736e-06 -9.745e-06     0     500
         -9.736e-06 -9.717e-06 -9.727e-06     0     500
         -9.717e-06 -9.699e-06 -9.708e-06     0     500
         -9.699e-06 -9.680e-06 -9.690e-06     0     500
         -9.680e-06 -9.662e-06 -9.671e-06     0     500
         -9.662e-06 -9.643e-06 -9.653e-06     0     500
!Created by ./stackanalysis_v4.pl in Users/GOODS_N_14409_qh965Xt
