!Sorted Bootstrap Resuls for 500_2000
!No     rate_boot
   1     2.815e-07
   2     2.815e-07
   3     2.815e-07
   4     2.815e-07
   5     2.815e-07
   6     2.815e-07
   7     2.815e-07
   8     2.815e-07
   9     2.815e-07
  10     2.815e-07
  11     2.815e-07
  12     2.815e-07
  13     2.815e-07
  14     2.815e-07
  15     2.815e-07
  16     2.815e-07
  17     2.815e-07
  18     2.815e-07
  19     2.815e-07
  20     2.815e-07
  21     2.815e-07
  22     2.815e-07
  23     2.815e-07
  24     2.815e-07
  25     2.815e-07
  26     2.815e-07
  27     2.815e-07
  28     2.815e-07
  29     2.815e-07
  30     2.815e-07
  31     2.815e-07
  32     2.815e-07
  33     2.815e-07
  34     2.815e-07
  35     2.815e-07
  36     2.815e-07
  37     2.815e-07
  38     2.815e-07
  39     2.815e-07
  40     2.815e-07
  41     2.815e-07
  42     2.815e-07
  43     2.815e-07
  44     2.815e-07
  45     2.815e-07
  46     2.815e-07
  47     2.815e-07
  48     2.815e-07
  49     2.815e-07
  50     2.815e-07
  51     2.815e-07
  52     2.815e-07
  53     2.815e-07
  54     2.815e-07
  55     2.815e-07
  56     2.815e-07
  57     2.815e-07
  58     2.815e-07
  59     2.815e-07
  60     2.815e-07
  61     2.815e-07
  62     2.815e-07
  63     2.815e-07
  64     2.815e-07
  65     2.815e-07
  66     2.815e-07
  67     2.815e-07
  68     2.815e-07
  69     2.815e-07
  70     2.815e-07
  71     2.815e-07
  72     2.815e-07
  73     2.815e-07
  74     2.815e-07
  75     2.815e-07
  76     2.815e-07
  77     2.815e-07
  78     2.815e-07
  79     2.815e-07
  80     2.815e-07
  81     2.815e-07
  82     2.815e-07
  83     2.815e-07
  84     2.815e-07
  85     2.815e-07
  86     2.815e-07
  87     2.815e-07
  88     2.815e-07
  89     2.815e-07
  90     2.815e-07
  91     2.815e-07
  92     2.815e-07
  93     2.815e-07
  94     2.815e-07
  95     2.815e-07
  96     2.815e-07
  97     2.815e-07
  98     2.815e-07
  99     2.815e-07
 100     2.815e-07
 101     2.815e-07
 102     2.815e-07
 103     2.815e-07
 104     2.815e-07
 105     2.815e-07
 106     2.815e-07
 107     2.815e-07
 108     2.815e-07
 109     2.815e-07
 110     2.815e-07
 111     2.815e-07
 112     2.815e-07
 113     2.815e-07
 114     2.815e-07
 115     2.815e-07
 116     2.815e-07
 117     2.815e-07
 118     2.815e-07
 119     2.815e-07
 120     2.815e-07
 121     2.815e-07
 122     2.815e-07
 123     2.815e-07
 124     2.815e-07
 125     2.815e-07
 126     2.815e-07
 127     2.815e-07
 128     2.815e-07
 129     2.815e-07
 130     2.815e-07
 131     2.815e-07
 132     2.815e-07
 133     2.815e-07
 134     2.815e-07
 135     2.815e-07
 136     2.815e-07
 137     2.815e-07
 138     2.815e-07
 139     2.815e-07
 140     2.815e-07
 141     2.815e-07
 142     2.815e-07
 143     2.815e-07
 144     2.815e-07
 145     2.815e-07
 146     2.815e-07
 147     2.815e-07
 148     2.815e-07
 149     2.815e-07
 150     2.815e-07
 151     2.815e-07
 152     2.815e-07
 153     2.815e-07
 154     2.815e-07
 155     2.815e-07
 156     2.815e-07
 157     2.815e-07
 158     2.815e-07
 159     2.815e-07
 160     2.815e-07
 161     2.815e-07
 162     2.815e-07
 163     2.815e-07
 164     2.815e-07
 165     2.815e-07
 166     2.815e-07
 167     2.815e-07
 168     2.815e-07
 169     2.815e-07
 170     2.815e-07
 171     2.815e-07
 172     2.815e-07
 173     2.815e-07
 174     2.815e-07
 175     2.815e-07
 176     2.815e-07
 177     2.815e-07
 178     2.815e-07
 179     2.815e-07
 180     2.815e-07
 181     2.815e-07
 182     2.815e-07
 183     2.815e-07
 184     2.815e-07
 185     2.815e-07
 186     2.815e-07
 187     2.815e-07
 188     2.815e-07
 189     2.815e-07
 190     2.815e-07
 191     2.815e-07
 192     2.815e-07
 193     2.815e-07
 194     2.815e-07
 195     2.815e-07
 196     2.815e-07
 197     2.815e-07
 198     2.815e-07
 199     2.815e-07
 200     2.815e-07
 201     2.815e-07
 202     2.815e-07
 203     2.815e-07
 204     2.815e-07
 205     2.815e-07
 206     2.815e-07
 207     2.815e-07
 208     2.815e-07
 209     2.815e-07
 210     2.815e-07
 211     2.815e-07
 212     2.815e-07
 213     2.815e-07
 214     2.815e-07
 215     2.815e-07
 216     2.815e-07
 217     2.815e-07
 218     2.815e-07
 219     2.815e-07
 220     2.815e-07
 221     2.815e-07
 222     2.815e-07
 223     2.815e-07
 224     2.815e-07
 225     2.815e-07
 226     2.815e-07
 227     2.815e-07
 228     2.815e-07
 229     2.815e-07
 230     2.815e-07
 231     2.815e-07
 232     2.815e-07
 233     2.815e-07
 234     2.815e-07
 235     2.815e-07
 236     2.815e-07
 237     2.815e-07
 238     2.815e-07
 239     2.815e-07
 240     2.815e-07
 241     2.815e-07
 242     2.815e-07
 243     2.815e-07
 244     2.815e-07
 245     2.815e-07
 246     2.815e-07
 247     2.815e-07
 248     2.815e-07
 249     2.815e-07
 250     2.815e-07
 251     2.815e-07
 252     2.815e-07
 253     2.815e-07
 254     2.815e-07
 255     2.815e-07
 256     2.815e-07
 257     2.815e-07
 258     2.815e-07
 259     2.815e-07
 260     2.815e-07
 261     2.815e-07
 262     2.815e-07
 263     2.815e-07
 264     2.815e-07
 265     2.815e-07
 266     2.815e-07
 267     2.815e-07
 268     2.815e-07
 269     2.815e-07
 270     2.815e-07
 271     2.815e-07
 272     2.815e-07
 273     2.815e-07
 274     2.815e-07
 275     2.815e-07
 276     2.815e-07
 277     2.815e-07
 278     2.815e-07
 279     2.815e-07
 280     2.815e-07
 281     2.815e-07
 282     2.815e-07
 283     2.815e-07
 284     2.815e-07
 285     2.815e-07
 286     2.815e-07
 287     2.815e-07
 288     2.815e-07
 289     2.815e-07
 290     2.815e-07
 291     2.815e-07
 292     2.815e-07
 293     2.815e-07
 294     2.815e-07
 295     2.815e-07
 296     2.815e-07
 297     2.815e-07
 298     2.815e-07
 299     2.815e-07
 300     2.815e-07
 301     2.815e-07
 302     2.815e-07
 303     2.815e-07
 304     2.815e-07
 305     2.815e-07
 306     2.815e-07
 307     2.815e-07
 308     2.815e-07
 309     2.815e-07
 310     2.815e-07
 311     2.815e-07
 312     2.815e-07
 313     2.815e-07
 314     2.815e-07
 315     2.815e-07
 316     2.815e-07
 317     2.815e-07
 318     2.815e-07
 319     2.815e-07
 320     2.815e-07
 321     2.815e-07
 322     2.815e-07
 323     2.815e-07
 324     2.815e-07
 325     2.815e-07
 326     2.815e-07
 327     2.815e-07
 328     2.815e-07
 329     2.815e-07
 330     2.815e-07
 331     2.815e-07
 332     2.815e-07
 333     2.815e-07
 334     2.815e-07
 335     2.815e-07
 336     2.815e-07
 337     2.815e-07
 338     2.815e-07
 339     2.815e-07
 340     2.815e-07
 341     2.815e-07
 342     2.815e-07
 343     2.815e-07
 344     2.815e-07
 345     2.815e-07
 346     2.815e-07
 347     2.815e-07
 348     2.815e-07
 349     2.815e-07
 350     2.815e-07
 351     2.815e-07
 352     2.815e-07
 353     2.815e-07
 354     2.815e-07
 355     2.815e-07
 356     2.815e-07
 357     2.815e-07
 358     2.815e-07
 359     2.815e-07
 360     2.815e-07
 361     2.815e-07
 362     2.815e-07
 363     2.815e-07
 364     2.815e-07
 365     2.815e-07
 366     2.815e-07
 367     2.815e-07
 368     2.815e-07
 369     2.815e-07
 370     2.815e-07
 371     2.815e-07
 372     2.815e-07
 373     2.815e-07
 374     2.815e-07
 375     2.815e-07
 376     2.815e-07
 377     2.815e-07
 378     2.815e-07
 379     2.815e-07
 380     2.815e-07
 381     2.815e-07
 382     2.815e-07
 383     2.815e-07
 384     2.815e-07
 385     2.815e-07
 386     2.815e-07
 387     2.815e-07
 388     2.815e-07
 389     2.815e-07
 390     2.815e-07
 391     2.815e-07
 392     2.815e-07
 393     2.815e-07
 394     2.815e-07
 395     2.815e-07
 396     2.815e-07
 397     2.815e-07
 398     2.815e-07
 399     2.815e-07
 400     2.815e-07
 401     2.815e-07
 402     2.815e-07
 403     2.815e-07
 404     2.815e-07
 405     2.815e-07
 406     2.815e-07
 407     2.815e-07
 408     2.815e-07
 409     2.815e-07
 410     2.815e-07
 411     2.815e-07
 412     2.815e-07
 413     2.815e-07
 414     2.815e-07
 415     2.815e-07
 416     2.815e-07
 417     2.815e-07
 418     2.815e-07
 419     2.815e-07
 420     2.815e-07
 421     2.815e-07
 422     2.815e-07
 423     2.815e-07
 424     2.815e-07
 425     2.815e-07
 426     2.815e-07
 427     2.815e-07
 428     2.815e-07
 429     2.815e-07
 430     2.815e-07
 431     2.815e-07
 432     2.815e-07
 433     2.815e-07
 434     2.815e-07
 435     2.815e-07
 436     2.815e-07
 437     2.815e-07
 438     2.815e-07
 439     2.815e-07
 440     2.815e-07
 441     2.815e-07
 442     2.815e-07
 443     2.815e-07
 444     2.815e-07
 445     2.815e-07
 446     2.815e-07
 447     2.815e-07
 448     2.815e-07
 449     2.815e-07
 450     2.815e-07
 451     2.815e-07
 452     2.815e-07
 453     2.815e-07
 454     2.815e-07
 455     2.815e-07
 456     2.815e-07
 457     2.815e-07
 458     2.815e-07
 459     2.815e-07
 460     2.815e-07
 461     2.815e-07
 462     2.815e-07
 463     2.815e-07
 464     2.815e-07
 465     2.815e-07
 466     2.815e-07
 467     2.815e-07
 468     2.815e-07
 469     2.815e-07
 470     2.815e-07
 471     2.815e-07
 472     2.815e-07
 473     2.815e-07
 474     2.815e-07
 475     2.815e-07
 476     2.815e-07
 477     2.815e-07
 478     2.815e-07
 479     2.815e-07
 480     2.815e-07
 481     2.815e-07
 482     2.815e-07
 483     2.815e-07
 484     2.815e-07
 485     2.815e-07
 486     2.815e-07
 487     2.815e-07
 488     2.815e-07
 489     2.815e-07
 490     2.815e-07
 491     2.815e-07
 492     2.815e-07
 493     2.815e-07
 494     2.815e-07
 495     2.815e-07
 496     2.815e-07
 497     2.815e-07
 498     2.815e-07
 499     2.815e-07
 500     2.815e-07
!Created by ./stackanalysis_v4.pl in Users/CEERS_00397_Es649Lr
