! Summary of image counts for Job= CEERS_00397_Es649Lr
! Source File: CEERS_00397_cstack.fits      X-ray Band: 500_2000
! Source from <-9 asec  Background from >= 7.0 arcsec
! Pixel_size= 0.492000000000012 arcsec
! Poststamp_img_size=60x60 (pix) 30.0x30.0 (arcsec)
! src_rate= (cts_src/exp_src-cts_bkg/exp_bkg/px_bkg*px_src)/ecf (for each field,lbl=n)
!         = (wgt*exp_src)-weighted mean of used fields (lbl=sum) or objects (lbl=All).
! UL90: 90 percent Bayasian upper limit in c/s
! *** Note: cts_src,exp_src,px_src,cts_bkg,exp_bkg px_bkg and ul90b not weighted.            
!Obj_name     lbl  rad cts_src  exp_src  px_src cts_bkg  exp_bkg  px_bkg  src_rate    wgt    ecf offax     ul90b  Field/Comm 
!                (asec)  (cts)   (sec)    (pix)   (cts)   (sec)    (pix)    (c/s)               (amin)     (c/s)
 CEERS_00397    1  1.3       1 1.86e+05       21      26 1.87e+05     3080  4.91e-06 1.0e+00 0.900  2.50 -9.99e+00 aegis2a/OK
 CEERS_00397    2  3.1       4 5.02e+05      121     118 5.00e+05     3080 -1.44e-06 1.0e+00 0.900  4.72 -9.99e+00 aegis2b/OK
 CEERS_00397  sum  2.7       5 6.88e+05      142     144 6.88e+05     6160  2.81e-07 1.0e+00 0.900 -9.90  8.40e-06 used_flds:2
!          ================= Final Summed Result =====================
 sum_all      All  2.7       5 6.88e+05      142     144 6.88e+05     6160  2.81e-07 1.0e+00 0.900 -9.90  1.00e-05 used_objs:1
!          =============================================================
!Accepted: 1  Near_src: 0  Out: 0   Total: 1
!Final Stacked Rate:  2.81e-07 +/-  3.68e-06 (Counting Statistics Error)
!Total Exposure:  6.88e+05 [sec]
!Please refer to bootstrap results for  better error analysis.
! Notes from Dataset (if any):
! 
! See <a href="./Notes_AEGISXD_1.txt"> this note </a> for details of the dataset used here for AEGIS-XD. Many thanks to Antonis Georgakakis for providing us with reprocessed data.
!Created by ./stackanalysis_v4.pl in https://lambic.astrosen.unam.mx/cstack_v4.5/Users/CEERS_00397_Es649Lr
