! Summary of image counts for Job= CEERS_00397_Es649Lr
! Source File: CEERS_00397_cstack.fits      X-ray Band: 2000_8000
! Source from <-9 asec  Background from >= 7.0 arcsec
! Pixel_size= 0.492000000000012 arcsec
! Poststamp_img_size=60x60 (pix) 30.0x30.0 (arcsec)
! src_rate= (cts_src/exp_src-cts_bkg/exp_bkg/px_bkg*px_src)/ecf (for each field,lbl=n)
!         = (wgt*exp_src)-weighted mean of used fields (lbl=sum) or objects (lbl=All).
! UL90: 90 percent Bayasian upper limit in c/s
! *** Note: cts_src,exp_src,px_src,cts_bkg,exp_bkg px_bkg and ul90b not weighted.            
!Obj_name     lbl  rad cts_src  exp_src  px_src cts_bkg  exp_bkg  px_bkg  src_rate    wgt    ecf offax     ul90b  Field/Comm 
!                (asec)  (cts)   (sec)    (pix)   (cts)   (sec)    (pix)    (c/s)               (amin)     (c/s)
 CEERS_00397    1  1.7       3 1.81e+05       37      91 1.82e+05     3080  1.17e-05 1.0e+00 0.900  2.50 -9.99e+00 aegis2a/OK
 CEERS_00397    2  3.5      11 5.07e+05      161     283 5.06e+05     3080 -8.41e-06 1.0e+00 0.900  4.72 -9.99e+00 aegis2b/OK
 CEERS_00397  sum  3.1      14 6.88e+05      198     374 6.88e+05     6160 -3.11e-06 1.0e+00 0.900 -9.90  1.07e-05 used_flds:2
!          ================= Final Summed Result =====================
 sum_all      All  3.1      14 6.88e+05      198     374 6.88e+05     6160 -3.11e-06 1.0e+00 0.900 -9.90  1.42e-05 used_objs:1
!          =============================================================
!Accepted: 1  Near_src: 0  Out: 0   Total: 1
!Final Stacked Rate: -3.11e-06 +/-  6.21e-06 (Counting Statistics Error)
!Total Exposure:  6.88e+05 [sec]
!Please refer to bootstrap results for  better error analysis.
! Notes from Dataset (if any):
! 
! See <a href="./Notes_AEGISXD_1.txt"> this note </a> for details of the dataset used here for AEGIS-XD. Many thanks to Antonis Georgakakis for providing us with reprocessed data.
!Created by ./stackanalysis_v4.pl in https://lambic.astrosen.unam.mx/cstack_v4.5/Users/CEERS_00397_Es649Lr
