!Sorted Bootstrap Resuls for 2000_8000
!No     rate_boot
   1    -5.318e-06
   2    -5.318e-06
   3    -5.318e-06
   4    -5.318e-06
   5    -5.318e-06
   6    -5.318e-06
   7    -5.318e-06
   8    -5.318e-06
   9    -5.318e-06
  10    -5.318e-06
  11    -5.318e-06
  12    -5.318e-06
  13    -5.318e-06
  14    -5.318e-06
  15    -5.318e-06
  16    -5.318e-06
  17    -5.318e-06
  18    -5.318e-06
  19    -5.318e-06
  20    -5.318e-06
  21    -5.318e-06
  22    -5.318e-06
  23    -5.318e-06
  24    -5.318e-06
  25    -5.318e-06
  26    -5.318e-06
  27    -5.318e-06
  28    -5.318e-06
  29    -5.318e-06
  30    -5.318e-06
  31    -5.318e-06
  32    -5.318e-06
  33    -5.318e-06
  34    -5.318e-06
  35    -5.318e-06
  36    -5.318e-06
  37    -5.318e-06
  38    -5.318e-06
  39    -5.318e-06
  40    -5.318e-06
  41    -5.318e-06
  42    -5.318e-06
  43    -5.318e-06
  44    -5.318e-06
  45    -5.318e-06
  46    -5.318e-06
  47    -5.318e-06
  48    -5.318e-06
  49    -5.318e-06
  50    -5.318e-06
  51    -5.318e-06
  52    -5.318e-06
  53    -5.318e-06
  54    -5.318e-06
  55    -5.318e-06
  56    -5.318e-06
  57    -5.318e-06
  58    -5.318e-06
  59    -5.318e-06
  60    -5.318e-06
  61    -5.318e-06
  62    -5.318e-06
  63    -5.318e-06
  64    -5.318e-06
  65    -5.318e-06
  66    -5.318e-06
  67    -5.318e-06
  68    -5.318e-06
  69    -5.318e-06
  70    -5.318e-06
  71    -5.318e-06
  72    -5.318e-06
  73    -5.318e-06
  74    -5.318e-06
  75    -5.318e-06
  76    -5.318e-06
  77    -5.318e-06
  78    -5.318e-06
  79    -5.318e-06
  80    -5.318e-06
  81    -5.318e-06
  82    -5.318e-06
  83    -5.318e-06
  84    -5.318e-06
  85    -5.318e-06
  86    -5.318e-06
  87    -5.318e-06
  88    -5.318e-06
  89    -5.318e-06
  90    -5.318e-06
  91    -5.318e-06
  92    -5.318e-06
  93    -5.318e-06
  94    -5.318e-06
  95    -5.318e-06
  96    -5.318e-06
  97    -5.318e-06
  98    -5.318e-06
  99    -5.318e-06
 100    -5.318e-06
 101    -5.318e-06
 102    -5.318e-06
 103    -5.318e-06
 104    -5.318e-06
 105    -5.318e-06
 106    -5.318e-06
 107    -5.318e-06
 108    -5.318e-06
 109    -5.318e-06
 110    -5.318e-06
 111    -5.318e-06
 112    -5.318e-06
 113    -5.318e-06
 114    -5.318e-06
 115    -5.318e-06
 116    -5.318e-06
 117    -5.318e-06
 118    -5.318e-06
 119    -5.318e-06
 120    -5.318e-06
 121    -5.318e-06
 122    -5.318e-06
 123    -5.318e-06
 124    -5.318e-06
 125    -5.318e-06
 126    -5.318e-06
 127    -5.318e-06
 128    -5.318e-06
 129    -5.318e-06
 130    -5.318e-06
 131    -5.318e-06
 132    -5.318e-06
 133    -5.318e-06
 134    -5.318e-06
 135    -5.318e-06
 136    -5.318e-06
 137    -5.318e-06
 138    -5.318e-06
 139    -5.318e-06
 140    -5.318e-06
 141    -5.318e-06
 142    -5.318e-06
 143    -5.318e-06
 144    -5.318e-06
 145    -5.318e-06
 146    -5.318e-06
 147    -5.318e-06
 148    -5.318e-06
 149    -5.318e-06
 150    -5.318e-06
 151    -5.318e-06
 152    -5.318e-06
 153    -5.318e-06
 154    -5.318e-06
 155    -5.318e-06
 156    -5.318e-06
 157    -5.318e-06
 158    -5.318e-06
 159    -5.318e-06
 160    -5.318e-06
 161    -5.318e-06
 162    -5.318e-06
 163    -5.318e-06
 164    -5.318e-06
 165    -5.318e-06
 166    -5.318e-06
 167    -5.318e-06
 168    -5.318e-06
 169    -5.318e-06
 170    -5.318e-06
 171    -5.318e-06
 172    -5.318e-06
 173    -5.318e-06
 174    -5.318e-06
 175    -5.318e-06
 176    -5.318e-06
 177    -5.318e-06
 178    -5.318e-06
 179    -5.318e-06
 180    -5.318e-06
 181    -5.318e-06
 182    -5.318e-06
 183    -5.318e-06
 184    -5.318e-06
 185    -5.318e-06
 186    -5.318e-06
 187    -5.318e-06
 188    -5.318e-06
 189    -5.318e-06
 190    -5.318e-06
 191    -5.318e-06
 192    -5.318e-06
 193    -5.318e-06
 194    -5.318e-06
 195    -5.318e-06
 196    -5.318e-06
 197    -5.318e-06
 198    -5.318e-06
 199    -5.318e-06
 200    -5.318e-06
 201    -5.318e-06
 202    -5.318e-06
 203    -5.318e-06
 204    -5.318e-06
 205    -5.318e-06
 206    -5.318e-06
 207    -5.318e-06
 208    -5.318e-06
 209    -5.318e-06
 210    -5.318e-06
 211    -5.318e-06
 212    -5.318e-06
 213    -5.318e-06
 214    -5.318e-06
 215    -5.318e-06
 216    -5.318e-06
 217    -5.318e-06
 218    -5.318e-06
 219    -5.318e-06
 220    -5.318e-06
 221    -5.318e-06
 222    -5.318e-06
 223    -5.318e-06
 224    -5.318e-06
 225    -5.318e-06
 226    -5.318e-06
 227    -5.318e-06
 228    -5.318e-06
 229    -5.318e-06
 230    -5.318e-06
 231    -5.318e-06
 232    -5.318e-06
 233    -5.318e-06
 234    -5.318e-06
 235    -5.318e-06
 236    -5.318e-06
 237    -5.318e-06
 238    -5.318e-06
 239    -5.318e-06
 240    -5.318e-06
 241    -5.318e-06
 242    -5.318e-06
 243    -5.318e-06
 244    -5.318e-06
 245    -5.318e-06
 246    -5.318e-06
 247    -5.318e-06
 248    -5.318e-06
 249    -5.318e-06
 250    -5.318e-06
 251    -5.318e-06
 252    -5.318e-06
 253    -5.318e-06
 254    -5.318e-06
 255    -5.318e-06
 256    -5.318e-06
 257    -5.318e-06
 258    -5.318e-06
 259    -5.318e-06
 260    -5.318e-06
 261    -5.318e-06
 262    -5.318e-06
 263    -5.318e-06
 264    -5.318e-06
 265    -5.318e-06
 266    -5.318e-06
 267    -5.318e-06
 268    -5.318e-06
 269    -5.318e-06
 270    -5.318e-06
 271    -5.318e-06
 272    -5.318e-06
 273    -5.318e-06
 274    -5.318e-06
 275    -5.318e-06
 276    -5.318e-06
 277    -5.318e-06
 278    -5.318e-06
 279    -5.318e-06
 280    -5.318e-06
 281    -5.318e-06
 282    -5.318e-06
 283    -5.318e-06
 284    -5.318e-06
 285    -5.318e-06
 286    -5.318e-06
 287    -5.318e-06
 288    -5.318e-06
 289    -5.318e-06
 290    -5.318e-06
 291    -5.318e-06
 292    -5.318e-06
 293    -5.318e-06
 294    -5.318e-06
 295    -5.318e-06
 296    -5.318e-06
 297    -5.318e-06
 298    -5.318e-06
 299    -5.318e-06
 300    -5.318e-06
 301    -5.318e-06
 302    -5.318e-06
 303    -5.318e-06
 304    -5.318e-06
 305    -5.318e-06
 306    -5.318e-06
 307    -5.318e-06
 308    -5.318e-06
 309    -5.318e-06
 310    -5.318e-06
 311    -5.318e-06
 312    -5.318e-06
 313    -5.318e-06
 314    -5.318e-06
 315    -5.318e-06
 316    -5.318e-06
 317    -5.318e-06
 318    -5.318e-06
 319    -5.318e-06
 320    -5.318e-06
 321    -5.318e-06
 322    -5.318e-06
 323    -5.318e-06
 324    -5.318e-06
 325    -5.318e-06
 326    -5.318e-06
 327    -5.318e-06
 328    -5.318e-06
 329    -5.318e-06
 330    -5.318e-06
 331    -5.318e-06
 332    -5.318e-06
 333    -5.318e-06
 334    -5.318e-06
 335    -5.318e-06
 336    -5.318e-06
 337    -5.318e-06
 338    -5.318e-06
 339    -5.318e-06
 340    -5.318e-06
 341    -5.318e-06
 342    -5.318e-06
 343    -5.318e-06
 344    -5.318e-06
 345    -5.318e-06
 346    -5.318e-06
 347    -5.318e-06
 348    -5.318e-06
 349    -5.318e-06
 350    -5.318e-06
 351    -5.318e-06
 352    -5.318e-06
 353    -5.318e-06
 354    -5.318e-06
 355    -5.318e-06
 356    -5.318e-06
 357    -5.318e-06
 358    -5.318e-06
 359    -5.318e-06
 360    -5.318e-06
 361    -5.318e-06
 362    -5.318e-06
 363    -5.318e-06
 364    -5.318e-06
 365    -5.318e-06
 366    -5.318e-06
 367    -5.318e-06
 368    -5.318e-06
 369    -5.318e-06
 370    -5.318e-06
 371    -5.318e-06
 372    -5.318e-06
 373    -5.318e-06
 374    -5.318e-06
 375    -5.318e-06
 376    -5.318e-06
 377    -5.318e-06
 378    -5.318e-06
 379    -5.318e-06
 380    -5.318e-06
 381    -5.318e-06
 382    -5.318e-06
 383    -5.318e-06
 384    -5.318e-06
 385    -5.318e-06
 386    -5.318e-06
 387    -5.318e-06
 388    -5.318e-06
 389    -5.318e-06
 390    -5.318e-06
 391    -5.318e-06
 392    -5.318e-06
 393    -5.318e-06
 394    -5.318e-06
 395    -5.318e-06
 396    -5.318e-06
 397    -5.318e-06
 398    -5.318e-06
 399    -5.318e-06
 400    -5.318e-06
 401    -5.318e-06
 402    -5.318e-06
 403    -5.318e-06
 404    -5.318e-06
 405    -5.318e-06
 406    -5.318e-06
 407    -5.318e-06
 408    -5.318e-06
 409    -5.318e-06
 410    -5.318e-06
 411    -5.318e-06
 412    -5.318e-06
 413    -5.318e-06
 414    -5.318e-06
 415    -5.318e-06
 416    -5.318e-06
 417    -5.318e-06
 418    -5.318e-06
 419    -5.318e-06
 420    -5.318e-06
 421    -5.318e-06
 422    -5.318e-06
 423    -5.318e-06
 424    -5.318e-06
 425    -5.318e-06
 426    -5.318e-06
 427    -5.318e-06
 428    -5.318e-06
 429    -5.318e-06
 430    -5.318e-06
 431    -5.318e-06
 432    -5.318e-06
 433    -5.318e-06
 434    -5.318e-06
 435    -5.318e-06
 436    -5.318e-06
 437    -5.318e-06
 438    -5.318e-06
 439    -5.318e-06
 440    -5.318e-06
 441    -5.318e-06
 442    -5.318e-06
 443    -5.318e-06
 444    -5.318e-06
 445    -5.318e-06
 446    -5.318e-06
 447    -5.318e-06
 448    -5.318e-06
 449    -5.318e-06
 450    -5.318e-06
 451    -5.318e-06
 452    -5.318e-06
 453    -5.318e-06
 454    -5.318e-06
 455    -5.318e-06
 456    -5.318e-06
 457    -5.318e-06
 458    -5.318e-06
 459    -5.318e-06
 460    -5.318e-06
 461    -5.318e-06
 462    -5.318e-06
 463    -5.318e-06
 464    -5.318e-06
 465    -5.318e-06
 466    -5.318e-06
 467    -5.318e-06
 468    -5.318e-06
 469    -5.318e-06
 470    -5.318e-06
 471    -5.318e-06
 472    -5.318e-06
 473    -5.318e-06
 474    -5.318e-06
 475    -5.318e-06
 476    -5.318e-06
 477    -5.318e-06
 478    -5.318e-06
 479    -5.318e-06
 480    -5.318e-06
 481    -5.318e-06
 482    -5.318e-06
 483    -5.318e-06
 484    -5.318e-06
 485    -5.318e-06
 486    -5.318e-06
 487    -5.318e-06
 488    -5.318e-06
 489    -5.318e-06
 490    -5.318e-06
 491    -5.318e-06
 492    -5.318e-06
 493    -5.318e-06
 494    -5.318e-06
 495    -5.318e-06
 496    -5.318e-06
 497    -5.318e-06
 498    -5.318e-06
 499    -5.318e-06
 500    -5.318e-06
!Created by ./stackanalysis_v4.pl in Users/M23_11836_sY849Fk
