!       **** Bootstrap Histogram for 2000_8000 ************
!           From       To        Ctr        Freq     Cum.
         -5.460e-06 -5.401e-06 -5.430e-06     0       0
         -5.401e-06 -5.342e-06 -5.371e-06     0       0
         -5.342e-06 -5.283e-06 -5.312e-06   500     500
         -5.283e-06 -5.224e-06 -5.253e-06     0     500
         -5.224e-06 -5.165e-06 -5.194e-06     0     500
         -5.165e-06 -5.106e-06 -5.135e-06     0     500
         -5.106e-06 -5.047e-06 -5.076e-06     0     500
         -5.047e-06 -4.988e-06 -5.017e-06     0     500
         -4.988e-06 -4.929e-06 -4.958e-06     0     500
         -4.929e-06 -4.870e-06 -4.899e-06     0     500
         -4.870e-06 -4.811e-06 -4.840e-06     0     500
         -4.811e-06 -4.752e-06 -4.781e-06     0     500
         -4.752e-06 -4.693e-06 -4.722e-06     0     500
         -4.693e-06 -4.634e-06 -4.663e-06     0     500
         -4.634e-06 -4.575e-06 -4.604e-06     0     500
         -4.575e-06 -4.516e-06 -4.545e-06     0     500
         -4.516e-06 -4.457e-06 -4.486e-06     0     500
         -4.457e-06 -4.398e-06 -4.427e-06     0     500
         -4.398e-06 -4.339e-06 -4.368e-06     0     500
         -4.339e-06 -4.279e-06 -4.309e-06     0     500
         -4.279e-06 -4.220e-06 -4.250e-06     0     500
         -4.220e-06 -4.161e-06 -4.191e-06     0     500
         -4.161e-06 -4.102e-06 -4.132e-06     0     500
         -4.102e-06 -4.043e-06 -4.073e-06     0     500
         -4.043e-06 -3.984e-06 -4.014e-06     0     500
         -3.984e-06 -3.925e-06 -3.955e-06     0     500
!Created by ./stackanalysis_v4.pl in Users/M23_11836_sY849Fk
