!       **** Bootstrap Histogram for 500_2000 ************
!           From       To        Ctr        Freq     Cum.
         -1.920e-06 -1.914e-06 -1.917e-06     0       0
         -1.914e-06 -1.907e-06 -1.910e-06     0       0
         -1.907e-06 -1.900e-06 -1.904e-06   500     500
         -1.900e-06 -1.894e-06 -1.897e-06     0     500
         -1.894e-06 -1.887e-06 -1.890e-06     0     500
         -1.887e-06 -1.880e-06 -1.884e-06     0     500
         -1.880e-06 -1.874e-06 -1.877e-06     0     500
         -1.874e-06 -1.867e-06 -1.870e-06     0     500
         -1.867e-06 -1.860e-06 -1.864e-06     0     500
         -1.860e-06 -1.854e-06 -1.857e-06     0     500
         -1.854e-06 -1.847e-06 -1.850e-06     0     500
         -1.847e-06 -1.840e-06 -1.844e-06     0     500
         -1.840e-06 -1.834e-06 -1.837e-06     0     500
         -1.834e-06 -1.827e-06 -1.830e-06     0     500
         -1.827e-06 -1.820e-06 -1.824e-06     0     500
         -1.820e-06 -1.814e-06 -1.817e-06     0     500
         -1.814e-06 -1.807e-06 -1.810e-06     0     500
         -1.807e-06 -1.800e-06 -1.804e-06     0     500
         -1.800e-06 -1.794e-06 -1.797e-06     0     500
         -1.794e-06 -1.787e-06 -1.790e-06     0     500
         -1.787e-06 -1.780e-06 -1.784e-06     0     500
         -1.780e-06 -1.774e-06 -1.777e-06     0     500
         -1.774e-06 -1.767e-06 -1.770e-06     0     500
         -1.767e-06 -1.760e-06 -1.764e-06     0     500
         -1.760e-06 -1.754e-06 -1.757e-06     0     500
         -1.754e-06 -1.747e-06 -1.750e-06     0     500
!Created by ./stackanalysis_v4.pl in Users/M23_11836_sY849Fk
