!Sorted Bootstrap Resuls for 2000_8000
!No     rate_boot
   1    -2.739e-06
   2    -2.580e-06
   3    -2.293e-06
   4    -2.211e-06
   5    -2.056e-06
   6    -1.729e-06
   7    -1.670e-06
   8    -1.521e-06
   9    -1.513e-06
  10    -1.501e-06
  11    -1.494e-06
  12    -1.472e-06
  13    -1.434e-06
  14    -1.388e-06
  15    -1.307e-06
  16    -1.292e-06
  17    -1.249e-06
  18    -1.240e-06
  19    -1.166e-06
  20    -1.152e-06
  21    -1.098e-06
  22    -1.081e-06
  23    -1.044e-06
  24    -1.035e-06
  25    -1.029e-06
  26    -1.022e-06
  27    -9.668e-07
  28    -9.640e-07
  29    -9.597e-07
  30    -9.227e-07
  31    -9.212e-07
  32    -8.896e-07
  33    -8.896e-07
  34    -8.638e-07
  35    -8.381e-07
  36    -8.331e-07
  37    -8.327e-07
  38    -8.146e-07
  39    -7.810e-07
  40    -7.558e-07
  41    -7.359e-07
  42    -7.239e-07
  43    -6.978e-07
  44    -6.828e-07
  45    -6.788e-07
  46    -6.533e-07
  47    -6.400e-07
  48    -6.315e-07
  49    -5.709e-07
  50    -5.603e-07
  51    -5.510e-07
  52    -5.429e-07
  53    -5.205e-07
  54    -5.125e-07
  55    -5.073e-07
  56    -5.056e-07
  57    -5.003e-07
  58    -4.827e-07
  59    -4.499e-07
  60    -4.381e-07
  61    -4.259e-07
  62    -4.027e-07
  63    -3.909e-07
  64    -3.902e-07
  65    -3.861e-07
  66    -3.846e-07
  67    -3.739e-07
  68    -3.727e-07
  69    -3.723e-07
  70    -3.709e-07
  71    -3.703e-07
  72    -3.703e-07
  73    -3.684e-07
  74    -3.547e-07
  75    -3.527e-07
  76    -3.527e-07
  77    -3.526e-07
  78    -3.382e-07
  79    -3.347e-07
  80    -3.261e-07
  81    -3.092e-07
  82    -2.910e-07
  83    -2.811e-07
  84    -2.642e-07
  85    -2.642e-07
  86    -2.611e-07
  87    -2.580e-07
  88    -2.456e-07
  89    -2.308e-07
  90    -2.308e-07
  91    -2.291e-07
  92    -2.217e-07
  93    -2.113e-07
  94    -1.916e-07
  95    -1.810e-07
  96    -1.663e-07
  97    -1.491e-07
  98    -1.395e-07
  99    -1.341e-07
 100    -1.338e-07
 101    -1.334e-07
 102    -1.192e-07
 103    -1.120e-07
 104    -1.118e-07
 105    -8.815e-08
 106    -7.678e-08
 107    -7.560e-08
 108    -7.560e-08
 109    -7.559e-08
 110    -7.323e-08
 111    -6.140e-08
 112    -3.441e-08
 113    -3.226e-08
 114    -3.194e-08
 115    -1.684e-08
 116    -1.648e-08
 117    -9.709e-09
 118    -9.189e-10
 119    -6.651e-10
 120    -1.535e-10
 121    -1.535e-10
 122     1.697e-08
 123     3.749e-08
 124     3.919e-08
 125     5.470e-08
 126     6.686e-08
 127     7.785e-08
 128     8.083e-08
 129     8.691e-08
 130     1.024e-07
 131     1.155e-07
 132     1.162e-07
 133     1.275e-07
 134     1.424e-07
 135     1.487e-07
 136     1.637e-07
 137     2.030e-07
 138     2.061e-07
 139     2.125e-07
 140     2.213e-07
 141     2.214e-07
 142     2.224e-07
 143     2.246e-07
 144     2.345e-07
 145     2.371e-07
 146     2.429e-07
 147     2.702e-07
 148     2.776e-07
 149     2.938e-07
 150     2.982e-07
 151     3.024e-07
 152     3.047e-07
 153     3.078e-07
 154     3.106e-07
 155     3.106e-07
 156     3.184e-07
 157     3.212e-07
 158     3.344e-07
 159     3.460e-07
 160     3.466e-07
 161     3.611e-07
 162     3.613e-07
 163     3.633e-07
 164     3.695e-07
 165     3.732e-07
 166     3.778e-07
 167     3.921e-07
 168     3.972e-07
 169     4.112e-07
 170     4.273e-07
 171     4.306e-07
 172     4.354e-07
 173     4.366e-07
 174     4.417e-07
 175     4.463e-07
 176     4.679e-07
 177     4.745e-07
 178     4.760e-07
 179     4.840e-07
 180     4.840e-07
 181     4.865e-07
 182     4.970e-07
 183     5.028e-07
 184     5.057e-07
 185     5.395e-07
 186     5.395e-07
 187     5.489e-07
 188     5.535e-07
 189     5.573e-07
 190     5.620e-07
 191     5.620e-07
 192     5.808e-07
 193     5.893e-07
 194     5.909e-07
 195     5.983e-07
 196     5.997e-07
 197     6.003e-07
 198     6.090e-07
 199     6.090e-07
 200     6.097e-07
 201     6.135e-07
 202     6.303e-07
 203     6.317e-07
 204     6.317e-07
 205     6.461e-07
 206     6.491e-07
 207     6.515e-07
 208     6.540e-07
 209     6.570e-07
 210     6.588e-07
 211     6.719e-07
 212     6.838e-07
 213     6.849e-07
 214     6.935e-07
 215     6.935e-07
 216     7.102e-07
 217     7.380e-07
 218     7.411e-07
 219     7.457e-07
 220     7.646e-07
 221     7.664e-07
 222     7.664e-07
 223     7.709e-07
 224     7.771e-07
 225     7.814e-07
 226     7.853e-07
 227     8.042e-07
 228     8.124e-07
 229     8.184e-07
 230     8.184e-07
 231     8.239e-07
 232     8.250e-07
 233     8.444e-07
 234     8.702e-07
 235     8.765e-07
 236     8.765e-07
 237     8.793e-07
 238     8.829e-07
 239     8.861e-07
 240     8.870e-07
 241     8.953e-07
 242     8.979e-07
 243     9.064e-07
 244     9.218e-07
 245     9.234e-07
 246     9.254e-07
 247     9.323e-07
 248     9.342e-07
 249     9.365e-07
 250     9.442e-07
 251     9.463e-07
 252     9.521e-07
 253     9.532e-07
 254     9.532e-07
 255     9.623e-07
 256     9.709e-07
 257     9.709e-07
 258     9.794e-07
 259     9.814e-07
 260     9.960e-07
 261     9.979e-07
 262     1.000e-06
 263     1.005e-06
 264     1.008e-06
 265     1.013e-06
 266     1.017e-06
 267     1.024e-06
 268     1.043e-06
 269     1.043e-06
 270     1.051e-06
 271     1.051e-06
 272     1.051e-06
 273     1.071e-06
 274     1.071e-06
 275     1.089e-06
 276     1.091e-06
 277     1.131e-06
 278     1.155e-06
 279     1.164e-06
 280     1.174e-06
 281     1.174e-06
 282     1.183e-06
 283     1.185e-06
 284     1.189e-06
 285     1.192e-06
 286     1.195e-06
 287     1.199e-06
 288     1.200e-06
 289     1.203e-06
 290     1.205e-06
 291     1.205e-06
 292     1.213e-06
 293     1.215e-06
 294     1.218e-06
 295     1.234e-06
 296     1.237e-06
 297     1.255e-06
 298     1.263e-06
 299     1.281e-06
 300     1.287e-06
 301     1.291e-06
 302     1.291e-06
 303     1.295e-06
 304     1.309e-06
 305     1.318e-06
 306     1.319e-06
 307     1.324e-06
 308     1.330e-06
 309     1.336e-06
 310     1.380e-06
 311     1.393e-06
 312     1.408e-06
 313     1.418e-06
 314     1.427e-06
 315     1.458e-06
 316     1.459e-06
 317     1.482e-06
 318     1.486e-06
 319     1.489e-06
 320     1.494e-06
 321     1.499e-06
 322     1.509e-06
 323     1.514e-06
 324     1.515e-06
 325     1.519e-06
 326     1.533e-06
 327     1.545e-06
 328     1.545e-06
 329     1.550e-06
 330     1.554e-06
 331     1.559e-06
 332     1.563e-06
 333     1.564e-06
 334     1.569e-06
 335     1.570e-06
 336     1.579e-06
 337     1.583e-06
 338     1.585e-06
 339     1.590e-06
 340     1.590e-06
 341     1.590e-06
 342     1.604e-06
 343     1.605e-06
 344     1.619e-06
 345     1.636e-06
 346     1.636e-06
 347     1.637e-06
 348     1.641e-06
 349     1.645e-06
 350     1.645e-06
 351     1.648e-06
 352     1.660e-06
 353     1.665e-06
 354     1.665e-06
 355     1.667e-06
 356     1.679e-06
 357     1.684e-06
 358     1.687e-06
 359     1.700e-06
 360     1.708e-06
 361     1.711e-06
 362     1.719e-06
 363     1.719e-06
 364     1.719e-06
 365     1.731e-06
 366     1.737e-06
 367     1.745e-06
 368     1.757e-06
 369     1.776e-06
 370     1.779e-06
 371     1.780e-06
 372     1.786e-06
 373     1.788e-06
 374     1.793e-06
 375     1.823e-06
 376     1.871e-06
 377     1.902e-06
 378     1.914e-06
 379     1.918e-06
 380     1.940e-06
 381     1.953e-06
 382     1.958e-06
 383     1.981e-06
 384     1.986e-06
 385     2.002e-06
 386     2.009e-06
 387     2.024e-06
 388     2.031e-06
 389     2.044e-06
 390     2.050e-06
 391     2.051e-06
 392     2.051e-06
 393     2.064e-06
 394     2.065e-06
 395     2.076e-06
 396     2.077e-06
 397     2.091e-06
 398     2.093e-06
 399     2.102e-06
 400     2.115e-06
 401     2.128e-06
 402     2.139e-06
 403     2.140e-06
 404     2.178e-06
 405     2.195e-06
 406     2.215e-06
 407     2.226e-06
 408     2.248e-06
 409     2.249e-06
 410     2.264e-06
 411     2.295e-06
 412     2.295e-06
 413     2.313e-06
 414     2.345e-06
 415     2.351e-06
 416     2.375e-06
 417     2.379e-06
 418     2.412e-06
 419     2.420e-06
 420     2.425e-06
 421     2.433e-06
 422     2.437e-06
 423     2.441e-06
 424     2.451e-06
 425     2.455e-06
 426     2.463e-06
 427     2.472e-06
 428     2.474e-06
 429     2.482e-06
 430     2.490e-06
 431     2.492e-06
 432     2.492e-06
 433     2.510e-06
 434     2.516e-06
 435     2.520e-06
 436     2.532e-06
 437     2.533e-06
 438     2.538e-06
 439     2.539e-06
 440     2.544e-06
 441     2.548e-06
 442     2.560e-06
 443     2.572e-06
 444     2.577e-06
 445     2.584e-06
 446     2.608e-06
 447     2.608e-06
 448     2.617e-06
 449     2.618e-06
 450     2.621e-06
 451     2.671e-06
 452     2.686e-06
 453     2.838e-06
 454     2.864e-06
 455     2.900e-06
 456     2.910e-06
 457     2.914e-06
 458     2.932e-06
 459     2.935e-06
 460     2.943e-06
 461     2.952e-06
 462     2.958e-06
 463     2.958e-06
 464     2.990e-06
 465     2.998e-06
 466     3.000e-06
 467     3.001e-06
 468     3.001e-06
 469     3.007e-06
 470     3.020e-06
 471     3.030e-06
 472     3.033e-06
 473     3.045e-06
 474     3.106e-06
 475     3.370e-06
 476     3.370e-06
 477     3.385e-06
 478     3.409e-06
 479     3.409e-06
 480     3.425e-06
 481     3.427e-06
 482     3.463e-06
 483     3.464e-06
 484     3.472e-06
 485     3.480e-06
 486     3.492e-06
 487     3.495e-06
 488     3.607e-06
 489     3.959e-06
 490     3.970e-06
 491     3.992e-06
 492     4.021e-06
 493     4.042e-06
 494     4.123e-06
 495     4.306e-06
 496     4.381e-06
 497     4.447e-06
 498     5.267e-06
 499     5.381e-06
 500     5.655e-06
!Created by ./stackanalysis_v4.pl in Users/AEGISmaster_is090wC
