!Sorted Bootstrap Resuls for 500_2000
!No     rate_boot
   1    -4.983e-06
   2    -4.664e-06
   3    -4.494e-06
   4    -4.342e-06
   5    -4.162e-06
   6    -4.066e-06
   7    -3.831e-06
   8    -3.739e-06
   9    -3.715e-06
  10    -3.607e-06
  11    -3.551e-06
  12    -3.544e-06
  13    -3.340e-06
  14    -3.306e-06
  15    -3.237e-06
  16    -3.231e-06
  17    -3.174e-06
  18    -3.149e-06
  19    -3.141e-06
  20    -3.120e-06
  21    -3.120e-06
  22    -3.116e-06
  23    -3.109e-06
  24    -3.088e-06
  25    -3.037e-06
  26    -3.012e-06
  27    -2.991e-06
  28    -2.971e-06
  29    -2.912e-06
  30    -2.901e-06
  31    -2.883e-06
  32    -2.883e-06
  33    -2.854e-06
  34    -2.766e-06
  35    -2.764e-06
  36    -2.758e-06
  37    -2.746e-06
  38    -2.732e-06
  39    -2.727e-06
  40    -2.720e-06
  41    -2.718e-06
  42    -2.717e-06
  43    -2.706e-06
  44    -2.700e-06
  45    -2.679e-06
  46    -2.673e-06
  47    -2.672e-06
  48    -2.646e-06
  49    -2.627e-06
  50    -2.625e-06
  51    -2.615e-06
  52    -2.597e-06
  53    -2.584e-06
  54    -2.569e-06
  55    -2.567e-06
  56    -2.551e-06
  57    -2.545e-06
  58    -2.538e-06
  59    -2.525e-06
  60    -2.522e-06
  61    -2.505e-06
  62    -2.498e-06
  63    -2.462e-06
  64    -2.440e-06
  65    -2.424e-06
  66    -2.424e-06
  67    -2.409e-06
  68    -2.398e-06
  69    -2.397e-06
  70    -2.388e-06
  71    -2.382e-06
  72    -2.381e-06
  73    -2.360e-06
  74    -2.348e-06
  75    -2.337e-06
  76    -2.324e-06
  77    -2.324e-06
  78    -2.323e-06
  79    -2.320e-06
  80    -2.305e-06
  81    -2.272e-06
  82    -2.239e-06
  83    -2.239e-06
  84    -2.234e-06
  85    -2.230e-06
  86    -2.223e-06
  87    -2.207e-06
  88    -2.202e-06
  89    -2.202e-06
  90    -2.196e-06
  91    -2.183e-06
  92    -2.183e-06
  93    -2.166e-06
  94    -2.161e-06
  95    -2.146e-06
  96    -2.136e-06
  97    -2.132e-06
  98    -2.108e-06
  99    -2.107e-06
 100    -2.085e-06
 101    -2.084e-06
 102    -2.080e-06
 103    -2.074e-06
 104    -2.062e-06
 105    -2.034e-06
 106    -2.028e-06
 107    -2.026e-06
 108    -2.013e-06
 109    -1.993e-06
 110    -1.989e-06
 111    -1.989e-06
 112    -1.982e-06
 113    -1.966e-06
 114    -1.953e-06
 115    -1.949e-06
 116    -1.941e-06
 117    -1.934e-06
 118    -1.934e-06
 119    -1.933e-06
 120    -1.926e-06
 121    -1.919e-06
 122    -1.919e-06
 123    -1.919e-06
 124    -1.908e-06
 125    -1.907e-06
 126    -1.904e-06
 127    -1.903e-06
 128    -1.901e-06
 129    -1.899e-06
 130    -1.891e-06
 131    -1.891e-06
 132    -1.885e-06
 133    -1.870e-06
 134    -1.862e-06
 135    -1.862e-06
 136    -1.853e-06
 137    -1.847e-06
 138    -1.823e-06
 139    -1.820e-06
 140    -1.813e-06
 141    -1.812e-06
 142    -1.805e-06
 143    -1.804e-06
 144    -1.803e-06
 145    -1.789e-06
 146    -1.789e-06
 147    -1.784e-06
 148    -1.782e-06
 149    -1.778e-06
 150    -1.767e-06
 151    -1.764e-06
 152    -1.740e-06
 153    -1.739e-06
 154    -1.727e-06
 155    -1.726e-06
 156    -1.718e-06
 157    -1.710e-06
 158    -1.705e-06
 159    -1.702e-06
 160    -1.701e-06
 161    -1.698e-06
 162    -1.696e-06
 163    -1.695e-06
 164    -1.691e-06
 165    -1.685e-06
 166    -1.682e-06
 167    -1.675e-06
 168    -1.675e-06
 169    -1.667e-06
 170    -1.661e-06
 171    -1.661e-06
 172    -1.655e-06
 173    -1.655e-06
 174    -1.643e-06
 175    -1.629e-06
 176    -1.627e-06
 177    -1.627e-06
 178    -1.613e-06
 179    -1.613e-06
 180    -1.599e-06
 181    -1.599e-06
 182    -1.588e-06
 183    -1.586e-06
 184    -1.583e-06
 185    -1.583e-06
 186    -1.581e-06
 187    -1.575e-06
 188    -1.575e-06
 189    -1.566e-06
 190    -1.558e-06
 191    -1.555e-06
 192    -1.530e-06
 193    -1.524e-06
 194    -1.518e-06
 195    -1.518e-06
 196    -1.513e-06
 197    -1.512e-06
 198    -1.498e-06
 199    -1.480e-06
 200    -1.479e-06
 201    -1.477e-06
 202    -1.476e-06
 203    -1.471e-06
 204    -1.463e-06
 205    -1.452e-06
 206    -1.448e-06
 207    -1.436e-06
 208    -1.429e-06
 209    -1.426e-06
 210    -1.420e-06
 211    -1.415e-06
 212    -1.410e-06
 213    -1.409e-06
 214    -1.409e-06
 215    -1.396e-06
 216    -1.391e-06
 217    -1.389e-06
 218    -1.378e-06
 219    -1.375e-06
 220    -1.373e-06
 221    -1.368e-06
 222    -1.362e-06
 223    -1.356e-06
 224    -1.356e-06
 225    -1.356e-06
 226    -1.347e-06
 227    -1.345e-06
 228    -1.343e-06
 229    -1.341e-06
 230    -1.334e-06
 231    -1.317e-06
 232    -1.315e-06
 233    -1.308e-06
 234    -1.281e-06
 235    -1.277e-06
 236    -1.272e-06
 237    -1.269e-06
 238    -1.269e-06
 239    -1.261e-06
 240    -1.246e-06
 241    -1.239e-06
 242    -1.229e-06
 243    -1.228e-06
 244    -1.223e-06
 245    -1.221e-06
 246    -1.205e-06
 247    -1.203e-06
 248    -1.184e-06
 249    -1.179e-06
 250    -1.162e-06
 251    -1.159e-06
 252    -1.155e-06
 253    -1.149e-06
 254    -1.149e-06
 255    -1.147e-06
 256    -1.143e-06
 257    -1.135e-06
 258    -1.120e-06
 259    -1.109e-06
 260    -1.106e-06
 261    -1.106e-06
 262    -1.096e-06
 263    -1.092e-06
 264    -1.092e-06
 265    -1.090e-06
 266    -1.085e-06
 267    -1.085e-06
 268    -1.081e-06
 269    -1.077e-06
 270    -1.076e-06
 271    -1.074e-06
 272    -1.069e-06
 273    -1.065e-06
 274    -1.060e-06
 275    -1.047e-06
 276    -1.044e-06
 277    -1.042e-06
 278    -1.036e-06
 279    -1.024e-06
 280    -1.024e-06
 281    -1.020e-06
 282    -1.020e-06
 283    -1.008e-06
 284    -1.008e-06
 285    -1.006e-06
 286    -9.965e-07
 287    -9.930e-07
 288    -9.897e-07
 289    -9.849e-07
 290    -9.837e-07
 291    -9.812e-07
 292    -9.783e-07
 293    -9.727e-07
 294    -9.687e-07
 295    -9.561e-07
 296    -9.547e-07
 297    -9.466e-07
 298    -9.466e-07
 299    -9.197e-07
 300    -9.091e-07
 301    -9.011e-07
 302    -8.954e-07
 303    -8.928e-07
 304    -8.912e-07
 305    -8.909e-07
 306    -8.906e-07
 307    -8.902e-07
 308    -8.820e-07
 309    -8.715e-07
 310    -8.712e-07
 311    -8.639e-07
 312    -8.639e-07
 313    -8.587e-07
 314    -8.544e-07
 315    -8.527e-07
 316    -8.515e-07
 317    -8.502e-07
 318    -8.400e-07
 319    -8.378e-07
 320    -8.337e-07
 321    -8.297e-07
 322    -8.293e-07
 323    -8.202e-07
 324    -8.119e-07
 325    -8.111e-07
 326    -8.111e-07
 327    -8.100e-07
 328    -8.097e-07
 329    -8.030e-07
 330    -7.946e-07
 331    -7.903e-07
 332    -7.855e-07
 333    -7.761e-07
 334    -7.680e-07
 335    -7.651e-07
 336    -7.594e-07
 337    -7.563e-07
 338    -7.538e-07
 339    -7.512e-07
 340    -7.494e-07
 341    -7.494e-07
 342    -7.232e-07
 343    -7.219e-07
 344    -7.210e-07
 345    -7.187e-07
 346    -7.143e-07
 347    -7.111e-07
 348    -6.953e-07
 349    -6.689e-07
 350    -6.615e-07
 351    -6.563e-07
 352    -6.560e-07
 353    -6.489e-07
 354    -6.464e-07
 355    -6.346e-07
 356    -6.273e-07
 357    -6.273e-07
 358    -6.173e-07
 359    -6.069e-07
 360    -6.069e-07
 361    -5.976e-07
 362    -5.877e-07
 363    -5.876e-07
 364    -5.781e-07
 365    -5.377e-07
 366    -5.347e-07
 367    -5.347e-07
 368    -5.293e-07
 369    -5.159e-07
 370    -5.159e-07
 371    -5.155e-07
 372    -5.080e-07
 373    -5.061e-07
 374    -5.051e-07
 375    -4.910e-07
 376    -4.440e-07
 377    -4.396e-07
 378    -4.384e-07
 379    -4.308e-07
 380    -4.280e-07
 381    -4.176e-07
 382    -4.129e-07
 383    -3.885e-07
 384    -3.854e-07
 385    -3.822e-07
 386    -3.811e-07
 387    -3.805e-07
 388    -3.603e-07
 389    -3.507e-07
 390    -3.445e-07
 391    -3.389e-07
 392    -3.367e-07
 393    -3.261e-07
 394    -2.887e-07
 395    -2.809e-07
 396    -2.798e-07
 397    -2.730e-07
 398    -2.701e-07
 399    -2.619e-07
 400    -2.547e-07
 401    -2.405e-07
 402    -2.321e-07
 403    -2.295e-07
 404    -2.294e-07
 405    -2.279e-07
 406    -2.266e-07
 407    -2.197e-07
 408    -2.115e-07
 409    -2.108e-07
 410    -1.866e-07
 411    -1.640e-07
 412    -1.596e-07
 413    -1.549e-07
 414    -1.241e-07
 415    -1.069e-07
 416    -9.212e-08
 417    -9.212e-08
 418    -9.121e-08
 419    -8.917e-08
 420    -7.461e-08
 421    -7.415e-08
 422    -6.904e-08
 423    -6.285e-08
 424    -5.589e-08
 425    -2.452e-08
 426    -2.452e-08
 427    -2.343e-08
 428    -2.312e-08
 429    -1.713e-08
 430    -1.101e-08
 431    -6.141e-09
 432     5.059e-09
 433     2.282e-08
 434     2.941e-08
 435     3.448e-08
 436     6.012e-08
 437     6.759e-08
 438     7.809e-08
 439     1.046e-07
 440     1.050e-07
 441     1.110e-07
 442     1.136e-07
 443     1.153e-07
 444     1.168e-07
 445     1.247e-07
 446     1.601e-07
 447     1.612e-07
 448     1.653e-07
 449     1.680e-07
 450     1.687e-07
 451     1.886e-07
 452     1.886e-07
 453     1.943e-07
 454     2.008e-07
 455     2.103e-07
 456     2.143e-07
 457     2.143e-07
 458     2.284e-07
 459     2.301e-07
 460     2.407e-07
 461     2.666e-07
 462     2.798e-07
 463     2.926e-07
 464     2.940e-07
 465     2.940e-07
 466     2.997e-07
 467     3.123e-07
 468     3.354e-07
 469     3.380e-07
 470     4.045e-07
 471     4.045e-07
 472     4.356e-07
 473     4.478e-07
 474     4.674e-07
 475     4.727e-07
 476     4.982e-07
 477     4.982e-07
 478     5.008e-07
 479     5.507e-07
 480     5.753e-07
 481     5.757e-07
 482     6.452e-07
 483     6.822e-07
 484     7.821e-07
 485     7.856e-07
 486     7.890e-07
 487     7.913e-07
 488     8.393e-07
 489     8.660e-07
 490     8.993e-07
 491     9.081e-07
 492     9.379e-07
 493     9.510e-07
 494     9.759e-07
 495     1.027e-06
 496     1.093e-06
 497     1.168e-06
 498     1.370e-06
 499     1.814e-06
 500     1.976e-06
!Created by ./stackanalysis_v4.pl in Users/AEGISmaster_is090wC
