! Summary of image counts for Job= M23_3608_Gi806Bk
! Source File: M23_3608_cstack.fits      X-ray Band: 500_2000
! Source from <-9 asec  Background from >= 7.0 arcsec
! Pixel_size= 0.492000000000012 arcsec
! Poststamp_img_size=60x60 (pix) 30.0x30.0 (arcsec)
! src_rate= (cts_src/exp_src-cts_bkg/exp_bkg/px_bkg*px_src)/ecf (for each field,lbl=n)
!         = (wgt*exp_src)-weighted mean of used fields (lbl=sum) or objects (lbl=All).
! UL90: 90 percent Bayasian upper limit in c/s
! *** Note: cts_src,exp_src,px_src,cts_bkg,exp_bkg px_bkg and ul90b not weighted.            
!Obj_name     lbl  rad cts_src  exp_src  px_src cts_bkg  exp_bkg  px_bkg  src_rate    wgt    ecf offax     ul90b  Field/Comm 
!                (asec)  (cts)   (sec)    (pix)   (cts)   (sec)    (pix)    (c/s)               (amin)     (c/s)
 M23_3608       1  2.3       4 6.00e+05       69      86 6.13e+05     3080  3.92e-06 1.0e+00 0.900  3.86 -9.99e+00 cdfn_r040/OK
 M23_3608       2  1.0       0 4.52e+05       13      99 6.72e+05     3080 -6.72e-07 1.0e+00 0.925  0.97 -9.99e+00 cdfn_r140/OK
 M23_3608     sum  1.8       4 1.05e+06       82     185 1.29e+06     6160  1.92e-06 1.0e+00 0.911 -9.90  6.16e-06 used_flds:2
!          ================= Final Summed Result =====================
 sum_all      All  1.8       4 1.05e+06       82     185 1.29e+06     6160  1.92e-06 1.0e+00 0.911 -9.90  6.37e-06 used_objs:1
!          =============================================================
!Accepted: 1  Near_src: 0  Out: 0   Total: 1
!Final Stacked Rate:  1.92e-06 +/-  2.12e-06 (Counting Statistics Error)
!Total Exposure:  1.05e+06 [sec]
!Please refer to bootstrap results for  better error analysis.
! Notes from Dataset (if any):
! 
! 
! This is based on the CDFN data over 1.9 Msec.
! 
! *** Normalization of the exposure map ***
! 
! The exposure map *.texp is the effective exposure in seconds, rather than 
! the Chandra standard convention of [s cm^2]. Since detector sensitivity change 
! over time, the effective exposure map is calculated for the response matrix at 
! the time of a reference observation. The reference observation for this dataset 
! is OBSID=3391 (observed at '2002-02-22T01:52:24'). 
! 
! If you want to use PIMMS for countrate to flux conversion, use ACIS-I for 
! Chandra Cycle 3. 
! 
!Created by ./stackanalysis_v4.pl in https://lambic.astrosen.unam.mx/cstack_v4.5/Users/M23_3608_Gi806Bk
