!Sorted Bootstrap Resuls for 500_2000
!No     rate_boot
   1     1.144e-06
   2     1.144e-06
   3     1.144e-06
   4     1.144e-06
   5     1.144e-06
   6     1.144e-06
   7     1.144e-06
   8     1.144e-06
   9     1.144e-06
  10     1.144e-06
  11     1.144e-06
  12     1.144e-06
  13     1.144e-06
  14     1.144e-06
  15     1.144e-06
  16     1.144e-06
  17     1.144e-06
  18     1.144e-06
  19     1.144e-06
  20     1.144e-06
  21     1.144e-06
  22     1.144e-06
  23     1.144e-06
  24     1.144e-06
  25     1.144e-06
  26     1.144e-06
  27     1.144e-06
  28     1.144e-06
  29     1.144e-06
  30     1.144e-06
  31     1.144e-06
  32     1.144e-06
  33     1.144e-06
  34     1.144e-06
  35     1.144e-06
  36     1.144e-06
  37     1.144e-06
  38     1.144e-06
  39     1.144e-06
  40     1.144e-06
  41     1.144e-06
  42     1.144e-06
  43     1.144e-06
  44     1.144e-06
  45     1.144e-06
  46     1.144e-06
  47     1.144e-06
  48     1.144e-06
  49     1.144e-06
  50     1.144e-06
  51     1.144e-06
  52     1.144e-06
  53     1.144e-06
  54     1.144e-06
  55     1.144e-06
  56     1.144e-06
  57     1.144e-06
  58     1.144e-06
  59     1.144e-06
  60     1.144e-06
  61     1.144e-06
  62     1.144e-06
  63     1.144e-06
  64     1.144e-06
  65     1.144e-06
  66     1.144e-06
  67     1.144e-06
  68     1.144e-06
  69     1.144e-06
  70     1.144e-06
  71     1.144e-06
  72     1.144e-06
  73     1.144e-06
  74     1.144e-06
  75     1.144e-06
  76     1.144e-06
  77     1.144e-06
  78     1.144e-06
  79     1.144e-06
  80     1.144e-06
  81     1.144e-06
  82     1.144e-06
  83     1.144e-06
  84     1.144e-06
  85     1.144e-06
  86     1.144e-06
  87     1.144e-06
  88     1.144e-06
  89     1.144e-06
  90     1.144e-06
  91     1.144e-06
  92     1.144e-06
  93     1.144e-06
  94     1.144e-06
  95     1.144e-06
  96     1.144e-06
  97     1.144e-06
  98     1.144e-06
  99     1.144e-06
 100     1.144e-06
 101     1.144e-06
 102     1.144e-06
 103     1.144e-06
 104     1.144e-06
 105     1.144e-06
 106     1.144e-06
 107     1.144e-06
 108     1.144e-06
 109     1.144e-06
 110     1.144e-06
 111     1.144e-06
 112     1.144e-06
 113     1.144e-06
 114     1.144e-06
 115     1.144e-06
 116     1.144e-06
 117     1.144e-06
 118     1.144e-06
 119     1.144e-06
 120     1.144e-06
 121     1.144e-06
 122     1.144e-06
 123     1.144e-06
 124     1.144e-06
 125     1.144e-06
 126     1.144e-06
 127     1.144e-06
 128     1.144e-06
 129     1.144e-06
 130     1.144e-06
 131     1.144e-06
 132     1.144e-06
 133     1.144e-06
 134     1.144e-06
 135     1.144e-06
 136     1.144e-06
 137     1.144e-06
 138     1.144e-06
 139     1.144e-06
 140     1.144e-06
 141     1.144e-06
 142     1.144e-06
 143     1.144e-06
 144     1.144e-06
 145     1.144e-06
 146     1.144e-06
 147     1.144e-06
 148     1.144e-06
 149     1.144e-06
 150     1.144e-06
 151     1.144e-06
 152     1.144e-06
 153     1.144e-06
 154     1.144e-06
 155     1.144e-06
 156     1.144e-06
 157     1.144e-06
 158     1.144e-06
 159     1.144e-06
 160     1.144e-06
 161     1.144e-06
 162     1.144e-06
 163     1.144e-06
 164     1.144e-06
 165     1.144e-06
 166     1.144e-06
 167     1.144e-06
 168     1.144e-06
 169     1.144e-06
 170     1.144e-06
 171     1.144e-06
 172     1.144e-06
 173     1.144e-06
 174     1.144e-06
 175     1.144e-06
 176     1.144e-06
 177     1.144e-06
 178     1.144e-06
 179     1.144e-06
 180     1.144e-06
 181     1.144e-06
 182     1.144e-06
 183     1.144e-06
 184     1.144e-06
 185     1.144e-06
 186     1.144e-06
 187     1.144e-06
 188     1.144e-06
 189     1.144e-06
 190     1.144e-06
 191     1.144e-06
 192     1.144e-06
 193     1.144e-06
 194     1.144e-06
 195     1.144e-06
 196     1.144e-06
 197     1.144e-06
 198     1.144e-06
 199     1.144e-06
 200     1.144e-06
 201     1.144e-06
 202     1.144e-06
 203     1.144e-06
 204     1.144e-06
 205     1.144e-06
 206     1.144e-06
 207     1.144e-06
 208     1.144e-06
 209     1.144e-06
 210     1.144e-06
 211     1.144e-06
 212     1.144e-06
 213     1.144e-06
 214     1.144e-06
 215     1.144e-06
 216     1.144e-06
 217     1.144e-06
 218     1.144e-06
 219     1.144e-06
 220     1.144e-06
 221     1.144e-06
 222     1.144e-06
 223     1.144e-06
 224     1.144e-06
 225     1.144e-06
 226     1.144e-06
 227     1.144e-06
 228     1.144e-06
 229     1.144e-06
 230     1.144e-06
 231     1.144e-06
 232     1.144e-06
 233     1.144e-06
 234     1.144e-06
 235     1.144e-06
 236     1.144e-06
 237     1.144e-06
 238     1.144e-06
 239     1.144e-06
 240     1.144e-06
 241     1.144e-06
 242     1.144e-06
 243     1.144e-06
 244     1.144e-06
 245     1.144e-06
 246     1.144e-06
 247     1.144e-06
 248     1.144e-06
 249     1.144e-06
 250     1.144e-06
 251     1.144e-06
 252     1.144e-06
 253     1.144e-06
 254     1.144e-06
 255     1.144e-06
 256     1.144e-06
 257     1.144e-06
 258     1.144e-06
 259     1.144e-06
 260     1.144e-06
 261     1.144e-06
 262     1.144e-06
 263     1.144e-06
 264     1.144e-06
 265     1.144e-06
 266     1.144e-06
 267     1.144e-06
 268     1.144e-06
 269     1.144e-06
 270     1.144e-06
 271     1.144e-06
 272     1.144e-06
 273     1.144e-06
 274     1.144e-06
 275     1.144e-06
 276     1.144e-06
 277     1.144e-06
 278     1.144e-06
 279     1.144e-06
 280     1.144e-06
 281     1.144e-06
 282     1.144e-06
 283     1.144e-06
 284     1.144e-06
 285     1.144e-06
 286     1.144e-06
 287     1.144e-06
 288     1.144e-06
 289     1.144e-06
 290     1.144e-06
 291     1.144e-06
 292     1.144e-06
 293     1.144e-06
 294     1.144e-06
 295     1.144e-06
 296     1.144e-06
 297     1.144e-06
 298     1.144e-06
 299     1.144e-06
 300     1.144e-06
 301     1.144e-06
 302     1.144e-06
 303     1.144e-06
 304     1.144e-06
 305     1.144e-06
 306     1.144e-06
 307     1.144e-06
 308     1.144e-06
 309     1.144e-06
 310     1.144e-06
 311     1.144e-06
 312     1.144e-06
 313     1.144e-06
 314     1.144e-06
 315     1.144e-06
 316     1.144e-06
 317     1.144e-06
 318     1.144e-06
 319     1.144e-06
 320     1.144e-06
 321     1.144e-06
 322     1.144e-06
 323     1.144e-06
 324     1.144e-06
 325     1.144e-06
 326     1.144e-06
 327     1.144e-06
 328     1.144e-06
 329     1.144e-06
 330     1.144e-06
 331     1.144e-06
 332     1.144e-06
 333     1.144e-06
 334     1.144e-06
 335     1.144e-06
 336     1.144e-06
 337     1.144e-06
 338     1.144e-06
 339     1.144e-06
 340     1.144e-06
 341     1.144e-06
 342     1.144e-06
 343     1.144e-06
 344     1.144e-06
 345     1.144e-06
 346     1.144e-06
 347     1.144e-06
 348     1.144e-06
 349     1.144e-06
 350     1.144e-06
 351     1.144e-06
 352     1.144e-06
 353     1.144e-06
 354     1.144e-06
 355     1.144e-06
 356     1.144e-06
 357     1.144e-06
 358     1.144e-06
 359     1.144e-06
 360     1.144e-06
 361     1.144e-06
 362     1.144e-06
 363     1.144e-06
 364     1.144e-06
 365     1.144e-06
 366     1.144e-06
 367     1.144e-06
 368     1.144e-06
 369     1.144e-06
 370     1.144e-06
 371     1.144e-06
 372     1.144e-06
 373     1.144e-06
 374     1.144e-06
 375     1.144e-06
 376     1.144e-06
 377     1.144e-06
 378     1.144e-06
 379     1.144e-06
 380     1.144e-06
 381     1.144e-06
 382     1.144e-06
 383     1.144e-06
 384     1.144e-06
 385     1.144e-06
 386     1.144e-06
 387     1.144e-06
 388     1.144e-06
 389     1.144e-06
 390     1.144e-06
 391     1.144e-06
 392     1.144e-06
 393     1.144e-06
 394     1.144e-06
 395     1.144e-06
 396     1.144e-06
 397     1.144e-06
 398     1.144e-06
 399     1.144e-06
 400     1.144e-06
 401     1.144e-06
 402     1.144e-06
 403     1.144e-06
 404     1.144e-06
 405     1.144e-06
 406     1.144e-06
 407     1.144e-06
 408     1.144e-06
 409     1.144e-06
 410     1.144e-06
 411     1.144e-06
 412     1.144e-06
 413     1.144e-06
 414     1.144e-06
 415     1.144e-06
 416     1.144e-06
 417     1.144e-06
 418     1.144e-06
 419     1.144e-06
 420     1.144e-06
 421     1.144e-06
 422     1.144e-06
 423     1.144e-06
 424     1.144e-06
 425     1.144e-06
 426     1.144e-06
 427     1.144e-06
 428     1.144e-06
 429     1.144e-06
 430     1.144e-06
 431     1.144e-06
 432     1.144e-06
 433     1.144e-06
 434     1.144e-06
 435     1.144e-06
 436     1.144e-06
 437     1.144e-06
 438     1.144e-06
 439     1.144e-06
 440     1.144e-06
 441     1.144e-06
 442     1.144e-06
 443     1.144e-06
 444     1.144e-06
 445     1.144e-06
 446     1.144e-06
 447     1.144e-06
 448     1.144e-06
 449     1.144e-06
 450     1.144e-06
 451     1.144e-06
 452     1.144e-06
 453     1.144e-06
 454     1.144e-06
 455     1.144e-06
 456     1.144e-06
 457     1.144e-06
 458     1.144e-06
 459     1.144e-06
 460     1.144e-06
 461     1.144e-06
 462     1.144e-06
 463     1.144e-06
 464     1.144e-06
 465     1.144e-06
 466     1.144e-06
 467     1.144e-06
 468     1.144e-06
 469     1.144e-06
 470     1.144e-06
 471     1.144e-06
 472     1.144e-06
 473     1.144e-06
 474     1.144e-06
 475     1.144e-06
 476     1.144e-06
 477     1.144e-06
 478     1.144e-06
 479     1.144e-06
 480     1.144e-06
 481     1.144e-06
 482     1.144e-06
 483     1.144e-06
 484     1.144e-06
 485     1.144e-06
 486     1.144e-06
 487     1.144e-06
 488     1.144e-06
 489     1.144e-06
 490     1.144e-06
 491     1.144e-06
 492     1.144e-06
 493     1.144e-06
 494     1.144e-06
 495     1.144e-06
 496     1.144e-06
 497     1.144e-06
 498     1.144e-06
 499     1.144e-06
 500     1.144e-06
!Created by ./stackanalysis_v4.pl in Users/M23_73488_2_Ys339lq
