!Sorted Bootstrap Resuls for 2000_8000
!No     rate_boot
   1    -6.564e-06
   2    -6.564e-06
   3    -6.564e-06
   4    -6.564e-06
   5    -6.564e-06
   6    -6.564e-06
   7    -6.564e-06
   8    -6.564e-06
   9    -6.564e-06
  10    -6.564e-06
  11    -6.564e-06
  12    -6.564e-06
  13    -6.564e-06
  14    -6.564e-06
  15    -6.564e-06
  16    -6.564e-06
  17    -6.564e-06
  18    -6.564e-06
  19    -6.564e-06
  20    -6.564e-06
  21    -6.564e-06
  22    -6.564e-06
  23    -6.564e-06
  24    -6.564e-06
  25    -6.564e-06
  26    -6.564e-06
  27    -6.564e-06
  28    -6.564e-06
  29    -6.564e-06
  30    -6.564e-06
  31    -6.564e-06
  32    -6.564e-06
  33    -6.564e-06
  34    -6.564e-06
  35    -6.564e-06
  36    -6.564e-06
  37    -6.564e-06
  38    -6.564e-06
  39    -6.564e-06
  40    -6.564e-06
  41    -6.564e-06
  42    -6.564e-06
  43    -6.564e-06
  44    -6.564e-06
  45    -6.564e-06
  46    -6.564e-06
  47    -6.564e-06
  48    -6.564e-06
  49    -6.564e-06
  50    -6.564e-06
  51    -6.564e-06
  52    -6.564e-06
  53    -6.564e-06
  54    -6.564e-06
  55    -6.564e-06
  56    -6.564e-06
  57    -6.564e-06
  58    -6.564e-06
  59    -6.564e-06
  60    -6.564e-06
  61    -6.564e-06
  62    -6.564e-06
  63    -6.564e-06
  64    -6.564e-06
  65    -6.564e-06
  66    -6.564e-06
  67    -6.564e-06
  68    -6.564e-06
  69    -6.564e-06
  70    -6.564e-06
  71    -6.564e-06
  72    -6.564e-06
  73    -6.564e-06
  74    -6.564e-06
  75    -6.564e-06
  76    -6.564e-06
  77    -6.564e-06
  78    -6.564e-06
  79    -6.564e-06
  80    -6.564e-06
  81    -6.564e-06
  82    -6.564e-06
  83    -6.564e-06
  84    -6.564e-06
  85    -6.564e-06
  86    -6.564e-06
  87    -6.564e-06
  88    -6.564e-06
  89    -6.564e-06
  90    -6.564e-06
  91    -6.564e-06
  92    -6.564e-06
  93    -6.564e-06
  94    -6.564e-06
  95    -6.564e-06
  96    -6.564e-06
  97    -6.564e-06
  98    -6.564e-06
  99    -6.564e-06
 100    -6.564e-06
 101    -6.564e-06
 102    -6.564e-06
 103    -6.564e-06
 104    -6.564e-06
 105    -6.564e-06
 106    -6.564e-06
 107    -6.564e-06
 108    -6.564e-06
 109    -6.564e-06
 110    -6.564e-06
 111    -6.564e-06
 112    -6.564e-06
 113    -6.564e-06
 114    -6.564e-06
 115    -6.564e-06
 116    -6.564e-06
 117    -6.564e-06
 118    -6.564e-06
 119    -6.564e-06
 120    -6.564e-06
 121    -6.564e-06
 122    -6.564e-06
 123    -6.564e-06
 124    -6.564e-06
 125    -6.564e-06
 126    -6.564e-06
 127    -6.564e-06
 128    -6.564e-06
 129    -6.564e-06
 130    -6.564e-06
 131    -6.564e-06
 132    -6.564e-06
 133    -6.564e-06
 134    -6.564e-06
 135    -6.564e-06
 136    -6.564e-06
 137    -6.564e-06
 138    -6.564e-06
 139    -6.564e-06
 140    -6.564e-06
 141    -6.564e-06
 142    -6.564e-06
 143    -6.564e-06
 144    -6.564e-06
 145    -6.564e-06
 146    -6.564e-06
 147    -6.564e-06
 148    -6.564e-06
 149    -6.564e-06
 150    -6.564e-06
 151    -6.564e-06
 152    -6.564e-06
 153    -6.564e-06
 154    -6.564e-06
 155    -6.564e-06
 156    -6.564e-06
 157    -6.564e-06
 158    -6.564e-06
 159    -6.564e-06
 160    -6.564e-06
 161    -6.564e-06
 162    -6.564e-06
 163    -6.564e-06
 164    -6.564e-06
 165    -6.564e-06
 166    -6.564e-06
 167    -6.564e-06
 168    -6.564e-06
 169    -6.564e-06
 170    -6.564e-06
 171    -6.564e-06
 172    -6.564e-06
 173    -6.564e-06
 174    -6.564e-06
 175    -6.564e-06
 176    -6.564e-06
 177    -6.564e-06
 178    -6.564e-06
 179    -6.564e-06
 180    -6.564e-06
 181    -6.564e-06
 182    -6.564e-06
 183    -6.564e-06
 184    -6.564e-06
 185    -6.564e-06
 186    -6.564e-06
 187    -6.564e-06
 188    -6.564e-06
 189    -6.564e-06
 190    -6.564e-06
 191    -6.564e-06
 192    -6.564e-06
 193    -6.564e-06
 194    -6.564e-06
 195    -6.564e-06
 196    -6.564e-06
 197    -6.564e-06
 198    -6.564e-06
 199    -6.564e-06
 200    -6.564e-06
 201    -6.564e-06
 202    -6.564e-06
 203    -6.564e-06
 204    -6.564e-06
 205    -6.564e-06
 206    -6.564e-06
 207    -6.564e-06
 208    -6.564e-06
 209    -6.564e-06
 210    -6.564e-06
 211    -6.564e-06
 212    -6.564e-06
 213    -6.564e-06
 214    -6.564e-06
 215    -6.564e-06
 216    -6.564e-06
 217    -6.564e-06
 218    -6.564e-06
 219    -6.564e-06
 220    -6.564e-06
 221    -6.564e-06
 222    -6.564e-06
 223    -6.564e-06
 224    -6.564e-06
 225    -6.564e-06
 226    -6.564e-06
 227    -6.564e-06
 228    -6.564e-06
 229    -6.564e-06
 230    -6.564e-06
 231    -6.564e-06
 232    -6.564e-06
 233    -6.564e-06
 234    -6.564e-06
 235    -6.564e-06
 236    -6.564e-06
 237    -6.564e-06
 238    -6.564e-06
 239    -6.564e-06
 240    -6.564e-06
 241    -6.564e-06
 242    -6.564e-06
 243    -6.564e-06
 244    -6.564e-06
 245    -6.564e-06
 246    -6.564e-06
 247    -6.564e-06
 248    -6.564e-06
 249    -6.564e-06
 250    -6.564e-06
 251    -6.564e-06
 252    -6.564e-06
 253    -6.564e-06
 254    -6.564e-06
 255    -6.564e-06
 256    -6.564e-06
 257    -6.564e-06
 258    -6.564e-06
 259    -6.564e-06
 260    -6.564e-06
 261    -6.564e-06
 262    -6.564e-06
 263    -6.564e-06
 264    -6.564e-06
 265    -6.564e-06
 266    -6.564e-06
 267    -6.564e-06
 268    -6.564e-06
 269    -6.564e-06
 270    -6.564e-06
 271    -6.564e-06
 272    -6.564e-06
 273    -6.564e-06
 274    -6.564e-06
 275    -6.564e-06
 276    -6.564e-06
 277    -6.564e-06
 278    -6.564e-06
 279    -6.564e-06
 280    -6.564e-06
 281    -6.564e-06
 282    -6.564e-06
 283    -6.564e-06
 284    -6.564e-06
 285    -6.564e-06
 286    -6.564e-06
 287    -6.564e-06
 288    -6.564e-06
 289    -6.564e-06
 290    -6.564e-06
 291    -6.564e-06
 292    -6.564e-06
 293    -6.564e-06
 294    -6.564e-06
 295    -6.564e-06
 296    -6.564e-06
 297    -6.564e-06
 298    -6.564e-06
 299    -6.564e-06
 300    -6.564e-06
 301    -6.564e-06
 302    -6.564e-06
 303    -6.564e-06
 304    -6.564e-06
 305    -6.564e-06
 306    -6.564e-06
 307    -6.564e-06
 308    -6.564e-06
 309    -6.564e-06
 310    -6.564e-06
 311    -6.564e-06
 312    -6.564e-06
 313    -6.564e-06
 314    -6.564e-06
 315    -6.564e-06
 316    -6.564e-06
 317    -6.564e-06
 318    -6.564e-06
 319    -6.564e-06
 320    -6.564e-06
 321    -6.564e-06
 322    -6.564e-06
 323    -6.564e-06
 324    -6.564e-06
 325    -6.564e-06
 326    -6.564e-06
 327    -6.564e-06
 328    -6.564e-06
 329    -6.564e-06
 330    -6.564e-06
 331    -6.564e-06
 332    -6.564e-06
 333    -6.564e-06
 334    -6.564e-06
 335    -6.564e-06
 336    -6.564e-06
 337    -6.564e-06
 338    -6.564e-06
 339    -6.564e-06
 340    -6.564e-06
 341    -6.564e-06
 342    -6.564e-06
 343    -6.564e-06
 344    -6.564e-06
 345    -6.564e-06
 346    -6.564e-06
 347    -6.564e-06
 348    -6.564e-06
 349    -6.564e-06
 350    -6.564e-06
 351    -6.564e-06
 352    -6.564e-06
 353    -6.564e-06
 354    -6.564e-06
 355    -6.564e-06
 356    -6.564e-06
 357    -6.564e-06
 358    -6.564e-06
 359    -6.564e-06
 360    -6.564e-06
 361    -6.564e-06
 362    -6.564e-06
 363    -6.564e-06
 364    -6.564e-06
 365    -6.564e-06
 366    -6.564e-06
 367    -6.564e-06
 368    -6.564e-06
 369    -6.564e-06
 370    -6.564e-06
 371    -6.564e-06
 372    -6.564e-06
 373    -6.564e-06
 374    -6.564e-06
 375    -6.564e-06
 376    -6.564e-06
 377    -6.564e-06
 378    -6.564e-06
 379    -6.564e-06
 380    -6.564e-06
 381    -6.564e-06
 382    -6.564e-06
 383    -6.564e-06
 384    -6.564e-06
 385    -6.564e-06
 386    -6.564e-06
 387    -6.564e-06
 388    -6.564e-06
 389    -6.564e-06
 390    -6.564e-06
 391    -6.564e-06
 392    -6.564e-06
 393    -6.564e-06
 394    -6.564e-06
 395    -6.564e-06
 396    -6.564e-06
 397    -6.564e-06
 398    -6.564e-06
 399    -6.564e-06
 400    -6.564e-06
 401    -6.564e-06
 402    -6.564e-06
 403    -6.564e-06
 404    -6.564e-06
 405    -6.564e-06
 406    -6.564e-06
 407    -6.564e-06
 408    -6.564e-06
 409    -6.564e-06
 410    -6.564e-06
 411    -6.564e-06
 412    -6.564e-06
 413    -6.564e-06
 414    -6.564e-06
 415    -6.564e-06
 416    -6.564e-06
 417    -6.564e-06
 418    -6.564e-06
 419    -6.564e-06
 420    -6.564e-06
 421    -6.564e-06
 422    -6.564e-06
 423    -6.564e-06
 424    -6.564e-06
 425    -6.564e-06
 426    -6.564e-06
 427    -6.564e-06
 428    -6.564e-06
 429    -6.564e-06
 430    -6.564e-06
 431    -6.564e-06
 432    -6.564e-06
 433    -6.564e-06
 434    -6.564e-06
 435    -6.564e-06
 436    -6.564e-06
 437    -6.564e-06
 438    -6.564e-06
 439    -6.564e-06
 440    -6.564e-06
 441    -6.564e-06
 442    -6.564e-06
 443    -6.564e-06
 444    -6.564e-06
 445    -6.564e-06
 446    -6.564e-06
 447    -6.564e-06
 448    -6.564e-06
 449    -6.564e-06
 450    -6.564e-06
 451    -6.564e-06
 452    -6.564e-06
 453    -6.564e-06
 454    -6.564e-06
 455    -6.564e-06
 456    -6.564e-06
 457    -6.564e-06
 458    -6.564e-06
 459    -6.564e-06
 460    -6.564e-06
 461    -6.564e-06
 462    -6.564e-06
 463    -6.564e-06
 464    -6.564e-06
 465    -6.564e-06
 466    -6.564e-06
 467    -6.564e-06
 468    -6.564e-06
 469    -6.564e-06
 470    -6.564e-06
 471    -6.564e-06
 472    -6.564e-06
 473    -6.564e-06
 474    -6.564e-06
 475    -6.564e-06
 476    -6.564e-06
 477    -6.564e-06
 478    -6.564e-06
 479    -6.564e-06
 480    -6.564e-06
 481    -6.564e-06
 482    -6.564e-06
 483    -6.564e-06
 484    -6.564e-06
 485    -6.564e-06
 486    -6.564e-06
 487    -6.564e-06
 488    -6.564e-06
 489    -6.564e-06
 490    -6.564e-06
 491    -6.564e-06
 492    -6.564e-06
 493    -6.564e-06
 494    -6.564e-06
 495    -6.564e-06
 496    -6.564e-06
 497    -6.564e-06
 498    -6.564e-06
 499    -6.564e-06
 500    -6.564e-06
!Created by ./stackanalysis_v4.pl in Users/CEERS_01665_Zm663yD
