!       **** Bootstrap Histogram for 2000_8000 ************
!           From       To        Ctr        Freq     Cum.
         -6.671e-06 -6.627e-06 -6.649e-06     0       0
         -6.627e-06 -6.582e-06 -6.605e-06     0       0
         -6.582e-06 -6.538e-06 -6.560e-06   500     500
         -6.538e-06 -6.493e-06 -6.515e-06     0     500
         -6.493e-06 -6.449e-06 -6.471e-06     0     500
         -6.449e-06 -6.404e-06 -6.426e-06     0     500
         -6.404e-06 -6.360e-06 -6.382e-06     0     500
         -6.360e-06 -6.315e-06 -6.337e-06     0     500
         -6.315e-06 -6.271e-06 -6.293e-06     0     500
         -6.271e-06 -6.226e-06 -6.248e-06     0     500
         -6.226e-06 -6.182e-06 -6.204e-06     0     500
         -6.182e-06 -6.137e-06 -6.159e-06     0     500
         -6.137e-06 -6.093e-06 -6.115e-06     0     500
         -6.093e-06 -6.048e-06 -6.070e-06     0     500
         -6.048e-06 -6.004e-06 -6.026e-06     0     500
         -6.004e-06 -5.959e-06 -5.981e-06     0     500
         -5.959e-06 -5.915e-06 -5.937e-06     0     500
         -5.915e-06 -5.870e-06 -5.892e-06     0     500
         -5.870e-06 -5.826e-06 -5.848e-06     0     500
         -5.826e-06 -5.781e-06 -5.803e-06     0     500
         -5.781e-06 -5.736e-06 -5.759e-06     0     500
         -5.736e-06 -5.692e-06 -5.714e-06     0     500
         -5.692e-06 -5.647e-06 -5.670e-06     0     500
         -5.647e-06 -5.603e-06 -5.625e-06     0     500
         -5.603e-06 -5.558e-06 -5.581e-06     0     500
         -5.558e-06 -5.514e-06 -5.536e-06     0     500
!Created by ./stackanalysis_v4.pl in Users/CEERS_01665_Zm663yD
