! Summary of image counts for Job= CEERS_01665_Zm663yD
! Source File: CEERS_01665_cstack.fits      X-ray Band: 2000_8000
! Source from <-9 asec  Background from >= 7.0 arcsec
! Pixel_size= 0.492000000000012 arcsec
! Poststamp_img_size=60x60 (pix) 30.0x30.0 (arcsec)
! src_rate= (cts_src/exp_src-cts_bkg/exp_bkg/px_bkg*px_src)/ecf (for each field,lbl=n)
!         = (wgt*exp_src)-weighted mean of used fields (lbl=sum) or objects (lbl=All).
! UL90: 90 percent Bayasian upper limit in c/s
! *** Note: cts_src,exp_src,px_src,cts_bkg,exp_bkg px_bkg and ul90b not weighted.            
!Obj_name     lbl  rad cts_src  exp_src  px_src cts_bkg  exp_bkg  px_bkg  src_rate    wgt    ecf offax     ul90b  Field/Comm 
!                (asec)  (cts)   (sec)    (pix)   (cts)   (sec)    (pix)    (c/s)               (amin)     (c/s)
 CEERS_01665    1  1.8       0 1.86e+05       45      74 1.83e+05     3080 -6.56e-06 1.0e+00 0.900  2.70 -9.99e+00 aegis1a/OK
 CEERS_01665    2  4.5      19 5.14e+05      261     145 4.93e+05     1602 -1.22e-05 1.0e+00 0.900  5.51 -9.99e+00 aegis1b/X-src
 CEERS_01665  sum  1.8       0 1.86e+05       45      74 1.83e+05     3080 -6.56e-06 1.0e+00 0.900 -9.90  1.37e-05 used_flds:1
!          ================= Final Summed Result =====================
 sum_all      All  1.8       0 1.86e+05       45      74 1.83e+05     3080 -6.56e-06 1.0e+00 0.900 -9.90  1.37e-05 used_objs:1
!          =============================================================
!Accepted: 1  Near_src: 0  Out: 0   Total: 1
!Final Stacked Rate: -6.56e-06 +/-  7.63e-07 (Counting Statistics Error)
!Total Exposure:  1.86e+05 [sec]
!Please refer to bootstrap results for  better error analysis.
! Notes from Dataset (if any):
! 
! See <a href="./Notes_AEGISXD_1.txt"> this note </a> for details of the dataset used here for AEGIS-XD. Many thanks to Antonis Georgakakis for providing us with reprocessed data.
!Created by ./stackanalysis_v4.pl in https://lambic.astrosen.unam.mx/cstack_v4.5/Users/CEERS_01665_Zm663yD
