!       **** Bootstrap Histogram for 2000_8000 ************
!           From       To        Ctr        Freq     Cum.
         -3.340e-06 -3.286e-06 -3.313e-06     0       0
         -3.286e-06 -3.232e-06 -3.259e-06     0       0
         -3.232e-06 -3.178e-06 -3.205e-06   500     500
         -3.178e-06 -3.124e-06 -3.151e-06     0     500
         -3.124e-06 -3.070e-06 -3.097e-06     0     500
         -3.070e-06 -3.016e-06 -3.043e-06     0     500
         -3.016e-06 -2.962e-06 -2.989e-06     0     500
         -2.962e-06 -2.908e-06 -2.935e-06     0     500
         -2.908e-06 -2.854e-06 -2.881e-06     0     500
         -2.854e-06 -2.800e-06 -2.827e-06     0     500
         -2.800e-06 -2.746e-06 -2.773e-06     0     500
         -2.746e-06 -2.692e-06 -2.719e-06     0     500
         -2.692e-06 -2.638e-06 -2.665e-06     0     500
         -2.638e-06 -2.584e-06 -2.611e-06     0     500
         -2.584e-06 -2.530e-06 -2.557e-06     0     500
         -2.530e-06 -2.476e-06 -2.503e-06     0     500
         -2.476e-06 -2.422e-06 -2.449e-06     0     500
         -2.422e-06 -2.368e-06 -2.395e-06     0     500
         -2.368e-06 -2.314e-06 -2.341e-06     0     500
         -2.314e-06 -2.260e-06 -2.287e-06     0     500
         -2.260e-06 -2.206e-06 -2.233e-06     0     500
         -2.206e-06 -2.152e-06 -2.179e-06     0     500
         -2.152e-06 -2.098e-06 -2.125e-06     0     500
         -2.098e-06 -2.044e-06 -2.071e-06     0     500
         -2.044e-06 -1.990e-06 -2.017e-06     0     500
         -1.990e-06 -1.936e-06 -1.963e-06     0     500
!Created by ./stackanalysis_v4.pl in Users/M23_1093_cJ715YG
