!Sorted Bootstrap Resuls for 500_2000
!No     rate_boot
   1    -8.890e-07
   2    -8.890e-07
   3    -8.890e-07
   4    -8.890e-07
   5    -8.890e-07
   6    -8.890e-07
   7    -8.890e-07
   8    -8.890e-07
   9    -8.890e-07
  10    -8.890e-07
  11    -8.890e-07
  12    -8.890e-07
  13    -8.890e-07
  14    -8.890e-07
  15    -8.890e-07
  16    -8.890e-07
  17    -8.890e-07
  18    -8.890e-07
  19    -8.890e-07
  20    -8.890e-07
  21    -8.890e-07
  22    -8.890e-07
  23    -8.890e-07
  24    -8.890e-07
  25    -8.890e-07
  26    -8.890e-07
  27    -8.890e-07
  28    -8.890e-07
  29    -8.890e-07
  30    -8.890e-07
  31    -8.890e-07
  32    -8.890e-07
  33    -8.890e-07
  34    -8.890e-07
  35    -8.890e-07
  36    -8.890e-07
  37    -8.890e-07
  38    -8.890e-07
  39    -8.890e-07
  40    -8.890e-07
  41    -8.890e-07
  42    -8.890e-07
  43    -8.890e-07
  44    -8.890e-07
  45    -8.890e-07
  46    -8.890e-07
  47    -8.890e-07
  48    -8.890e-07
  49    -8.890e-07
  50    -8.890e-07
  51    -8.890e-07
  52    -8.890e-07
  53    -8.890e-07
  54    -8.890e-07
  55    -8.890e-07
  56    -8.890e-07
  57    -8.890e-07
  58    -8.890e-07
  59    -8.890e-07
  60    -8.890e-07
  61    -8.890e-07
  62    -8.890e-07
  63    -8.890e-07
  64    -8.890e-07
  65    -8.890e-07
  66    -8.890e-07
  67    -8.890e-07
  68    -8.890e-07
  69    -8.890e-07
  70    -8.890e-07
  71    -8.890e-07
  72    -8.890e-07
  73    -8.890e-07
  74    -8.890e-07
  75    -8.890e-07
  76    -8.890e-07
  77    -8.890e-07
  78    -8.890e-07
  79    -8.890e-07
  80    -8.890e-07
  81    -8.890e-07
  82    -8.890e-07
  83    -8.890e-07
  84    -8.890e-07
  85    -8.890e-07
  86    -8.890e-07
  87    -8.890e-07
  88    -8.890e-07
  89    -8.890e-07
  90    -8.890e-07
  91    -8.890e-07
  92    -8.890e-07
  93    -8.890e-07
  94    -8.890e-07
  95    -8.890e-07
  96    -8.890e-07
  97    -8.890e-07
  98    -8.890e-07
  99    -8.890e-07
 100    -8.890e-07
 101    -8.890e-07
 102    -8.890e-07
 103    -8.890e-07
 104    -8.890e-07
 105    -8.890e-07
 106    -8.890e-07
 107    -8.890e-07
 108    -8.890e-07
 109    -8.890e-07
 110    -8.890e-07
 111    -8.890e-07
 112    -8.890e-07
 113    -8.890e-07
 114    -8.890e-07
 115    -8.890e-07
 116    -8.890e-07
 117    -8.890e-07
 118    -8.890e-07
 119    -8.890e-07
 120    -8.890e-07
 121    -8.890e-07
 122    -8.890e-07
 123    -8.890e-07
 124    -8.890e-07
 125    -8.890e-07
 126    -8.890e-07
 127    -8.890e-07
 128    -8.890e-07
 129    -8.890e-07
 130    -8.890e-07
 131    -8.890e-07
 132    -8.890e-07
 133    -8.890e-07
 134    -8.890e-07
 135    -8.890e-07
 136    -8.890e-07
 137    -8.890e-07
 138    -8.890e-07
 139    -8.890e-07
 140    -8.890e-07
 141    -8.890e-07
 142    -8.890e-07
 143    -8.890e-07
 144    -8.890e-07
 145    -8.890e-07
 146    -8.890e-07
 147    -8.890e-07
 148    -8.890e-07
 149    -8.890e-07
 150    -8.890e-07
 151    -8.890e-07
 152    -8.890e-07
 153    -8.890e-07
 154    -8.890e-07
 155    -8.890e-07
 156    -8.890e-07
 157    -8.890e-07
 158    -8.890e-07
 159    -8.890e-07
 160    -8.890e-07
 161    -8.890e-07
 162    -8.890e-07
 163    -8.890e-07
 164    -8.890e-07
 165    -8.890e-07
 166    -8.890e-07
 167    -8.890e-07
 168    -8.890e-07
 169    -8.890e-07
 170    -8.890e-07
 171    -8.890e-07
 172    -8.890e-07
 173    -8.890e-07
 174    -8.890e-07
 175    -8.890e-07
 176    -8.890e-07
 177    -8.890e-07
 178    -8.890e-07
 179    -8.890e-07
 180    -8.890e-07
 181    -8.890e-07
 182    -8.890e-07
 183    -8.890e-07
 184    -8.890e-07
 185    -8.890e-07
 186    -8.890e-07
 187    -8.890e-07
 188    -8.890e-07
 189    -8.890e-07
 190    -8.890e-07
 191    -8.890e-07
 192    -8.890e-07
 193    -8.890e-07
 194    -8.890e-07
 195    -8.890e-07
 196    -8.890e-07
 197    -8.890e-07
 198    -8.890e-07
 199    -8.890e-07
 200    -8.890e-07
 201    -8.890e-07
 202    -8.890e-07
 203    -8.890e-07
 204    -8.890e-07
 205    -8.890e-07
 206    -8.890e-07
 207    -8.890e-07
 208    -8.890e-07
 209    -8.890e-07
 210    -8.890e-07
 211    -8.890e-07
 212    -8.890e-07
 213    -8.890e-07
 214    -8.890e-07
 215    -8.890e-07
 216    -8.890e-07
 217    -8.890e-07
 218    -8.890e-07
 219    -8.890e-07
 220    -8.890e-07
 221    -8.890e-07
 222    -8.890e-07
 223    -8.890e-07
 224    -8.890e-07
 225    -8.890e-07
 226    -8.890e-07
 227    -8.890e-07
 228    -8.890e-07
 229    -8.890e-07
 230    -8.890e-07
 231    -8.890e-07
 232    -8.890e-07
 233    -8.890e-07
 234    -8.890e-07
 235    -8.890e-07
 236    -8.890e-07
 237    -8.890e-07
 238    -8.890e-07
 239    -8.890e-07
 240    -8.890e-07
 241    -8.890e-07
 242    -8.890e-07
 243    -8.890e-07
 244    -8.890e-07
 245    -8.890e-07
 246    -8.890e-07
 247    -8.890e-07
 248    -8.890e-07
 249    -8.890e-07
 250    -8.890e-07
 251    -8.890e-07
 252    -8.890e-07
 253    -8.890e-07
 254    -8.890e-07
 255    -8.890e-07
 256    -8.890e-07
 257    -8.890e-07
 258    -8.890e-07
 259    -8.890e-07
 260    -8.890e-07
 261    -8.890e-07
 262    -8.890e-07
 263    -8.890e-07
 264    -8.890e-07
 265    -8.890e-07
 266    -8.890e-07
 267    -8.890e-07
 268    -8.890e-07
 269    -8.890e-07
 270    -8.890e-07
 271    -8.890e-07
 272    -8.890e-07
 273    -8.890e-07
 274    -8.890e-07
 275    -8.890e-07
 276    -8.890e-07
 277    -8.890e-07
 278    -8.890e-07
 279    -8.890e-07
 280    -8.890e-07
 281    -8.890e-07
 282    -8.890e-07
 283    -8.890e-07
 284    -8.890e-07
 285    -8.890e-07
 286    -8.890e-07
 287    -8.890e-07
 288    -8.890e-07
 289    -8.890e-07
 290    -8.890e-07
 291    -8.890e-07
 292    -8.890e-07
 293    -8.890e-07
 294    -8.890e-07
 295    -8.890e-07
 296    -8.890e-07
 297    -8.890e-07
 298    -8.890e-07
 299    -8.890e-07
 300    -8.890e-07
 301    -8.890e-07
 302    -8.890e-07
 303    -8.890e-07
 304    -8.890e-07
 305    -8.890e-07
 306    -8.890e-07
 307    -8.890e-07
 308    -8.890e-07
 309    -8.890e-07
 310    -8.890e-07
 311    -8.890e-07
 312    -8.890e-07
 313    -8.890e-07
 314    -8.890e-07
 315    -8.890e-07
 316    -8.890e-07
 317    -8.890e-07
 318    -8.890e-07
 319    -8.890e-07
 320    -8.890e-07
 321    -8.890e-07
 322    -8.890e-07
 323    -8.890e-07
 324    -8.890e-07
 325    -8.890e-07
 326    -8.890e-07
 327    -8.890e-07
 328    -8.890e-07
 329    -8.890e-07
 330    -8.890e-07
 331    -8.890e-07
 332    -8.890e-07
 333    -8.890e-07
 334    -8.890e-07
 335    -8.890e-07
 336    -8.890e-07
 337    -8.890e-07
 338    -8.890e-07
 339    -8.890e-07
 340    -8.890e-07
 341    -8.890e-07
 342    -8.890e-07
 343    -8.890e-07
 344    -8.890e-07
 345    -8.890e-07
 346    -8.890e-07
 347    -8.890e-07
 348    -8.890e-07
 349    -8.890e-07
 350    -8.890e-07
 351    -8.890e-07
 352    -8.890e-07
 353    -8.890e-07
 354    -8.890e-07
 355    -8.890e-07
 356    -8.890e-07
 357    -8.890e-07
 358    -8.890e-07
 359    -8.890e-07
 360    -8.890e-07
 361    -8.890e-07
 362    -8.890e-07
 363    -8.890e-07
 364    -8.890e-07
 365    -8.890e-07
 366    -8.890e-07
 367    -8.890e-07
 368    -8.890e-07
 369    -8.890e-07
 370    -8.890e-07
 371    -8.890e-07
 372    -8.890e-07
 373    -8.890e-07
 374    -8.890e-07
 375    -8.890e-07
 376    -8.890e-07
 377    -8.890e-07
 378    -8.890e-07
 379    -8.890e-07
 380    -8.890e-07
 381    -8.890e-07
 382    -8.890e-07
 383    -8.890e-07
 384    -8.890e-07
 385    -8.890e-07
 386    -8.890e-07
 387    -8.890e-07
 388    -8.890e-07
 389    -8.890e-07
 390    -8.890e-07
 391    -8.890e-07
 392    -8.890e-07
 393    -8.890e-07
 394    -8.890e-07
 395    -8.890e-07
 396    -8.890e-07
 397    -8.890e-07
 398    -8.890e-07
 399    -8.890e-07
 400    -8.890e-07
 401    -8.890e-07
 402    -8.890e-07
 403    -8.890e-07
 404    -8.890e-07
 405    -8.890e-07
 406    -8.890e-07
 407    -8.890e-07
 408    -8.890e-07
 409    -8.890e-07
 410    -8.890e-07
 411    -8.890e-07
 412    -8.890e-07
 413    -8.890e-07
 414    -8.890e-07
 415    -8.890e-07
 416    -8.890e-07
 417    -8.890e-07
 418    -8.890e-07
 419    -8.890e-07
 420    -8.890e-07
 421    -8.890e-07
 422    -8.890e-07
 423    -8.890e-07
 424    -8.890e-07
 425    -8.890e-07
 426    -8.890e-07
 427    -8.890e-07
 428    -8.890e-07
 429    -8.890e-07
 430    -8.890e-07
 431    -8.890e-07
 432    -8.890e-07
 433    -8.890e-07
 434    -8.890e-07
 435    -8.890e-07
 436    -8.890e-07
 437    -8.890e-07
 438    -8.890e-07
 439    -8.890e-07
 440    -8.890e-07
 441    -8.890e-07
 442    -8.890e-07
 443    -8.890e-07
 444    -8.890e-07
 445    -8.890e-07
 446    -8.890e-07
 447    -8.890e-07
 448    -8.890e-07
 449    -8.890e-07
 450    -8.890e-07
 451    -8.890e-07
 452    -8.890e-07
 453    -8.890e-07
 454    -8.890e-07
 455    -8.890e-07
 456    -8.890e-07
 457    -8.890e-07
 458    -8.890e-07
 459    -8.890e-07
 460    -8.890e-07
 461    -8.890e-07
 462    -8.890e-07
 463    -8.890e-07
 464    -8.890e-07
 465    -8.890e-07
 466    -8.890e-07
 467    -8.890e-07
 468    -8.890e-07
 469    -8.890e-07
 470    -8.890e-07
 471    -8.890e-07
 472    -8.890e-07
 473    -8.890e-07
 474    -8.890e-07
 475    -8.890e-07
 476    -8.890e-07
 477    -8.890e-07
 478    -8.890e-07
 479    -8.890e-07
 480    -8.890e-07
 481    -8.890e-07
 482    -8.890e-07
 483    -8.890e-07
 484    -8.890e-07
 485    -8.890e-07
 486    -8.890e-07
 487    -8.890e-07
 488    -8.890e-07
 489    -8.890e-07
 490    -8.890e-07
 491    -8.890e-07
 492    -8.890e-07
 493    -8.890e-07
 494    -8.890e-07
 495    -8.890e-07
 496    -8.890e-07
 497    -8.890e-07
 498    -8.890e-07
 499    -8.890e-07
 500    -8.890e-07
!Created by ./stackanalysis_v4.pl in Users/M23_1093_cJ715YG
