!       **** Bootstrap Histogram for 500_2000 ************
!           From       To        Ctr        Freq     Cum.
         -8.958e-07 -8.929e-07 -8.944e-07     0       0
         -8.929e-07 -8.901e-07 -8.915e-07     0       0
         -8.901e-07 -8.873e-07 -8.887e-07   500     500
         -8.873e-07 -8.844e-07 -8.858e-07     0     500
         -8.844e-07 -8.816e-07 -8.830e-07     0     500
         -8.816e-07 -8.787e-07 -8.801e-07     0     500
         -8.787e-07 -8.759e-07 -8.773e-07     0     500
         -8.759e-07 -8.730e-07 -8.744e-07     0     500
         -8.730e-07 -8.702e-07 -8.716e-07     0     500
         -8.702e-07 -8.673e-07 -8.688e-07     0     500
         -8.673e-07 -8.645e-07 -8.659e-07     0     500
         -8.645e-07 -8.616e-07 -8.631e-07     0     500
         -8.616e-07 -8.588e-07 -8.602e-07     0     500
         -8.588e-07 -8.559e-07 -8.574e-07     0     500
         -8.559e-07 -8.531e-07 -8.545e-07     0     500
         -8.531e-07 -8.502e-07 -8.517e-07     0     500
         -8.502e-07 -8.474e-07 -8.488e-07     0     500
         -8.474e-07 -8.446e-07 -8.460e-07     0     500
         -8.446e-07 -8.417e-07 -8.431e-07     0     500
         -8.417e-07 -8.389e-07 -8.403e-07     0     500
         -8.389e-07 -8.360e-07 -8.374e-07     0     500
         -8.360e-07 -8.332e-07 -8.346e-07     0     500
         -8.332e-07 -8.303e-07 -8.317e-07     0     500
         -8.303e-07 -8.275e-07 -8.289e-07     0     500
         -8.275e-07 -8.246e-07 -8.261e-07     0     500
         -8.246e-07 -8.218e-07 -8.232e-07     0     500
!Created by ./stackanalysis_v4.pl in Users/M23_1093_cJ715YG
