!Sorted Bootstrap Resuls for 2000_8000
!No     rate_boot
   1    -2.400e-06
   2    -2.400e-06
   3    -2.400e-06
   4    -2.400e-06
   5    -2.400e-06
   6    -2.400e-06
   7    -2.400e-06
   8    -2.400e-06
   9    -2.400e-06
  10    -2.400e-06
  11    -2.400e-06
  12    -2.400e-06
  13    -2.400e-06
  14    -2.400e-06
  15    -2.400e-06
  16    -2.400e-06
  17    -2.400e-06
  18    -2.400e-06
  19    -2.400e-06
  20    -2.400e-06
  21    -2.400e-06
  22    -2.400e-06
  23    -2.400e-06
  24    -2.400e-06
  25    -2.400e-06
  26    -2.400e-06
  27    -2.400e-06
  28    -2.400e-06
  29    -2.400e-06
  30    -2.400e-06
  31    -2.400e-06
  32    -2.400e-06
  33    -2.400e-06
  34    -2.400e-06
  35    -2.400e-06
  36    -2.400e-06
  37    -2.400e-06
  38    -2.400e-06
  39    -2.400e-06
  40    -2.400e-06
  41    -2.400e-06
  42    -2.400e-06
  43    -2.400e-06
  44    -2.400e-06
  45    -2.400e-06
  46    -2.400e-06
  47    -2.400e-06
  48    -2.400e-06
  49    -2.400e-06
  50    -2.400e-06
  51    -2.400e-06
  52    -2.400e-06
  53    -2.400e-06
  54    -2.400e-06
  55    -2.400e-06
  56    -2.400e-06
  57    -2.400e-06
  58    -2.400e-06
  59    -2.400e-06
  60    -2.400e-06
  61    -2.400e-06
  62    -2.400e-06
  63    -2.400e-06
  64    -2.400e-06
  65    -2.400e-06
  66    -2.400e-06
  67    -2.400e-06
  68    -2.400e-06
  69    -2.400e-06
  70    -2.400e-06
  71    -2.400e-06
  72    -2.400e-06
  73    -2.400e-06
  74    -2.400e-06
  75    -2.400e-06
  76    -2.400e-06
  77    -2.400e-06
  78    -2.400e-06
  79    -2.400e-06
  80    -2.400e-06
  81    -2.400e-06
  82    -2.400e-06
  83    -2.400e-06
  84    -2.400e-06
  85    -2.400e-06
  86    -2.400e-06
  87    -2.400e-06
  88    -2.400e-06
  89    -2.400e-06
  90    -2.400e-06
  91    -2.400e-06
  92    -2.400e-06
  93    -2.400e-06
  94    -2.400e-06
  95    -2.400e-06
  96    -2.400e-06
  97    -2.400e-06
  98    -2.400e-06
  99    -2.400e-06
 100    -2.400e-06
 101    -2.400e-06
 102    -2.400e-06
 103    -2.400e-06
 104    -2.400e-06
 105    -2.400e-06
 106    -2.400e-06
 107    -2.400e-06
 108    -2.400e-06
 109    -2.400e-06
 110    -2.400e-06
 111    -2.400e-06
 112    -2.400e-06
 113    -2.400e-06
 114    -2.400e-06
 115    -2.400e-06
 116    -2.400e-06
 117    -2.400e-06
 118    -2.400e-06
 119    -2.400e-06
 120    -2.400e-06
 121    -2.400e-06
 122    -2.400e-06
 123    -2.400e-06
 124    -2.400e-06
 125    -2.400e-06
 126    -2.400e-06
 127    -2.400e-06
 128    -2.400e-06
 129    -2.400e-06
 130    -2.400e-06
 131    -2.400e-06
 132    -2.400e-06
 133    -2.400e-06
 134    -2.400e-06
 135    -2.400e-06
 136    -2.400e-06
 137    -2.400e-06
 138    -2.400e-06
 139    -2.400e-06
 140    -2.400e-06
 141    -2.400e-06
 142    -2.400e-06
 143    -2.400e-06
 144    -2.400e-06
 145    -2.400e-06
 146    -2.400e-06
 147    -2.400e-06
 148    -2.400e-06
 149    -2.400e-06
 150    -2.400e-06
 151    -2.400e-06
 152    -2.400e-06
 153    -2.400e-06
 154    -2.400e-06
 155    -2.400e-06
 156    -2.400e-06
 157    -2.400e-06
 158    -2.400e-06
 159    -2.400e-06
 160    -2.400e-06
 161    -2.400e-06
 162    -2.400e-06
 163    -2.400e-06
 164    -2.400e-06
 165    -2.400e-06
 166    -2.400e-06
 167    -2.400e-06
 168    -2.400e-06
 169    -2.400e-06
 170    -2.400e-06
 171    -2.400e-06
 172    -2.400e-06
 173    -2.400e-06
 174    -2.400e-06
 175    -2.400e-06
 176    -2.400e-06
 177    -2.400e-06
 178    -2.400e-06
 179    -2.400e-06
 180    -2.400e-06
 181    -2.400e-06
 182    -2.400e-06
 183    -2.400e-06
 184    -2.400e-06
 185    -2.400e-06
 186    -2.400e-06
 187    -2.400e-06
 188    -2.400e-06
 189    -2.400e-06
 190    -2.400e-06
 191    -2.400e-06
 192    -2.400e-06
 193    -2.400e-06
 194    -2.400e-06
 195    -2.400e-06
 196    -2.400e-06
 197    -2.400e-06
 198    -2.400e-06
 199    -2.400e-06
 200    -2.400e-06
 201    -2.400e-06
 202    -2.400e-06
 203    -2.400e-06
 204    -2.400e-06
 205    -2.400e-06
 206    -2.400e-06
 207    -2.400e-06
 208    -2.400e-06
 209    -2.400e-06
 210    -2.400e-06
 211    -2.400e-06
 212    -2.400e-06
 213    -2.400e-06
 214    -2.400e-06
 215    -2.400e-06
 216    -2.400e-06
 217    -2.400e-06
 218    -2.400e-06
 219    -2.400e-06
 220    -2.400e-06
 221    -2.400e-06
 222    -2.400e-06
 223    -2.400e-06
 224    -2.400e-06
 225    -2.400e-06
 226    -2.400e-06
 227    -2.400e-06
 228    -2.400e-06
 229    -2.400e-06
 230    -2.400e-06
 231    -2.400e-06
 232    -2.400e-06
 233    -2.400e-06
 234    -2.400e-06
 235    -2.400e-06
 236    -2.400e-06
 237    -2.400e-06
 238    -2.400e-06
 239    -2.400e-06
 240    -2.400e-06
 241    -2.400e-06
 242    -2.400e-06
 243    -2.400e-06
 244    -2.400e-06
 245    -2.400e-06
 246    -2.400e-06
 247    -2.400e-06
 248    -2.400e-06
 249    -2.400e-06
 250    -2.400e-06
 251    -2.400e-06
 252    -2.400e-06
 253    -2.400e-06
 254    -2.400e-06
 255    -2.400e-06
 256    -2.400e-06
 257    -2.400e-06
 258    -2.400e-06
 259    -2.400e-06
 260    -2.400e-06
 261    -2.400e-06
 262    -2.400e-06
 263    -2.400e-06
 264    -2.400e-06
 265    -2.400e-06
 266    -2.400e-06
 267    -2.400e-06
 268    -2.400e-06
 269    -2.400e-06
 270    -2.400e-06
 271    -2.400e-06
 272    -2.400e-06
 273    -2.400e-06
 274    -2.400e-06
 275    -2.400e-06
 276    -2.400e-06
 277    -2.400e-06
 278    -2.400e-06
 279    -2.400e-06
 280    -2.400e-06
 281    -2.400e-06
 282    -2.400e-06
 283    -2.400e-06
 284    -2.400e-06
 285    -2.400e-06
 286    -2.400e-06
 287    -2.400e-06
 288    -2.400e-06
 289    -2.400e-06
 290    -2.400e-06
 291    -2.400e-06
 292    -2.400e-06
 293    -2.400e-06
 294    -2.400e-06
 295    -2.400e-06
 296    -2.400e-06
 297    -2.400e-06
 298    -2.400e-06
 299    -2.400e-06
 300    -2.400e-06
 301    -2.400e-06
 302    -2.400e-06
 303    -2.400e-06
 304    -2.400e-06
 305    -2.400e-06
 306    -2.400e-06
 307    -2.400e-06
 308    -2.400e-06
 309    -2.400e-06
 310    -2.400e-06
 311    -2.400e-06
 312    -2.400e-06
 313    -2.400e-06
 314    -2.400e-06
 315    -2.400e-06
 316    -2.400e-06
 317    -2.400e-06
 318    -2.400e-06
 319    -2.400e-06
 320    -2.400e-06
 321    -2.400e-06
 322    -2.400e-06
 323    -2.400e-06
 324    -2.400e-06
 325    -2.400e-06
 326    -2.400e-06
 327    -2.400e-06
 328    -2.400e-06
 329    -2.400e-06
 330    -2.400e-06
 331    -2.400e-06
 332    -2.400e-06
 333    -2.400e-06
 334    -2.400e-06
 335    -2.400e-06
 336    -2.400e-06
 337    -2.400e-06
 338    -2.400e-06
 339    -2.400e-06
 340    -2.400e-06
 341    -2.400e-06
 342    -2.400e-06
 343    -2.400e-06
 344    -2.400e-06
 345    -2.400e-06
 346    -2.400e-06
 347    -2.400e-06
 348    -2.400e-06
 349    -2.400e-06
 350    -2.400e-06
 351    -2.400e-06
 352    -2.400e-06
 353    -2.400e-06
 354    -2.400e-06
 355    -2.400e-06
 356    -2.400e-06
 357    -2.400e-06
 358    -2.400e-06
 359    -2.400e-06
 360    -2.400e-06
 361    -2.400e-06
 362    -2.400e-06
 363    -2.400e-06
 364    -2.400e-06
 365    -2.400e-06
 366    -2.400e-06
 367    -2.400e-06
 368    -2.400e-06
 369    -2.400e-06
 370    -2.400e-06
 371    -2.400e-06
 372    -2.400e-06
 373    -2.400e-06
 374    -2.400e-06
 375    -2.400e-06
 376    -2.400e-06
 377    -2.400e-06
 378    -2.400e-06
 379    -2.400e-06
 380    -2.400e-06
 381    -2.400e-06
 382    -2.400e-06
 383    -2.400e-06
 384    -2.400e-06
 385    -2.400e-06
 386    -2.400e-06
 387    -2.400e-06
 388    -2.400e-06
 389    -2.400e-06
 390    -2.400e-06
 391    -2.400e-06
 392    -2.400e-06
 393    -2.400e-06
 394    -2.400e-06
 395    -2.400e-06
 396    -2.400e-06
 397    -2.400e-06
 398    -2.400e-06
 399    -2.400e-06
 400    -2.400e-06
 401    -2.400e-06
 402    -2.400e-06
 403    -2.400e-06
 404    -2.400e-06
 405    -2.400e-06
 406    -2.400e-06
 407    -2.400e-06
 408    -2.400e-06
 409    -2.400e-06
 410    -2.400e-06
 411    -2.400e-06
 412    -2.400e-06
 413    -2.400e-06
 414    -2.400e-06
 415    -2.400e-06
 416    -2.400e-06
 417    -2.400e-06
 418    -2.400e-06
 419    -2.400e-06
 420    -2.400e-06
 421    -2.400e-06
 422    -2.400e-06
 423    -2.400e-06
 424    -2.400e-06
 425    -2.400e-06
 426    -2.400e-06
 427    -2.400e-06
 428    -2.400e-06
 429    -2.400e-06
 430    -2.400e-06
 431    -2.400e-06
 432    -2.400e-06
 433    -2.400e-06
 434    -2.400e-06
 435    -2.400e-06
 436    -2.400e-06
 437    -2.400e-06
 438    -2.400e-06
 439    -2.400e-06
 440    -2.400e-06
 441    -2.400e-06
 442    -2.400e-06
 443    -2.400e-06
 444    -2.400e-06
 445    -2.400e-06
 446    -2.400e-06
 447    -2.400e-06
 448    -2.400e-06
 449    -2.400e-06
 450    -2.400e-06
 451    -2.400e-06
 452    -2.400e-06
 453    -2.400e-06
 454    -2.400e-06
 455    -2.400e-06
 456    -2.400e-06
 457    -2.400e-06
 458    -2.400e-06
 459    -2.400e-06
 460    -2.400e-06
 461    -2.400e-06
 462    -2.400e-06
 463    -2.400e-06
 464    -2.400e-06
 465    -2.400e-06
 466    -2.400e-06
 467    -2.400e-06
 468    -2.400e-06
 469    -2.400e-06
 470    -2.400e-06
 471    -2.400e-06
 472    -2.400e-06
 473    -2.400e-06
 474    -2.400e-06
 475    -2.400e-06
 476    -2.400e-06
 477    -2.400e-06
 478    -2.400e-06
 479    -2.400e-06
 480    -2.400e-06
 481    -2.400e-06
 482    -2.400e-06
 483    -2.400e-06
 484    -2.400e-06
 485    -2.400e-06
 486    -2.400e-06
 487    -2.400e-06
 488    -2.400e-06
 489    -2.400e-06
 490    -2.400e-06
 491    -2.400e-06
 492    -2.400e-06
 493    -2.400e-06
 494    -2.400e-06
 495    -2.400e-06
 496    -2.400e-06
 497    -2.400e-06
 498    -2.400e-06
 499    -2.400e-06
 500    -2.400e-06
!Created by ./stackanalysis_v4.pl in Users/M23_954_Gd550zi
